
**** Build of configuration Debug for project Laboratorio9 ****

"C:\\ti\\ccs1110\\ccs\\utils\\bin\\gmake" -k -j 4 all -O 
 
Building file: "../main.c"
Invoking: Arm Compiler
"C:/ti/ccs1110/ccs/tools/compiler/ti-cgt-arm_20.2.6.LTS/bin/armcl" -mv7M4 --code_state=16 --float_support=FPv4SPD16 -me --include_path="C:/Users/isaac/OneDrive/Documentos/CCS2022/Laboratorio9" --include_path="C:/ti/ccs1110/ccs/tools/compiler/ti-cgt-arm_20.2.6.LTS/include" --define=ccs="ccs" --define=PART_TM4C123GH6PM -g --gcc --diag_warning=225 --diag_wrap=off --display_error_number --abi=eabi --preproc_with_compile --preproc_dependency="main.d_raw"  "../main.c"
 
>> Compilation failure
subdir_rules.mk:9: recipe for target 'main.obj' failed
"../main.c", line 5: fatal error #1965: cannot open source file "inc/tm4c123gh6pm.h"
1 catastrophic error detected in the compilation of "../main.c".
Compilation terminated.
gmake: *** [main.obj] Error 1
Building file: "../tm4c123gh6pm_startup_ccs.c"
Invoking: Arm Compiler
"C:/ti/ccs1110/ccs/tools/compiler/ti-cgt-arm_20.2.6.LTS/bin/armcl" -mv7M4 --code_state=16 --float_support=FPv4SPD16 -me --include_path="C:/Users/isaac/OneDrive/Documentos/CCS2022/Laboratorio9" --include_path="C:/ti/ccs1110/ccs/tools/compiler/ti-cgt-arm_20.2.6.LTS/include" --define=ccs="ccs" --define=PART_TM4C123GH6PM -g --gcc --diag_warning=225 --diag_wrap=off --display_error_number --abi=eabi --preproc_with_compile --preproc_dependency="tm4c123gh6pm_startup_ccs.d_raw"  "../tm4c123gh6pm_startup_ccs.c"
Finished building: "../tm4c123gh6pm_startup_ccs.c"
 
gmake: Target 'all' not remade because of errors.

**** Build Finished ****

**** Build of configuration Debug for project Laboratorio9 ****

"C:\\ti\\ccs1110\\ccs\\utils\\bin\\gmake" -k -j 4 all -O 
 
Building file: "../tm4c123gh6pm_startup_ccs.c"
Invoking: Arm Compiler
"C:/ti/ccs1110/ccs/tools/compiler/ti-cgt-arm_20.2.6.LTS/bin/armcl" -mv7M4 --code_state=16 --float_support=FPv4SPD16 -me --include_path="C:/Users/isaac/OneDrive/Documentos/CCS2022/Laboratorio9" --include_path="C:/ti/TivaWare_C_Series-2.1.4.178" --include_path="C:/ti/ccs1110/ccs/tools/compiler/ti-cgt-arm_20.2.6.LTS/include" --define=ccs="ccs" --define=TARGET_IS_TM4C123_RB1 --define=PART_TM4C123GH6PM -g --gcc --diag_warning=225 --diag_wrap=off --display_error_number --abi=eabi --preproc_with_compile --preproc_dependency="tm4c123gh6pm_startup_ccs.d_raw"  "../tm4c123gh6pm_startup_ccs.c"
Finished building: "../tm4c123gh6pm_startup_ccs.c"
 
Building file: "../main.c"
Invoking: Arm Compiler
"C:/ti/ccs1110/ccs/tools/compiler/ti-cgt-arm_20.2.6.LTS/bin/armcl" -mv7M4 --code_state=16 --float_support=FPv4SPD16 -me --include_path="C:/Users/isaac/OneDrive/Documentos/CCS2022/Laboratorio9" --include_path="C:/ti/TivaWare_C_Series-2.1.4.178" --include_path="C:/ti/ccs1110/ccs/tools/compiler/ti-cgt-arm_20.2.6.LTS/include" --define=ccs="ccs" --define=TARGET_IS_TM4C123_RB1 --define=PART_TM4C123GH6PM -g --gcc --diag_warning=225 --diag_wrap=off --display_error_number --abi=eabi --preproc_with_compile --preproc_dependency="main.d_raw"  "../main.c"
Finished building: "../main.c"
 
Building target: "Laboratorio9.out"
Invoking: Arm Linker
"C:/ti/ccs1110/ccs/tools/compiler/ti-cgt-arm_20.2.6.LTS/bin/armcl" -mv7M4 --code_state=16 --float_support=FPv4SPD16 -me --define=ccs="ccs" --define=TARGET_IS_TM4C123_RB1 --define=PART_TM4C123GH6PM -g --gcc --diag_warning=225 --diag_wrap=off --display_error_number --abi=eabi -z -m"Laboratorio9.map" --heap_size=0 --stack_size=512 -i"C:/ti/ccs1110/ccs/tools/compiler/ti-cgt-arm_20.2.6.LTS/lib" -i"C:/ti/ccs1110/ccs/tools/compiler/ti-cgt-arm_20.2.6.LTS/include" --reread_libs --diag_wrap=off --display_error_number --warn_sections --xml_link_info="Laboratorio9_linkInfo.xml" --rom_model -o "Laboratorio9.out" "./main.obj" "./tm4c123gh6pm_startup_ccs.obj" "C:/ti/TivaWare_C_Series-2.1.4.178/driverlib/ccs/Debug/driverlib.lib" "../tm4c123gh6pm.cmd"  -llibc.a 
<Linking>
Finished building target: "Laboratorio9.out"
 

**** Build Finished ****

**** Build of configuration Debug for project Laboratorio9 ****

"C:\\ti\\ccs1110\\ccs\\utils\\bin\\gmake" -k -j 4 all -O 
 
Building file: "../adc_timer_uart_startup_ccs.c"
Invoking: Arm Compiler
"C:/ti/ccs1110/ccs/tools/compiler/ti-cgt-arm_20.2.6.LTS/bin/armcl" -mv7M4 --code_state=16 --float_support=FPv4SPD16 -me --include_path="C:/Users/isaac/OneDrive/Documentos/CCS2022/Laboratorio9" --include_path="C:/ti/TivaWare_C_Series-2.1.4.178" --include_path="C:/ti/ccs1110/ccs/tools/compiler/ti-cgt-arm_20.2.6.LTS/include" --define=ccs="ccs" --define=TARGET_IS_TM4C123_RB1 --define=PART_TM4C123GH6PM -g --gcc --diag_warning=225 --diag_wrap=off --display_error_number --abi=eabi --preproc_with_compile --preproc_dependency="adc_timer_uart_startup_ccs.d_raw"  "../adc_timer_uart_startup_ccs.c"
Finished building: "../adc_timer_uart_startup_ccs.c"
 
Building file: "../adc_timer_uart.c"
Invoking: Arm Compiler
"C:/ti/ccs1110/ccs/tools/compiler/ti-cgt-arm_20.2.6.LTS/bin/armcl" -mv7M4 --code_state=16 --float_support=FPv4SPD16 -me --include_path="C:/Users/isaac/OneDrive/Documentos/CCS2022/Laboratorio9" --include_path="C:/ti/TivaWare_C_Series-2.1.4.178" --include_path="C:/ti/ccs1110/ccs/tools/compiler/ti-cgt-arm_20.2.6.LTS/include" --define=ccs="ccs" --define=TARGET_IS_TM4C123_RB1 --define=PART_TM4C123GH6PM -g --gcc --diag_warning=225 --diag_wrap=off --display_error_number --abi=eabi --preproc_with_compile --preproc_dependency="adc_timer_uart.d_raw"  "../adc_timer_uart.c"
Finished building: "../adc_timer_uart.c"
 
Building target: "Laboratorio9.out"
Invoking: Arm Linker
"C:/ti/ccs1110/ccs/tools/compiler/ti-cgt-arm_20.2.6.LTS/bin/armcl" -mv7M4 --code_state=16 --float_support=FPv4SPD16 -me --define=ccs="ccs" --define=TARGET_IS_TM4C123_RB1 --define=PART_TM4C123GH6PM -g --gcc --diag_warning=225 --diag_wrap=off --display_error_number --abi=eabi -z -m"Laboratorio9.map" --heap_size=0 --stack_size=512 -i"C:/ti/ccs1110/ccs/tools/compiler/ti-cgt-arm_20.2.6.LTS/lib" -i"C:/ti/ccs1110/ccs/tools/compiler/ti-cgt-arm_20.2.6.LTS/include" --reread_libs --diag_wrap=off --display_error_number --warn_sections --xml_link_info="Laboratorio9_linkInfo.xml" --rom_model -o "Laboratorio9.out" "./adc_timer_uart.obj" "./adc_timer_uart_startup_ccs.obj" "C:/ti/TivaWare_C_Series-2.1.4.178/driverlib/ccs/Debug/driverlib.lib" "../tm4c123gh6pm.cmd"  -llibc.a 
<Linking>
 
 undefined       first referenced    
  symbol             in file         
 ---------       ----------------    
 UARTStdioConfig ./adc_timer_uart.obj
 UARTprintf      ./adc_timer_uart.obj
 
error #10234-D: unresolved symbols remain
error #10010: errors encountered during linking; "Laboratorio9.out" not built
 
>> Compilation failure
makefile:143: recipe for target 'Laboratorio9.out' failed
gmake[1]: *** [Laboratorio9.out] Error 1
makefile:139: recipe for target 'all' failed
gmake: *** [all] Error 2

**** Build Finished ****

**** Build of configuration Debug for project Laboratorio9 ****

"C:\\ti\\ccs1110\\ccs\\utils\\bin\\gmake" -k -j 4 all -O 
 
Building file: "../uartstdio.c"
Invoking: Arm Compiler
"C:/ti/ccs1110/ccs/tools/compiler/ti-cgt-arm_20.2.6.LTS/bin/armcl" -mv7M4 --code_state=16 --float_support=FPv4SPD16 -me --include_path="C:/Users/isaac/OneDrive/Documentos/CCS2022/Laboratorio9" --include_path="C:/ti/TivaWare_C_Series-2.1.4.178" --include_path="C:/ti/ccs1110/ccs/tools/compiler/ti-cgt-arm_20.2.6.LTS/include" --define=ccs="ccs" --define=TARGET_IS_TM4C123_RB1 --define=PART_TM4C123GH6PM -g --gcc --diag_warning=225 --diag_wrap=off --display_error_number --abi=eabi --preproc_with_compile --preproc_dependency="uartstdio.d_raw"  "../uartstdio.c"
Finished building: "../uartstdio.c"
 
Building target: "Laboratorio9.out"
Invoking: Arm Linker
"C:/ti/ccs1110/ccs/tools/compiler/ti-cgt-arm_20.2.6.LTS/bin/armcl" -mv7M4 --code_state=16 --float_support=FPv4SPD16 -me --define=ccs="ccs" --define=TARGET_IS_TM4C123_RB1 --define=PART_TM4C123GH6PM -g --gcc --diag_warning=225 --diag_wrap=off --display_error_number --abi=eabi -z -m"Laboratorio9.map" --heap_size=0 --stack_size=512 -i"C:/ti/ccs1110/ccs/tools/compiler/ti-cgt-arm_20.2.6.LTS/lib" -i"C:/ti/ccs1110/ccs/tools/compiler/ti-cgt-arm_20.2.6.LTS/include" --reread_libs --diag_wrap=off --display_error_number --warn_sections --xml_link_info="Laboratorio9_linkInfo.xml" --rom_model -o "Laboratorio9.out" "./adc_timer_uart.obj" "./adc_timer_uart_startup_ccs.obj" "./uartstdio.obj" "C:/ti/TivaWare_C_Series-2.1.4.178/driverlib/ccs/Debug/driverlib.lib" "../tm4c123gh6pm.cmd"  -llibc.a 
<Linking>
Finished building target: "Laboratorio9.out"
 

**** Build Finished ****

**** Build of configuration Debug for project Laboratorio9 ****

"C:\\ti\\ccs1110\\ccs\\utils\\bin\\gmake" -k -j 4 all -O 
 
Building file: "../adc_timer_uart.c"
Invoking: Arm Compiler
"C:/ti/ccs1110/ccs/tools/compiler/ti-cgt-arm_20.2.6.LTS/bin/armcl" -mv7M4 --code_state=16 --float_support=FPv4SPD16 -me --include_path="C:/Users/isaac/OneDrive/Documentos/CCS2022/Laboratorio9" --include_path="C:/ti/TivaWare_C_Series-2.1.4.178" --include_path="C:/ti/ccs1110/ccs/tools/compiler/ti-cgt-arm_20.2.6.LTS/include" --define=ccs="ccs" --define=TARGET_IS_TM4C123_RB1 --define=PART_TM4C123GH6PM -g --gcc --diag_warning=225 --diag_wrap=off --display_error_number --abi=eabi --preproc_with_compile --preproc_dependency="adc_timer_uart.d_raw"  "../adc_timer_uart.c"
Finished building: "../adc_timer_uart.c"
 
Building target: "Laboratorio9.out"
Invoking: Arm Linker
"C:/ti/ccs1110/ccs/tools/compiler/ti-cgt-arm_20.2.6.LTS/bin/armcl" -mv7M4 --code_state=16 --float_support=FPv4SPD16 -me --define=ccs="ccs" --define=TARGET_IS_TM4C123_RB1 --define=PART_TM4C123GH6PM -g --gcc --diag_warning=225 --diag_wrap=off --display_error_number --abi=eabi -z -m"Laboratorio9.map" --heap_size=0 --stack_size=512 -i"C:/ti/ccs1110/ccs/tools/compiler/ti-cgt-arm_20.2.6.LTS/lib" -i"C:/ti/ccs1110/ccs/tools/compiler/ti-cgt-arm_20.2.6.LTS/include" --reread_libs --diag_wrap=off --display_error_number --warn_sections --xml_link_info="Laboratorio9_linkInfo.xml" --rom_model -o "Laboratorio9.out" "./adc_timer_uart.obj" "./adc_timer_uart_startup_ccs.obj" "./uartstdio.obj" "C:/ti/TivaWare_C_Series-2.1.4.178/driverlib/ccs/Debug/driverlib.lib" "../tm4c123gh6pm.cmd"  -llibc.a 
<Linking>
Finished building target: "Laboratorio9.out"
 

**** Build Finished ****

**** Build of configuration Debug for project Laboratorio9 ****

"C:\\ti\\ccs1110\\ccs\\utils\\bin\\gmake" -k -j 4 all -O 
 
gmake[1]: 'Laboratorio9.out' is up to date.

**** Build Finished ****

**** Clean-only build of configuration Debug for project Laboratorio11 ****

"C:\\ti\\ccs1110\\ccs\\utils\\bin\\gmake" -k -j 4 clean -O 
 
DEL /F  "Laboratorio11.hex"  "Laboratorio11.out" 
DEL /F "adc_timer_uart.obj" "adc_timer_uart_startup_ccs.obj" "uartstdio.obj" 
DEL /F "adc_timer_uart.d" "adc_timer_uart_startup_ccs.d" "uartstdio.d" 
No se pudo encontrar C:\Users\isaac\OneDrive\Documentos\CCS2022\Laboratorio11\Debug\Laboratorio11.hex
Finished clean
 

**** Build Finished ****

**** Build of configuration Debug for project Laboratorio11 ****

"C:\\ti\\ccs1110\\ccs\\utils\\bin\\gmake" -k -j 4 all -O 
 
Building file: "../adc_timer_uart.c"
Invoking: Arm Compiler
"C:/ti/ccs1110/ccs/tools/compiler/ti-cgt-arm_20.2.6.LTS/bin/armcl" -mv7M4 --code_state=16 --float_support=FPv4SPD16 -me --include_path="C:/Users/isaac/OneDrive/Documentos/CCS2022/Laboratorio11" --include_path="C:/ti/TivaWare_C_Series-2.1.4.178" --include_path="C:/ti/ccs1110/ccs/tools/compiler/ti-cgt-arm_20.2.6.LTS/include" --define=ccs="ccs" --define=TARGET_IS_TM4C123_RB1 --define=PART_TM4C123GH6PM -g --gcc --diag_warning=225 --diag_wrap=off --display_error_number --abi=eabi --preproc_with_compile --preproc_dependency="adc_timer_uart.d_raw"  "../adc_timer_uart.c"
 
>> Compilation failure
subdir_rules.mk:9: recipe for target 'adc_timer_uart.obj' failed
"../adc_timer_uart.c", line 129: error #20: identifier "x1_n" is undefined
"../adc_timer_uart.c", line 132: error #20: identifier "y1_n" is undefined
"../adc_timer_uart.c", line 132: error #20: identifier "landa1" is undefined
"../adc_timer_uart.c", line 132: error #20: identifier "y1_n_1" is undefined
"../adc_timer_uart.c", line 186: warning #179-D: variable "x1_n" was declared but never referenced
"../adc_timer_uart.c", line 187: warning #179-D: variable "y1_n" was declared but never referenced
"../adc_timer_uart.c", line 188: warning #179-D: variable "x1_n_1" was declared but never referenced
"../adc_timer_uart.c", line 189: warning #179-D: variable "y1_n_1" was declared but never referenced
4 errors detected in the compilation of "../adc_timer_uart.c".
gmake: *** [adc_timer_uart.obj] Error 1
Building file: "../adc_timer_uart_startup_ccs.c"
Invoking: Arm Compiler
"C:/ti/ccs1110/ccs/tools/compiler/ti-cgt-arm_20.2.6.LTS/bin/armcl" -mv7M4 --code_state=16 --float_support=FPv4SPD16 -me --include_path="C:/Users/isaac/OneDrive/Documentos/CCS2022/Laboratorio11" --include_path="C:/ti/TivaWare_C_Series-2.1.4.178" --include_path="C:/ti/ccs1110/ccs/tools/compiler/ti-cgt-arm_20.2.6.LTS/include" --define=ccs="ccs" --define=TARGET_IS_TM4C123_RB1 --define=PART_TM4C123GH6PM -g --gcc --diag_warning=225 --diag_wrap=off --display_error_number --abi=eabi --preproc_with_compile --preproc_dependency="adc_timer_uart_startup_ccs.d_raw"  "../adc_timer_uart_startup_ccs.c"
Finished building: "../adc_timer_uart_startup_ccs.c"
 
Building file: "../uartstdio.c"
Invoking: Arm Compiler
"C:/ti/ccs1110/ccs/tools/compiler/ti-cgt-arm_20.2.6.LTS/bin/armcl" -mv7M4 --code_state=16 --float_support=FPv4SPD16 -me --include_path="C:/Users/isaac/OneDrive/Documentos/CCS2022/Laboratorio11" --include_path="C:/ti/TivaWare_C_Series-2.1.4.178" --include_path="C:/ti/ccs1110/ccs/tools/compiler/ti-cgt-arm_20.2.6.LTS/include" --define=ccs="ccs" --define=TARGET_IS_TM4C123_RB1 --define=PART_TM4C123GH6PM -g --gcc --diag_warning=225 --diag_wrap=off --display_error_number --abi=eabi --preproc_with_compile --preproc_dependency="uartstdio.d_raw"  "../uartstdio.c"
Finished building: "../uartstdio.c"
 
gmake: Target 'all' not remade because of errors.

**** Build Finished ****

**** Build of configuration Debug for project Laboratorio11 ****

"C:\\ti\\ccs1110\\ccs\\utils\\bin\\gmake" -k -j 4 all -O 
 
Building file: "../adc_timer_uart.c"
Invoking: Arm Compiler
"C:/ti/ccs1110/ccs/tools/compiler/ti-cgt-arm_20.2.6.LTS/bin/armcl" -mv7M4 --code_state=16 --float_support=FPv4SPD16 -me --include_path="C:/Users/isaac/OneDrive/Documentos/CCS2022/Laboratorio11" --include_path="C:/ti/TivaWare_C_Series-2.1.4.178" --include_path="C:/ti/ccs1110/ccs/tools/compiler/ti-cgt-arm_20.2.6.LTS/include" --define=ccs="ccs" --define=TARGET_IS_TM4C123_RB1 --define=PART_TM4C123GH6PM -g --gcc --diag_warning=225 --diag_wrap=off --display_error_number --abi=eabi --preproc_with_compile --preproc_dependency="adc_timer_uart.d_raw"  "../adc_timer_uart.c"
 
>> Compilation failure
subdir_rules.mk:9: recipe for target 'adc_timer_uart.obj' failed
"../adc_timer_uart.c", line 129: error #20: identifier "x1_n" is undefined
"../adc_timer_uart.c", line 132: error #20: identifier "y1_n" is undefined
"../adc_timer_uart.c", line 132: error #20: identifier "landa1" is undefined
"../adc_timer_uart.c", line 132: error #20: identifier "y1_n_1" is undefined
"../adc_timer_uart.c", line 186: warning #179-D: variable "x1_n" was declared but never referenced
"../adc_timer_uart.c", line 187: warning #179-D: variable "y1_n" was declared but never referenced
"../adc_timer_uart.c", line 188: warning #179-D: variable "x1_n_1" was declared but never referenced
"../adc_timer_uart.c", line 189: warning #179-D: variable "y1_n_1" was declared but never referenced
"../adc_timer_uart.c", line 190: warning #179-D: variable "landa1" was declared but never referenced
4 errors detected in the compilation of "../adc_timer_uart.c".
gmake: *** [adc_timer_uart.obj] Error 1
gmake: Target 'all' not remade because of errors.

**** Build Finished ****

**** Build of configuration Debug for project Laboratorio11 ****

"C:\\ti\\ccs1110\\ccs\\utils\\bin\\gmake" -k -j 4 all -O 
 
Building file: "../adc_timer_uart.c"
Invoking: Arm Compiler
"C:/ti/ccs1110/ccs/tools/compiler/ti-cgt-arm_20.2.6.LTS/bin/armcl" -mv7M4 --code_state=16 --float_support=FPv4SPD16 -me --include_path="C:/Users/isaac/OneDrive/Documentos/CCS2022/Laboratorio11" --include_path="C:/ti/TivaWare_C_Series-2.1.4.178" --include_path="C:/ti/ccs1110/ccs/tools/compiler/ti-cgt-arm_20.2.6.LTS/include" --define=ccs="ccs" --define=TARGET_IS_TM4C123_RB1 --define=PART_TM4C123GH6PM -g --gcc --diag_warning=225 --diag_wrap=off --display_error_number --abi=eabi --preproc_with_compile --preproc_dependency="adc_timer_uart.d_raw"  "../adc_timer_uart.c"
 
>> Compilation failure
subdir_rules.mk:9: recipe for target 'adc_timer_uart.obj' failed
"../adc_timer_uart.c", line 129: error #20: identifier "x1_n" is undefined
"../adc_timer_uart.c", line 132: error #20: identifier "y1_n" is undefined
"../adc_timer_uart.c", line 132: error #20: identifier "landa1" is undefined
"../adc_timer_uart.c", line 132: error #20: identifier "y1_n_1" is undefined
"../adc_timer_uart.c", line 186: warning #179-D: variable "x1_n" was declared but never referenced
"../adc_timer_uart.c", line 187: warning #179-D: variable "y1_n" was declared but never referenced
"../adc_timer_uart.c", line 188: warning #179-D: variable "x1_n_1" was declared but never referenced
"../adc_timer_uart.c", line 189: warning #179-D: variable "y1_n_1" was declared but never referenced
"../adc_timer_uart.c", line 190: warning #179-D: variable "landa1" was declared but never referenced
4 errors detected in the compilation of "../adc_timer_uart.c".
gmake: *** [adc_timer_uart.obj] Error 1
gmake: Target 'all' not remade because of errors.

**** Build Finished ****

**** Build of configuration Debug for project Laboratorio11 ****

"C:\\ti\\ccs1110\\ccs\\utils\\bin\\gmake" -k -j 4 all -O 
 
Building file: "../adc_timer_uart.c"
Invoking: Arm Compiler
"C:/ti/ccs1110/ccs/tools/compiler/ti-cgt-arm_20.2.6.LTS/bin/armcl" -mv7M4 --code_state=16 --float_support=FPv4SPD16 -me --include_path="C:/Users/isaac/OneDrive/Documentos/CCS2022/Laboratorio11" --include_path="C:/ti/TivaWare_C_Series-2.1.4.178" --include_path="C:/ti/ccs1110/ccs/tools/compiler/ti-cgt-arm_20.2.6.LTS/include" --define=ccs="ccs" --define=TARGET_IS_TM4C123_RB1 --define=PART_TM4C123GH6PM -g --gcc --diag_warning=225 --diag_wrap=off --display_error_number --abi=eabi --preproc_with_compile --preproc_dependency="adc_timer_uart.d_raw"  "../adc_timer_uart.c"
 
>> Compilation failure
subdir_rules.mk:9: recipe for target 'adc_timer_uart.obj' failed
"../adc_timer_uart.c", line 129: error #20: identifier "x1_n" is undefined
"../adc_timer_uart.c", line 132: error #20: identifier "y1_n" is undefined
"../adc_timer_uart.c", line 132: error #20: identifier "landa1" is undefined
"../adc_timer_uart.c", line 132: error #20: identifier "y1_n_1" is undefined
"../adc_timer_uart.c", line 186: warning #179-D: variable "x1_n" was declared but never referenced
"../adc_timer_uart.c", line 187: warning #179-D: variable "y1_n" was declared but never referenced
"../adc_timer_uart.c", line 188: warning #179-D: variable "x1_n_1" was declared but never referenced
"../adc_timer_uart.c", line 189: warning #179-D: variable "y1_n_1" was declared but never referenced
"../adc_timer_uart.c", line 190: warning #179-D: variable "landa1" was declared but never referenced
4 errors detected in the compilation of "../adc_timer_uart.c".
gmake: *** [adc_timer_uart.obj] Error 1
gmake: Target 'all' not remade because of errors.

**** Build Finished ****

**** Build of configuration Debug for project Laboratorio11 ****

"C:\\ti\\ccs1110\\ccs\\utils\\bin\\gmake" -k -j 4 all -O 
 
Building file: "../adc_timer_uart.c"
Invoking: Arm Compiler
"C:/ti/ccs1110/ccs/tools/compiler/ti-cgt-arm_20.2.6.LTS/bin/armcl" -mv7M4 --code_state=16 --float_support=FPv4SPD16 -me --include_path="C:/Users/isaac/OneDrive/Documentos/CCS2022/Laboratorio11" --include_path="C:/ti/TivaWare_C_Series-2.1.4.178" --include_path="C:/ti/ccs1110/ccs/tools/compiler/ti-cgt-arm_20.2.6.LTS/include" --define=ccs="ccs" --define=TARGET_IS_TM4C123_RB1 --define=PART_TM4C123GH6PM -g --gcc --diag_warning=225 --diag_wrap=off --display_error_number --abi=eabi --preproc_with_compile --preproc_dependency="adc_timer_uart.d_raw"  "../adc_timer_uart.c"
Finished building: "../adc_timer_uart.c"
 
Building target: "Laboratorio11.out"
Invoking: Arm Linker
"C:/ti/ccs1110/ccs/tools/compiler/ti-cgt-arm_20.2.6.LTS/bin/armcl" -mv7M4 --code_state=16 --float_support=FPv4SPD16 -me --define=ccs="ccs" --define=TARGET_IS_TM4C123_RB1 --define=PART_TM4C123GH6PM -g --gcc --diag_warning=225 --diag_wrap=off --display_error_number --abi=eabi -z -m"Laboratorio11.map" --heap_size=0 --stack_size=512 -i"C:/ti/ccs1110/ccs/tools/compiler/ti-cgt-arm_20.2.6.LTS/lib" -i"C:/ti/ccs1110/ccs/tools/compiler/ti-cgt-arm_20.2.6.LTS/include" --reread_libs --diag_wrap=off --display_error_number --warn_sections --xml_link_info="Laboratorio11_linkInfo.xml" --rom_model -o "Laboratorio11.out" "./adc_timer_uart.obj" "./adc_timer_uart_startup_ccs.obj" "./uartstdio.obj" "C:/ti/TivaWare_C_Series-2.1.4.178/driverlib/ccs/Debug/driverlib.lib" "../tm4c123gh6pm.cmd"  -llibc.a 
<Linking>
Finished building target: "Laboratorio11.out"
 

**** Build Finished ****

**** Build of configuration Debug for project Laboratorio11 ****

"C:\\ti\\ccs1110\\ccs\\utils\\bin\\gmake" -k -j 4 all -O 
 
Building file: "../adc_timer_uart.c"
Invoking: Arm Compiler
"C:/ti/ccs1110/ccs/tools/compiler/ti-cgt-arm_20.2.6.LTS/bin/armcl" -mv7M4 --code_state=16 --float_support=FPv4SPD16 -me --include_path="C:/Users/isaac/OneDrive/Documentos/CCS2022/Laboratorio11" --include_path="C:/ti/TivaWare_C_Series-2.1.4.178" --include_path="C:/ti/ccs1110/ccs/tools/compiler/ti-cgt-arm_20.2.6.LTS/include" --define=ccs="ccs" --define=TARGET_IS_TM4C123_RB1 --define=PART_TM4C123GH6PM -g --gcc --diag_warning=225 --diag_wrap=off --display_error_number --abi=eabi --preproc_with_compile --preproc_dependency="adc_timer_uart.d_raw"  "../adc_timer_uart.c"
"../adc_timer_uart.c", line 54: warning #225-D: function "InitConsole" declared implicitly
"../adc_timer_uart.c", line 169: warning #161-D: declaration is incompatible with previous "InitConsole" (declared at line 54)
Finished building: "../adc_timer_uart.c"
 
Building target: "Laboratorio11.out"
Invoking: Arm Linker
"C:/ti/ccs1110/ccs/tools/compiler/ti-cgt-arm_20.2.6.LTS/bin/armcl" -mv7M4 --code_state=16 --float_support=FPv4SPD16 -me --define=ccs="ccs" --define=TARGET_IS_TM4C123_RB1 --define=PART_TM4C123GH6PM -g --gcc --diag_warning=225 --diag_wrap=off --display_error_number --abi=eabi -z -m"Laboratorio11.map" --heap_size=0 --stack_size=512 -i"C:/ti/ccs1110/ccs/tools/compiler/ti-cgt-arm_20.2.6.LTS/lib" -i"C:/ti/ccs1110/ccs/tools/compiler/ti-cgt-arm_20.2.6.LTS/include" --reread_libs --diag_wrap=off --display_error_number --warn_sections --xml_link_info="Laboratorio11_linkInfo.xml" --rom_model -o "Laboratorio11.out" "./adc_timer_uart.obj" "./adc_timer_uart_startup_ccs.obj" "./uartstdio.obj" "C:/ti/TivaWare_C_Series-2.1.4.178/driverlib/ccs/Debug/driverlib.lib" "../tm4c123gh6pm.cmd"  -llibc.a 
<Linking>
Finished building target: "Laboratorio11.out"
 

**** Build Finished ****

**** Build of configuration Debug for project Laboratorio11 ****

"C:\\ti\\ccs1110\\ccs\\utils\\bin\\gmake" -k -j 4 all -O 
 
Building file: "../adc_timer_uart.c"
Invoking: Arm Compiler
"C:/ti/ccs1110/ccs/tools/compiler/ti-cgt-arm_20.2.6.LTS/bin/armcl" -mv7M4 --code_state=16 --float_support=FPv4SPD16 -me --include_path="C:/Users/isaac/OneDrive/Documentos/CCS2022/Laboratorio11" --include_path="C:/ti/TivaWare_C_Series-2.1.4.178" --include_path="C:/ti/ccs1110/ccs/tools/compiler/ti-cgt-arm_20.2.6.LTS/include" --define=ccs="ccs" --define=TARGET_IS_TM4C123_RB1 --define=PART_TM4C123GH6PM -g --gcc --diag_warning=225 --diag_wrap=off --display_error_number --abi=eabi --preproc_with_compile --preproc_dependency="adc_timer_uart.d_raw"  "../adc_timer_uart.c"
 
>> Compilation failure
subdir_rules.mk:9: recipe for target 'adc_timer_uart.obj' failed
"../adc_timer_uart.c", line 48: error #131: expected a "{"
"../adc_timer_uart.c", line 140: error #249: function "Timer0IntHandler" has already been defined
2 errors detected in the compilation of "../adc_timer_uart.c".
gmake: *** [adc_timer_uart.obj] Error 1
gmake: Target 'all' not remade because of errors.

**** Build Finished ****

**** Build of configuration Debug for project Laboratorio11 ****

"C:\\ti\\ccs1110\\ccs\\utils\\bin\\gmake" -k -j 4 all -O 
 
Building file: "../adc_timer_uart.c"
Invoking: Arm Compiler
"C:/ti/ccs1110/ccs/tools/compiler/ti-cgt-arm_20.2.6.LTS/bin/armcl" -mv7M4 --code_state=16 --float_support=FPv4SPD16 -me --include_path="C:/Users/isaac/OneDrive/Documentos/CCS2022/Laboratorio11" --include_path="C:/ti/TivaWare_C_Series-2.1.4.178" --include_path="C:/ti/ccs1110/ccs/tools/compiler/ti-cgt-arm_20.2.6.LTS/include" --define=ccs="ccs" --define=TARGET_IS_TM4C123_RB1 --define=PART_TM4C123GH6PM -g --gcc --diag_warning=225 --diag_wrap=off --display_error_number --abi=eabi --preproc_with_compile --preproc_dependency="adc_timer_uart.d_raw"  "../adc_timer_uart.c"
Finished building: "../adc_timer_uart.c"
 
Building target: "Laboratorio11.out"
Invoking: Arm Linker
"C:/ti/ccs1110/ccs/tools/compiler/ti-cgt-arm_20.2.6.LTS/bin/armcl" -mv7M4 --code_state=16 --float_support=FPv4SPD16 -me --define=ccs="ccs" --define=TARGET_IS_TM4C123_RB1 --define=PART_TM4C123GH6PM -g --gcc --diag_warning=225 --diag_wrap=off --display_error_number --abi=eabi -z -m"Laboratorio11.map" --heap_size=0 --stack_size=512 -i"C:/ti/ccs1110/ccs/tools/compiler/ti-cgt-arm_20.2.6.LTS/lib" -i"C:/ti/ccs1110/ccs/tools/compiler/ti-cgt-arm_20.2.6.LTS/include" --reread_libs --diag_wrap=off --display_error_number --warn_sections --xml_link_info="Laboratorio11_linkInfo.xml" --rom_model -o "Laboratorio11.out" "./adc_timer_uart.obj" "./adc_timer_uart_startup_ccs.obj" "./uartstdio.obj" "C:/ti/TivaWare_C_Series-2.1.4.178/driverlib/ccs/Debug/driverlib.lib" "../tm4c123gh6pm.cmd"  -llibc.a 
<Linking>
Finished building target: "Laboratorio11.out"
 

**** Build Finished ****

**** Build of configuration Debug for project Laboratorio11 ****

"C:\\ti\\ccs1110\\ccs\\utils\\bin\\gmake" -k -j 4 all -O 
 
Building file: "../adc_timer_uart.c"
Invoking: Arm Compiler
"C:/ti/ccs1110/ccs/tools/compiler/ti-cgt-arm_20.2.6.LTS/bin/armcl" -mv7M4 --code_state=16 --float_support=FPv4SPD16 -me --include_path="C:/Users/isaac/OneDrive/Documentos/CCS2022/Laboratorio11" --include_path="C:/ti/TivaWare_C_Series-2.1.4.178" --include_path="C:/ti/ccs1110/ccs/tools/compiler/ti-cgt-arm_20.2.6.LTS/include" --define=ccs="ccs" --define=TARGET_IS_TM4C123_RB1 --define=PART_TM4C123GH6PM -g --gcc --diag_warning=225 --diag_wrap=off --display_error_number --abi=eabi --preproc_with_compile --preproc_dependency="adc_timer_uart.d_raw"  "../adc_timer_uart.c"
Finished building: "../adc_timer_uart.c"
 
Building target: "Laboratorio11.out"
Invoking: Arm Linker
"C:/ti/ccs1110/ccs/tools/compiler/ti-cgt-arm_20.2.6.LTS/bin/armcl" -mv7M4 --code_state=16 --float_support=FPv4SPD16 -me --define=ccs="ccs" --define=TARGET_IS_TM4C123_RB1 --define=PART_TM4C123GH6PM -g --gcc --diag_warning=225 --diag_wrap=off --display_error_number --abi=eabi -z -m"Laboratorio11.map" --heap_size=0 --stack_size=512 -i"C:/ti/ccs1110/ccs/tools/compiler/ti-cgt-arm_20.2.6.LTS/lib" -i"C:/ti/ccs1110/ccs/tools/compiler/ti-cgt-arm_20.2.6.LTS/include" --reread_libs --diag_wrap=off --display_error_number --warn_sections --xml_link_info="Laboratorio11_linkInfo.xml" --rom_model -o "Laboratorio11.out" "./adc_timer_uart.obj" "./adc_timer_uart_startup_ccs.obj" "./uartstdio.obj" "C:/ti/TivaWare_C_Series-2.1.4.178/driverlib/ccs/Debug/driverlib.lib" "../tm4c123gh6pm.cmd"  -llibc.a 
<Linking>
Finished building target: "Laboratorio11.out"
 

**** Build Finished ****

**** Build of configuration Debug for project Laboratorio11 ****

"C:\\ti\\ccs1110\\ccs\\utils\\bin\\gmake" -k -j 4 all -O 
 
Building file: "../adc_timer_uart.c"
Invoking: Arm Compiler
"C:/ti/ccs1110/ccs/tools/compiler/ti-cgt-arm_20.2.6.LTS/bin/armcl" -mv7M4 --code_state=16 --float_support=FPv4SPD16 -me --include_path="C:/Users/isaac/OneDrive/Documentos/CCS2022/Laboratorio11" --include_path="C:/ti/TivaWare_C_Series-2.1.4.178" --include_path="C:/ti/ccs1110/ccs/tools/compiler/ti-cgt-arm_20.2.6.LTS/include" --define=ccs="ccs" --define=TARGET_IS_TM4C123_RB1 --define=PART_TM4C123GH6PM -g --gcc --diag_warning=225 --diag_wrap=off --display_error_number --abi=eabi --preproc_with_compile --preproc_dependency="adc_timer_uart.d_raw"  "../adc_timer_uart.c"
Finished building: "../adc_timer_uart.c"
 
Building target: "Laboratorio11.out"
Invoking: Arm Linker
"C:/ti/ccs1110/ccs/tools/compiler/ti-cgt-arm_20.2.6.LTS/bin/armcl" -mv7M4 --code_state=16 --float_support=FPv4SPD16 -me --define=ccs="ccs" --define=TARGET_IS_TM4C123_RB1 --define=PART_TM4C123GH6PM -g --gcc --diag_warning=225 --diag_wrap=off --display_error_number --abi=eabi -z -m"Laboratorio11.map" --heap_size=0 --stack_size=512 -i"C:/ti/ccs1110/ccs/tools/compiler/ti-cgt-arm_20.2.6.LTS/lib" -i"C:/ti/ccs1110/ccs/tools/compiler/ti-cgt-arm_20.2.6.LTS/include" --reread_libs --diag_wrap=off --display_error_number --warn_sections --xml_link_info="Laboratorio11_linkInfo.xml" --rom_model -o "Laboratorio11.out" "./adc_timer_uart.obj" "./adc_timer_uart_startup_ccs.obj" "./uartstdio.obj" "C:/ti/TivaWare_C_Series-2.1.4.178/driverlib/ccs/Debug/driverlib.lib" "../tm4c123gh6pm.cmd"  -llibc.a 
<Linking>
Finished building target: "Laboratorio11.out"
 

**** Build Finished ****

**** Build of configuration Debug for project Laboratorio11 ****

"C:\\ti\\ccs1110\\ccs\\utils\\bin\\gmake" -k -j 4 all -O 
 
Building file: "../adc_timer_uart.c"
Invoking: Arm Compiler
"C:/ti/ccs1110/ccs/tools/compiler/ti-cgt-arm_20.2.6.LTS/bin/armcl" -mv7M4 --code_state=16 --float_support=FPv4SPD16 -me --include_path="C:/Users/isaac/OneDrive/Documentos/CCS2022/Laboratorio11" --include_path="C:/ti/TivaWare_C_Series-2.1.4.178" --include_path="C:/ti/ccs1110/ccs/tools/compiler/ti-cgt-arm_20.2.6.LTS/include" --define=ccs="ccs" --define=TARGET_IS_TM4C123_RB1 --define=PART_TM4C123GH6PM -g --gcc --diag_warning=225 --diag_wrap=off --display_error_number --abi=eabi --preproc_with_compile --preproc_dependency="adc_timer_uart.d_raw"  "../adc_timer_uart.c"
Finished building: "../adc_timer_uart.c"
 
Building target: "Laboratorio11.out"
Invoking: Arm Linker
"C:/ti/ccs1110/ccs/tools/compiler/ti-cgt-arm_20.2.6.LTS/bin/armcl" -mv7M4 --code_state=16 --float_support=FPv4SPD16 -me --define=ccs="ccs" --define=TARGET_IS_TM4C123_RB1 --define=PART_TM4C123GH6PM -g --gcc --diag_warning=225 --diag_wrap=off --display_error_number --abi=eabi -z -m"Laboratorio11.map" --heap_size=0 --stack_size=512 -i"C:/ti/ccs1110/ccs/tools/compiler/ti-cgt-arm_20.2.6.LTS/lib" -i"C:/ti/ccs1110/ccs/tools/compiler/ti-cgt-arm_20.2.6.LTS/include" --reread_libs --diag_wrap=off --display_error_number --warn_sections --xml_link_info="Laboratorio11_linkInfo.xml" --rom_model -o "Laboratorio11.out" "./adc_timer_uart.obj" "./adc_timer_uart_startup_ccs.obj" "./uartstdio.obj" "C:/ti/TivaWare_C_Series-2.1.4.178/driverlib/ccs/Debug/driverlib.lib" "../tm4c123gh6pm.cmd"  -llibc.a 
<Linking>
Finished building target: "Laboratorio11.out"
 

**** Build Finished ****

**** Build of configuration Debug for project Laboratorio11 ****

"C:\\ti\\ccs1110\\ccs\\utils\\bin\\gmake" -k -j 4 all -O 
 
Building file: "../adc_timer_uart.c"
Invoking: Arm Compiler
"C:/ti/ccs1110/ccs/tools/compiler/ti-cgt-arm_20.2.6.LTS/bin/armcl" -mv7M4 --code_state=16 --float_support=FPv4SPD16 -me --include_path="C:/Users/isaac/OneDrive/Documentos/CCS2022/Laboratorio11" --include_path="C:/ti/TivaWare_C_Series-2.1.4.178" --include_path="C:/ti/ccs1110/ccs/tools/compiler/ti-cgt-arm_20.2.6.LTS/include" --define=ccs="ccs" --define=TARGET_IS_TM4C123_RB1 --define=PART_TM4C123GH6PM -g --gcc --diag_warning=225 --diag_wrap=off --display_error_number --abi=eabi --preproc_with_compile --preproc_dependency="adc_timer_uart.d_raw"  "../adc_timer_uart.c"
Finished building: "../adc_timer_uart.c"
 
Building target: "Laboratorio11.out"
Invoking: Arm Linker
"C:/ti/ccs1110/ccs/tools/compiler/ti-cgt-arm_20.2.6.LTS/bin/armcl" -mv7M4 --code_state=16 --float_support=FPv4SPD16 -me --define=ccs="ccs" --define=TARGET_IS_TM4C123_RB1 --define=PART_TM4C123GH6PM -g --gcc --diag_warning=225 --diag_wrap=off --display_error_number --abi=eabi -z -m"Laboratorio11.map" --heap_size=0 --stack_size=512 -i"C:/ti/ccs1110/ccs/tools/compiler/ti-cgt-arm_20.2.6.LTS/lib" -i"C:/ti/ccs1110/ccs/tools/compiler/ti-cgt-arm_20.2.6.LTS/include" --reread_libs --diag_wrap=off --display_error_number --warn_sections --xml_link_info="Laboratorio11_linkInfo.xml" --rom_model -o "Laboratorio11.out" "./adc_timer_uart.obj" "./adc_timer_uart_startup_ccs.obj" "./uartstdio.obj" "C:/ti/TivaWare_C_Series-2.1.4.178/driverlib/ccs/Debug/driverlib.lib" "../tm4c123gh6pm.cmd"  -llibc.a 
<Linking>
Finished building target: "Laboratorio11.out"
 

**** Build Finished ****

**** Build of configuration Debug for project Laboratorio11 ****

"C:\\ti\\ccs1110\\ccs\\utils\\bin\\gmake" -k -j 4 all -O 
 
Building file: "../adc_timer_uart.c"
Invoking: Arm Compiler
"C:/ti/ccs1110/ccs/tools/compiler/ti-cgt-arm_20.2.6.LTS/bin/armcl" -mv7M4 --code_state=16 --float_support=FPv4SPD16 -me --include_path="C:/Users/isaac/OneDrive/Documentos/CCS2022/Laboratorio11" --include_path="C:/ti/TivaWare_C_Series-2.1.4.178" --include_path="C:/ti/ccs1110/ccs/tools/compiler/ti-cgt-arm_20.2.6.LTS/include" --define=ccs="ccs" --define=TARGET_IS_TM4C123_RB1 --define=PART_TM4C123GH6PM -g --gcc --diag_warning=225 --diag_wrap=off --display_error_number --abi=eabi --preproc_with_compile --preproc_dependency="adc_timer_uart.d_raw"  "../adc_timer_uart.c"
Finished building: "../adc_timer_uart.c"
 
Building target: "Laboratorio11.out"
Invoking: Arm Linker
"C:/ti/ccs1110/ccs/tools/compiler/ti-cgt-arm_20.2.6.LTS/bin/armcl" -mv7M4 --code_state=16 --float_support=FPv4SPD16 -me --define=ccs="ccs" --define=TARGET_IS_TM4C123_RB1 --define=PART_TM4C123GH6PM -g --gcc --diag_warning=225 --diag_wrap=off --display_error_number --abi=eabi -z -m"Laboratorio11.map" --heap_size=0 --stack_size=512 -i"C:/ti/ccs1110/ccs/tools/compiler/ti-cgt-arm_20.2.6.LTS/lib" -i"C:/ti/ccs1110/ccs/tools/compiler/ti-cgt-arm_20.2.6.LTS/include" --reread_libs --diag_wrap=off --display_error_number --warn_sections --xml_link_info="Laboratorio11_linkInfo.xml" --rom_model -o "Laboratorio11.out" "./adc_timer_uart.obj" "./adc_timer_uart_startup_ccs.obj" "./uartstdio.obj" "C:/ti/TivaWare_C_Series-2.1.4.178/driverlib/ccs/Debug/driverlib.lib" "../tm4c123gh6pm.cmd"  -llibc.a 
<Linking>
Finished building target: "Laboratorio11.out"
 

**** Build Finished ****

**** Build of configuration Debug for project Laboratorio11 ****

"C:\\ti\\ccs1110\\ccs\\utils\\bin\\gmake" -k -j 4 all -O 
 
Building file: "../adc_timer_uart.c"
Invoking: Arm Compiler
"C:/ti/ccs1110/ccs/tools/compiler/ti-cgt-arm_20.2.6.LTS/bin/armcl" -mv7M4 --code_state=16 --float_support=FPv4SPD16 -me --include_path="C:/Users/isaac/OneDrive/Documentos/CCS2022/Laboratorio11" --include_path="C:/ti/TivaWare_C_Series-2.1.4.178" --include_path="C:/ti/ccs1110/ccs/tools/compiler/ti-cgt-arm_20.2.6.LTS/include" --define=ccs="ccs" --define=TARGET_IS_TM4C123_RB1 --define=PART_TM4C123GH6PM -g --gcc --diag_warning=225 --diag_wrap=off --display_error_number --abi=eabi --preproc_with_compile --preproc_dependency="adc_timer_uart.d_raw"  "../adc_timer_uart.c"
Finished building: "../adc_timer_uart.c"
 
Building target: "Laboratorio11.out"
Invoking: Arm Linker
"C:/ti/ccs1110/ccs/tools/compiler/ti-cgt-arm_20.2.6.LTS/bin/armcl" -mv7M4 --code_state=16 --float_support=FPv4SPD16 -me --define=ccs="ccs" --define=TARGET_IS_TM4C123_RB1 --define=PART_TM4C123GH6PM -g --gcc --diag_warning=225 --diag_wrap=off --display_error_number --abi=eabi -z -m"Laboratorio11.map" --heap_size=0 --stack_size=512 -i"C:/ti/ccs1110/ccs/tools/compiler/ti-cgt-arm_20.2.6.LTS/lib" -i"C:/ti/ccs1110/ccs/tools/compiler/ti-cgt-arm_20.2.6.LTS/include" --reread_libs --diag_wrap=off --display_error_number --warn_sections --xml_link_info="Laboratorio11_linkInfo.xml" --rom_model -o "Laboratorio11.out" "./adc_timer_uart.obj" "./adc_timer_uart_startup_ccs.obj" "./uartstdio.obj" "C:/ti/TivaWare_C_Series-2.1.4.178/driverlib/ccs/Debug/driverlib.lib" "../tm4c123gh6pm.cmd"  -llibc.a 
<Linking>
Finished building target: "Laboratorio11.out"
 

**** Build Finished ****

**** Build of configuration Debug for project Laboratorio11 ****

"C:\\ti\\ccs1110\\ccs\\utils\\bin\\gmake" -k -j 4 all -O 
 
Building file: "../adc_timer_uart.c"
Invoking: Arm Compiler
"C:/ti/ccs1110/ccs/tools/compiler/ti-cgt-arm_20.2.6.LTS/bin/armcl" -mv7M4 --code_state=16 --float_support=FPv4SPD16 -me --include_path="C:/Users/isaac/OneDrive/Documentos/CCS2022/Laboratorio11" --include_path="C:/ti/TivaWare_C_Series-2.1.4.178" --include_path="C:/ti/ccs1110/ccs/tools/compiler/ti-cgt-arm_20.2.6.LTS/include" --define=ccs="ccs" --define=TARGET_IS_TM4C123_RB1 --define=PART_TM4C123GH6PM -g --gcc --diag_warning=225 --diag_wrap=off --display_error_number --abi=eabi --preproc_with_compile --preproc_dependency="adc_timer_uart.d_raw"  "../adc_timer_uart.c"
Finished building: "../adc_timer_uart.c"
 
Building target: "Laboratorio11.out"
Invoking: Arm Linker
"C:/ti/ccs1110/ccs/tools/compiler/ti-cgt-arm_20.2.6.LTS/bin/armcl" -mv7M4 --code_state=16 --float_support=FPv4SPD16 -me --define=ccs="ccs" --define=TARGET_IS_TM4C123_RB1 --define=PART_TM4C123GH6PM -g --gcc --diag_warning=225 --diag_wrap=off --display_error_number --abi=eabi -z -m"Laboratorio11.map" --heap_size=0 --stack_size=512 -i"C:/ti/ccs1110/ccs/tools/compiler/ti-cgt-arm_20.2.6.LTS/lib" -i"C:/ti/ccs1110/ccs/tools/compiler/ti-cgt-arm_20.2.6.LTS/include" --reread_libs --diag_wrap=off --display_error_number --warn_sections --xml_link_info="Laboratorio11_linkInfo.xml" --rom_model -o "Laboratorio11.out" "./adc_timer_uart.obj" "./adc_timer_uart_startup_ccs.obj" "./uartstdio.obj" "C:/ti/TivaWare_C_Series-2.1.4.178/driverlib/ccs/Debug/driverlib.lib" "../tm4c123gh6pm.cmd"  -llibc.a 
<Linking>
Finished building target: "Laboratorio11.out"
 

**** Build Finished ****

**** Build of configuration Debug for project Laboratorio11 ****

"C:\\ti\\ccs1110\\ccs\\utils\\bin\\gmake" -k -j 4 all -O 
 
Building file: "../adc_timer_uart.c"
Invoking: Arm Compiler
"C:/ti/ccs1110/ccs/tools/compiler/ti-cgt-arm_20.2.6.LTS/bin/armcl" -mv7M4 --code_state=16 --float_support=FPv4SPD16 -me --include_path="C:/Users/isaac/OneDrive/Documentos/CCS2022/Laboratorio11" --include_path="C:/ti/TivaWare_C_Series-2.1.4.178" --include_path="C:/ti/ccs1110/ccs/tools/compiler/ti-cgt-arm_20.2.6.LTS/include" --define=ccs="ccs" --define=TARGET_IS_TM4C123_RB1 --define=PART_TM4C123GH6PM -g --gcc --diag_warning=225 --diag_wrap=off --display_error_number --abi=eabi --preproc_with_compile --preproc_dependency="adc_timer_uart.d_raw"  "../adc_timer_uart.c"
Finished building: "../adc_timer_uart.c"
 
Building target: "Laboratorio11.out"
Invoking: Arm Linker
"C:/ti/ccs1110/ccs/tools/compiler/ti-cgt-arm_20.2.6.LTS/bin/armcl" -mv7M4 --code_state=16 --float_support=FPv4SPD16 -me --define=ccs="ccs" --define=TARGET_IS_TM4C123_RB1 --define=PART_TM4C123GH6PM -g --gcc --diag_warning=225 --diag_wrap=off --display_error_number --abi=eabi -z -m"Laboratorio11.map" --heap_size=0 --stack_size=512 -i"C:/ti/ccs1110/ccs/tools/compiler/ti-cgt-arm_20.2.6.LTS/lib" -i"C:/ti/ccs1110/ccs/tools/compiler/ti-cgt-arm_20.2.6.LTS/include" --reread_libs --diag_wrap=off --display_error_number --warn_sections --xml_link_info="Laboratorio11_linkInfo.xml" --rom_model -o "Laboratorio11.out" "./adc_timer_uart.obj" "./adc_timer_uart_startup_ccs.obj" "./uartstdio.obj" "C:/ti/TivaWare_C_Series-2.1.4.178/driverlib/ccs/Debug/driverlib.lib" "../tm4c123gh6pm.cmd"  -llibc.a 
<Linking>
Finished building target: "Laboratorio11.out"
 

**** Build Finished ****

**** Build of configuration Debug for project Laboratorio11 ****

"C:\\ti\\ccs1110\\ccs\\utils\\bin\\gmake" -k -j 4 all -O 
 
Building file: "../adc_timer_uart.c"
Invoking: Arm Compiler
"C:/ti/ccs1110/ccs/tools/compiler/ti-cgt-arm_20.2.6.LTS/bin/armcl" -mv7M4 --code_state=16 --float_support=FPv4SPD16 -me --include_path="C:/Users/isaac/OneDrive/Documentos/CCS2022/Laboratorio11" --include_path="C:/ti/TivaWare_C_Series-2.1.4.178" --include_path="C:/ti/ccs1110/ccs/tools/compiler/ti-cgt-arm_20.2.6.LTS/include" --define=ccs="ccs" --define=TARGET_IS_TM4C123_RB1 --define=PART_TM4C123GH6PM -g --gcc --diag_warning=225 --diag_wrap=off --display_error_number --abi=eabi --preproc_with_compile --preproc_dependency="adc_timer_uart.d_raw"  "../adc_timer_uart.c"
"../adc_timer_uart.c", line 170: warning #169-D: argument of type "int" is incompatible with parameter of type "const char *"
"../adc_timer_uart.c", line 172: warning #169-D: argument of type "int" is incompatible with parameter of type "const char *"
Finished building: "../adc_timer_uart.c"
 
Building target: "Laboratorio11.out"
Invoking: Arm Linker
"C:/ti/ccs1110/ccs/tools/compiler/ti-cgt-arm_20.2.6.LTS/bin/armcl" -mv7M4 --code_state=16 --float_support=FPv4SPD16 -me --define=ccs="ccs" --define=TARGET_IS_TM4C123_RB1 --define=PART_TM4C123GH6PM -g --gcc --diag_warning=225 --diag_wrap=off --display_error_number --abi=eabi -z -m"Laboratorio11.map" --heap_size=0 --stack_size=512 -i"C:/ti/ccs1110/ccs/tools/compiler/ti-cgt-arm_20.2.6.LTS/lib" -i"C:/ti/ccs1110/ccs/tools/compiler/ti-cgt-arm_20.2.6.LTS/include" --reread_libs --diag_wrap=off --display_error_number --warn_sections --xml_link_info="Laboratorio11_linkInfo.xml" --rom_model -o "Laboratorio11.out" "./adc_timer_uart.obj" "./adc_timer_uart_startup_ccs.obj" "./uartstdio.obj" "C:/ti/TivaWare_C_Series-2.1.4.178/driverlib/ccs/Debug/driverlib.lib" "../tm4c123gh6pm.cmd"  -llibc.a 
<Linking>
Finished building target: "Laboratorio11.out"
 

**** Build Finished ****

**** Build of configuration Debug for project Laboratorio11 ****

"C:\\ti\\ccs1110\\ccs\\utils\\bin\\gmake" -k -j 4 all -O 
 
Building file: "../adc_timer_uart.c"
Invoking: Arm Compiler
"C:/ti/ccs1110/ccs/tools/compiler/ti-cgt-arm_20.2.6.LTS/bin/armcl" -mv7M4 --code_state=16 --float_support=FPv4SPD16 -me --include_path="C:/Users/isaac/OneDrive/Documentos/CCS2022/Laboratorio11" --include_path="C:/ti/TivaWare_C_Series-2.1.4.178" --include_path="C:/ti/ccs1110/ccs/tools/compiler/ti-cgt-arm_20.2.6.LTS/include" --define=ccs="ccs" --define=TARGET_IS_TM4C123_RB1 --define=PART_TM4C123GH6PM -g --gcc --diag_warning=225 --diag_wrap=off --display_error_number --abi=eabi --preproc_with_compile --preproc_dependency="adc_timer_uart.d_raw"  "../adc_timer_uart.c"
Finished building: "../adc_timer_uart.c"
 
Building target: "Laboratorio11.out"
Invoking: Arm Linker
"C:/ti/ccs1110/ccs/tools/compiler/ti-cgt-arm_20.2.6.LTS/bin/armcl" -mv7M4 --code_state=16 --float_support=FPv4SPD16 -me --define=ccs="ccs" --define=TARGET_IS_TM4C123_RB1 --define=PART_TM4C123GH6PM -g --gcc --diag_warning=225 --diag_wrap=off --display_error_number --abi=eabi -z -m"Laboratorio11.map" --heap_size=0 --stack_size=512 -i"C:/ti/ccs1110/ccs/tools/compiler/ti-cgt-arm_20.2.6.LTS/lib" -i"C:/ti/ccs1110/ccs/tools/compiler/ti-cgt-arm_20.2.6.LTS/include" --reread_libs --diag_wrap=off --display_error_number --warn_sections --xml_link_info="Laboratorio11_linkInfo.xml" --rom_model -o "Laboratorio11.out" "./adc_timer_uart.obj" "./adc_timer_uart_startup_ccs.obj" "./uartstdio.obj" "C:/ti/TivaWare_C_Series-2.1.4.178/driverlib/ccs/Debug/driverlib.lib" "../tm4c123gh6pm.cmd"  -llibc.a 
<Linking>
Finished building target: "Laboratorio11.out"
 

**** Build Finished ****

**** Build of configuration Debug for project Laboratorio11 ****

"C:\\ti\\ccs1110\\ccs\\utils\\bin\\gmake" -k -j 4 all -O 
 
Building file: "../adc_timer_uart.c"
Invoking: Arm Compiler
"C:/ti/ccs1110/ccs/tools/compiler/ti-cgt-arm_20.2.6.LTS/bin/armcl" -mv7M4 --code_state=16 --float_support=FPv4SPD16 -me --include_path="C:/Users/isaac/OneDrive/Documentos/CCS2022/Laboratorio11" --include_path="C:/ti/TivaWare_C_Series-2.1.4.178" --include_path="C:/ti/ccs1110/ccs/tools/compiler/ti-cgt-arm_20.2.6.LTS/include" --define=ccs="ccs" --define=TARGET_IS_TM4C123_RB1 --define=PART_TM4C123GH6PM -g --gcc --diag_warning=225 --diag_wrap=off --display_error_number --abi=eabi --preproc_with_compile --preproc_dependency="adc_timer_uart.d_raw"  "../adc_timer_uart.c"
Finished building: "../adc_timer_uart.c"
 
Building target: "Laboratorio11.out"
Invoking: Arm Linker
"C:/ti/ccs1110/ccs/tools/compiler/ti-cgt-arm_20.2.6.LTS/bin/armcl" -mv7M4 --code_state=16 --float_support=FPv4SPD16 -me --define=ccs="ccs" --define=TARGET_IS_TM4C123_RB1 --define=PART_TM4C123GH6PM -g --gcc --diag_warning=225 --diag_wrap=off --display_error_number --abi=eabi -z -m"Laboratorio11.map" --heap_size=0 --stack_size=512 -i"C:/ti/ccs1110/ccs/tools/compiler/ti-cgt-arm_20.2.6.LTS/lib" -i"C:/ti/ccs1110/ccs/tools/compiler/ti-cgt-arm_20.2.6.LTS/include" --reread_libs --diag_wrap=off --display_error_number --warn_sections --xml_link_info="Laboratorio11_linkInfo.xml" --rom_model -o "Laboratorio11.out" "./adc_timer_uart.obj" "./adc_timer_uart_startup_ccs.obj" "./uartstdio.obj" "C:/ti/TivaWare_C_Series-2.1.4.178/driverlib/ccs/Debug/driverlib.lib" "../tm4c123gh6pm.cmd"  -llibc.a 
<Linking>
Finished building target: "Laboratorio11.out"
 

**** Build Finished ****

**** Build of configuration Debug for project Laboratorio11 ****

"C:\\ti\\ccs1110\\ccs\\utils\\bin\\gmake" -k -j 4 all -O 
 
Building file: "../adc_timer_uart.c"
Invoking: Arm Compiler
"C:/ti/ccs1110/ccs/tools/compiler/ti-cgt-arm_20.2.6.LTS/bin/armcl" -mv7M4 --code_state=16 --float_support=FPv4SPD16 -me --include_path="C:/Users/isaac/OneDrive/Documentos/CCS2022/Laboratorio11" --include_path="C:/ti/TivaWare_C_Series-2.1.4.178" --include_path="C:/ti/ccs1110/ccs/tools/compiler/ti-cgt-arm_20.2.6.LTS/include" --define=ccs="ccs" --define=TARGET_IS_TM4C123_RB1 --define=PART_TM4C123GH6PM -g --gcc --diag_warning=225 --diag_wrap=off --display_error_number --abi=eabi --preproc_with_compile --preproc_dependency="adc_timer_uart.d_raw"  "../adc_timer_uart.c"
Finished building: "../adc_timer_uart.c"
 
Building target: "Laboratorio11.out"
Invoking: Arm Linker
"C:/ti/ccs1110/ccs/tools/compiler/ti-cgt-arm_20.2.6.LTS/bin/armcl" -mv7M4 --code_state=16 --float_support=FPv4SPD16 -me --define=ccs="ccs" --define=TARGET_IS_TM4C123_RB1 --define=PART_TM4C123GH6PM -g --gcc --diag_warning=225 --diag_wrap=off --display_error_number --abi=eabi -z -m"Laboratorio11.map" --heap_size=0 --stack_size=512 -i"C:/ti/ccs1110/ccs/tools/compiler/ti-cgt-arm_20.2.6.LTS/lib" -i"C:/ti/ccs1110/ccs/tools/compiler/ti-cgt-arm_20.2.6.LTS/include" --reread_libs --diag_wrap=off --display_error_number --warn_sections --xml_link_info="Laboratorio11_linkInfo.xml" --rom_model -o "Laboratorio11.out" "./adc_timer_uart.obj" "./adc_timer_uart_startup_ccs.obj" "./uartstdio.obj" "C:/ti/TivaWare_C_Series-2.1.4.178/driverlib/ccs/Debug/driverlib.lib" "../tm4c123gh6pm.cmd"  -llibc.a 
<Linking>
Finished building target: "Laboratorio11.out"
 

**** Build Finished ****

**** Build of configuration Debug for project Laboratorio11 ****

"C:\\ti\\ccs1110\\ccs\\utils\\bin\\gmake" -k -j 4 all -O 
 
Building file: "../adc_timer_uart.c"
Invoking: Arm Compiler
"C:/ti/ccs1110/ccs/tools/compiler/ti-cgt-arm_20.2.6.LTS/bin/armcl" -mv7M4 --code_state=16 --float_support=FPv4SPD16 -me --include_path="C:/Users/isaac/OneDrive/Documentos/CCS2022/Laboratorio11" --include_path="C:/ti/TivaWare_C_Series-2.1.4.178" --include_path="C:/ti/ccs1110/ccs/tools/compiler/ti-cgt-arm_20.2.6.LTS/include" --define=ccs="ccs" --define=TARGET_IS_TM4C123_RB1 --define=PART_TM4C123GH6PM -g --gcc --diag_warning=225 --diag_wrap=off --display_error_number --abi=eabi --preproc_with_compile --preproc_dependency="adc_timer_uart.d_raw"  "../adc_timer_uart.c"
Finished building: "../adc_timer_uart.c"
 
Building target: "Laboratorio11.out"
Invoking: Arm Linker
"C:/ti/ccs1110/ccs/tools/compiler/ti-cgt-arm_20.2.6.LTS/bin/armcl" -mv7M4 --code_state=16 --float_support=FPv4SPD16 -me --define=ccs="ccs" --define=TARGET_IS_TM4C123_RB1 --define=PART_TM4C123GH6PM -g --gcc --diag_warning=225 --diag_wrap=off --display_error_number --abi=eabi -z -m"Laboratorio11.map" --heap_size=0 --stack_size=512 -i"C:/ti/ccs1110/ccs/tools/compiler/ti-cgt-arm_20.2.6.LTS/lib" -i"C:/ti/ccs1110/ccs/tools/compiler/ti-cgt-arm_20.2.6.LTS/include" --reread_libs --diag_wrap=off --display_error_number --warn_sections --xml_link_info="Laboratorio11_linkInfo.xml" --rom_model -o "Laboratorio11.out" "./adc_timer_uart.obj" "./adc_timer_uart_startup_ccs.obj" "./uartstdio.obj" "C:/ti/TivaWare_C_Series-2.1.4.178/driverlib/ccs/Debug/driverlib.lib" "../tm4c123gh6pm.cmd"  -llibc.a 
<Linking>
Finished building target: "Laboratorio11.out"
 

**** Build Finished ****

**** Build of configuration Debug for project Laboratorio11 ****

"C:\\ti\\ccs1110\\ccs\\utils\\bin\\gmake" -k -j 4 all -O 
 
Building file: "../adc_timer_uart.c"
Invoking: Arm Compiler
"C:/ti/ccs1110/ccs/tools/compiler/ti-cgt-arm_20.2.6.LTS/bin/armcl" -mv7M4 --code_state=16 --float_support=FPv4SPD16 -me --include_path="C:/Users/isaac/OneDrive/Documentos/CCS2022/Laboratorio11" --include_path="C:/ti/TivaWare_C_Series-2.1.4.178" --include_path="C:/ti/ccs1110/ccs/tools/compiler/ti-cgt-arm_20.2.6.LTS/include" --define=ccs="ccs" --define=TARGET_IS_TM4C123_RB1 --define=PART_TM4C123GH6PM -g --gcc --diag_warning=225 --diag_wrap=off --display_error_number --abi=eabi --preproc_with_compile --preproc_dependency="adc_timer_uart.d_raw"  "../adc_timer_uart.c"
Finished building: "../adc_timer_uart.c"
 
Building target: "Laboratorio11.out"
Invoking: Arm Linker
"C:/ti/ccs1110/ccs/tools/compiler/ti-cgt-arm_20.2.6.LTS/bin/armcl" -mv7M4 --code_state=16 --float_support=FPv4SPD16 -me --define=ccs="ccs" --define=TARGET_IS_TM4C123_RB1 --define=PART_TM4C123GH6PM -g --gcc --diag_warning=225 --diag_wrap=off --display_error_number --abi=eabi -z -m"Laboratorio11.map" --heap_size=0 --stack_size=512 -i"C:/ti/ccs1110/ccs/tools/compiler/ti-cgt-arm_20.2.6.LTS/lib" -i"C:/ti/ccs1110/ccs/tools/compiler/ti-cgt-arm_20.2.6.LTS/include" --reread_libs --diag_wrap=off --display_error_number --warn_sections --xml_link_info="Laboratorio11_linkInfo.xml" --rom_model -o "Laboratorio11.out" "./adc_timer_uart.obj" "./adc_timer_uart_startup_ccs.obj" "./uartstdio.obj" "C:/ti/TivaWare_C_Series-2.1.4.178/driverlib/ccs/Debug/driverlib.lib" "../tm4c123gh6pm.cmd"  -llibc.a 
<Linking>
Finished building target: "Laboratorio11.out"
 

**** Build Finished ****

**** Build of configuration Debug for project Laboratorio11 ****

"C:\\ti\\ccs1110\\ccs\\utils\\bin\\gmake" -k -j 4 all -O 
 
Building file: "../adc_timer_uart.c"
Invoking: Arm Compiler
"C:/ti/ccs1110/ccs/tools/compiler/ti-cgt-arm_20.2.6.LTS/bin/armcl" -mv7M4 --code_state=16 --float_support=FPv4SPD16 -me --include_path="C:/Users/isaac/OneDrive/Documentos/CCS2022/Laboratorio11" --include_path="C:/ti/TivaWare_C_Series-2.1.4.178" --include_path="C:/ti/ccs1110/ccs/tools/compiler/ti-cgt-arm_20.2.6.LTS/include" --define=ccs="ccs" --define=TARGET_IS_TM4C123_RB1 --define=PART_TM4C123GH6PM -g --gcc --diag_warning=225 --diag_wrap=off --display_error_number --abi=eabi --preproc_with_compile --preproc_dependency="adc_timer_uart.d_raw"  "../adc_timer_uart.c"
Finished building: "../adc_timer_uart.c"
 
Building target: "Laboratorio11.out"
Invoking: Arm Linker
"C:/ti/ccs1110/ccs/tools/compiler/ti-cgt-arm_20.2.6.LTS/bin/armcl" -mv7M4 --code_state=16 --float_support=FPv4SPD16 -me --define=ccs="ccs" --define=TARGET_IS_TM4C123_RB1 --define=PART_TM4C123GH6PM -g --gcc --diag_warning=225 --diag_wrap=off --display_error_number --abi=eabi -z -m"Laboratorio11.map" --heap_size=0 --stack_size=512 -i"C:/ti/ccs1110/ccs/tools/compiler/ti-cgt-arm_20.2.6.LTS/lib" -i"C:/ti/ccs1110/ccs/tools/compiler/ti-cgt-arm_20.2.6.LTS/include" --reread_libs --diag_wrap=off --display_error_number --warn_sections --xml_link_info="Laboratorio11_linkInfo.xml" --rom_model -o "Laboratorio11.out" "./adc_timer_uart.obj" "./adc_timer_uart_startup_ccs.obj" "./uartstdio.obj" "C:/ti/TivaWare_C_Series-2.1.4.178/driverlib/ccs/Debug/driverlib.lib" "../tm4c123gh6pm.cmd"  -llibc.a 
<Linking>
Finished building target: "Laboratorio11.out"
 

**** Build Finished ****

**** Build of configuration Debug for project Laboratorio11 ****

"C:\\ti\\ccs1110\\ccs\\utils\\bin\\gmake" -k -j 4 all -O 
 
Building file: "../adc_timer_uart.c"
Invoking: Arm Compiler
"C:/ti/ccs1110/ccs/tools/compiler/ti-cgt-arm_20.2.6.LTS/bin/armcl" -mv7M4 --code_state=16 --float_support=FPv4SPD16 -me --include_path="C:/Users/isaac/OneDrive/Documentos/CCS2022/Laboratorio11" --include_path="C:/ti/TivaWare_C_Series-2.1.4.178" --include_path="C:/ti/ccs1110/ccs/tools/compiler/ti-cgt-arm_20.2.6.LTS/include" --define=ccs="ccs" --define=TARGET_IS_TM4C123_RB1 --define=PART_TM4C123GH6PM -g --gcc --diag_warning=225 --diag_wrap=off --display_error_number --abi=eabi --preproc_with_compile --preproc_dependency="adc_timer_uart.d_raw"  "../adc_timer_uart.c"
Finished building: "../adc_timer_uart.c"
 
Building target: "Laboratorio11.out"
Invoking: Arm Linker
"C:/ti/ccs1110/ccs/tools/compiler/ti-cgt-arm_20.2.6.LTS/bin/armcl" -mv7M4 --code_state=16 --float_support=FPv4SPD16 -me --define=ccs="ccs" --define=TARGET_IS_TM4C123_RB1 --define=PART_TM4C123GH6PM -g --gcc --diag_warning=225 --diag_wrap=off --display_error_number --abi=eabi -z -m"Laboratorio11.map" --heap_size=0 --stack_size=512 -i"C:/ti/ccs1110/ccs/tools/compiler/ti-cgt-arm_20.2.6.LTS/lib" -i"C:/ti/ccs1110/ccs/tools/compiler/ti-cgt-arm_20.2.6.LTS/include" --reread_libs --diag_wrap=off --display_error_number --warn_sections --xml_link_info="Laboratorio11_linkInfo.xml" --rom_model -o "Laboratorio11.out" "./adc_timer_uart.obj" "./adc_timer_uart_startup_ccs.obj" "./uartstdio.obj" "C:/ti/TivaWare_C_Series-2.1.4.178/driverlib/ccs/Debug/driverlib.lib" "../tm4c123gh6pm.cmd"  -llibc.a 
<Linking>
Finished building target: "Laboratorio11.out"
 

**** Build Finished ****

**** Build of configuration Debug for project Laboratorio11 ****

"C:\\ti\\ccs1110\\ccs\\utils\\bin\\gmake" -k -j 4 all -O 
 
Building file: "../adc_timer_uart.c"
Invoking: Arm Compiler
"C:/ti/ccs1110/ccs/tools/compiler/ti-cgt-arm_20.2.6.LTS/bin/armcl" -mv7M4 --code_state=16 --float_support=FPv4SPD16 -me --include_path="C:/Users/isaac/OneDrive/Documentos/CCS2022/Laboratorio11" --include_path="C:/ti/TivaWare_C_Series-2.1.4.178" --include_path="C:/ti/ccs1110/ccs/tools/compiler/ti-cgt-arm_20.2.6.LTS/include" --define=ccs="ccs" --define=TARGET_IS_TM4C123_RB1 --define=PART_TM4C123GH6PM -g --gcc --diag_warning=225 --diag_wrap=off --display_error_number --abi=eabi --preproc_with_compile --preproc_dependency="adc_timer_uart.d_raw"  "../adc_timer_uart.c"
Finished building: "../adc_timer_uart.c"
 
Building target: "Laboratorio11.out"
Invoking: Arm Linker
"C:/ti/ccs1110/ccs/tools/compiler/ti-cgt-arm_20.2.6.LTS/bin/armcl" -mv7M4 --code_state=16 --float_support=FPv4SPD16 -me --define=ccs="ccs" --define=TARGET_IS_TM4C123_RB1 --define=PART_TM4C123GH6PM -g --gcc --diag_warning=225 --diag_wrap=off --display_error_number --abi=eabi -z -m"Laboratorio11.map" --heap_size=0 --stack_size=512 -i"C:/ti/ccs1110/ccs/tools/compiler/ti-cgt-arm_20.2.6.LTS/lib" -i"C:/ti/ccs1110/ccs/tools/compiler/ti-cgt-arm_20.2.6.LTS/include" --reread_libs --diag_wrap=off --display_error_number --warn_sections --xml_link_info="Laboratorio11_linkInfo.xml" --rom_model -o "Laboratorio11.out" "./adc_timer_uart.obj" "./adc_timer_uart_startup_ccs.obj" "./uartstdio.obj" "C:/ti/TivaWare_C_Series-2.1.4.178/driverlib/ccs/Debug/driverlib.lib" "../tm4c123gh6pm.cmd"  -llibc.a 
<Linking>
Finished building target: "Laboratorio11.out"
 

**** Build Finished ****

**** Build of configuration Debug for project Laboratorio11 ****

"C:\\ti\\ccs1110\\ccs\\utils\\bin\\gmake" -k -j 4 all -O 
 
Building file: "../adc_timer_uart.c"
Invoking: Arm Compiler
"C:/ti/ccs1110/ccs/tools/compiler/ti-cgt-arm_20.2.6.LTS/bin/armcl" -mv7M4 --code_state=16 --float_support=FPv4SPD16 -me --include_path="C:/Users/isaac/OneDrive/Documentos/CCS2022/Laboratorio11" --include_path="C:/ti/TivaWare_C_Series-2.1.4.178" --include_path="C:/ti/ccs1110/ccs/tools/compiler/ti-cgt-arm_20.2.6.LTS/include" --define=ccs="ccs" --define=TARGET_IS_TM4C123_RB1 --define=PART_TM4C123GH6PM -g --gcc --diag_warning=225 --diag_wrap=off --display_error_number --abi=eabi --preproc_with_compile --preproc_dependency="adc_timer_uart.d_raw"  "../adc_timer_uart.c"
 
>> Compilation failure
subdir_rules.mk:9: recipe for target 'adc_timer_uart.obj' failed
"../adc_timer_uart.c", line 139: error #20: identifier "leo" is undefined
1 error detected in the compilation of "../adc_timer_uart.c".
gmake: *** [adc_timer_uart.obj] Error 1
gmake: Target 'all' not remade because of errors.

**** Build Finished ****

**** Build of configuration Debug for project Laboratorio11 ****

"C:\\ti\\ccs1110\\ccs\\utils\\bin\\gmake" -k -j 4 all -O 
 
Building file: "../adc_timer_uart.c"
Invoking: Arm Compiler
"C:/ti/ccs1110/ccs/tools/compiler/ti-cgt-arm_20.2.6.LTS/bin/armcl" -mv7M4 --code_state=16 --float_support=FPv4SPD16 -me --include_path="C:/Users/isaac/OneDrive/Documentos/CCS2022/Laboratorio11" --include_path="C:/ti/TivaWare_C_Series-2.1.4.178" --include_path="C:/ti/ccs1110/ccs/tools/compiler/ti-cgt-arm_20.2.6.LTS/include" --define=ccs="ccs" --define=TARGET_IS_TM4C123_RB1 --define=PART_TM4C123GH6PM -g --gcc --diag_warning=225 --diag_wrap=off --display_error_number --abi=eabi --preproc_with_compile --preproc_dependency="adc_timer_uart.d_raw"  "../adc_timer_uart.c"
 
>> Compilation failure
subdir_rules.mk:9: recipe for target 'adc_timer_uart.obj' failed
"../adc_timer_uart.c", line 139: error #20: identifier "leo" is undefined
1 error detected in the compilation of "../adc_timer_uart.c".
gmake: *** [adc_timer_uart.obj] Error 1
gmake: Target 'all' not remade because of errors.

**** Build Finished ****

**** Build of configuration Debug for project Laboratorio11 ****

"C:\\ti\\ccs1110\\ccs\\utils\\bin\\gmake" -k -j 4 all -O 
 
Building file: "../adc_timer_uart.c"
Invoking: Arm Compiler
"C:/ti/ccs1110/ccs/tools/compiler/ti-cgt-arm_20.2.6.LTS/bin/armcl" -mv7M4 --code_state=16 --float_support=FPv4SPD16 -me --include_path="C:/Users/isaac/OneDrive/Documentos/CCS2022/Laboratorio11" --include_path="C:/ti/TivaWare_C_Series-2.1.4.178" --include_path="C:/ti/ccs1110/ccs/tools/compiler/ti-cgt-arm_20.2.6.LTS/include" --define=ccs="ccs" --define=TARGET_IS_TM4C123_RB1 --define=PART_TM4C123GH6PM -g --gcc --diag_warning=225 --diag_wrap=off --display_error_number --abi=eabi --preproc_with_compile --preproc_dependency="adc_timer_uart.d_raw"  "../adc_timer_uart.c"
Finished building: "../adc_timer_uart.c"
 
Building target: "Laboratorio11.out"
Invoking: Arm Linker
"C:/ti/ccs1110/ccs/tools/compiler/ti-cgt-arm_20.2.6.LTS/bin/armcl" -mv7M4 --code_state=16 --float_support=FPv4SPD16 -me --define=ccs="ccs" --define=TARGET_IS_TM4C123_RB1 --define=PART_TM4C123GH6PM -g --gcc --diag_warning=225 --diag_wrap=off --display_error_number --abi=eabi -z -m"Laboratorio11.map" --heap_size=0 --stack_size=512 -i"C:/ti/ccs1110/ccs/tools/compiler/ti-cgt-arm_20.2.6.LTS/lib" -i"C:/ti/ccs1110/ccs/tools/compiler/ti-cgt-arm_20.2.6.LTS/include" --reread_libs --diag_wrap=off --display_error_number --warn_sections --xml_link_info="Laboratorio11_linkInfo.xml" --rom_model -o "Laboratorio11.out" "./adc_timer_uart.obj" "./adc_timer_uart_startup_ccs.obj" "./uartstdio.obj" "C:/ti/TivaWare_C_Series-2.1.4.178/driverlib/ccs/Debug/driverlib.lib" "../tm4c123gh6pm.cmd"  -llibc.a 
<Linking>
Finished building target: "Laboratorio11.out"
 

**** Build Finished ****

**** Build of configuration Debug for project Laboratorio11 ****

"C:\\ti\\ccs1110\\ccs\\utils\\bin\\gmake" -k -j 4 all -O 
 
gmake[1]: 'Laboratorio11.out' is up to date.

**** Build Finished ****

**** Build of configuration Debug for project Laboratorio11 ****

"C:\\ti\\ccs1110\\ccs\\utils\\bin\\gmake" -k -j 4 all -O 
 
Building file: "../adc_timer_uart.c"
Invoking: Arm Compiler
"C:/ti/ccs1110/ccs/tools/compiler/ti-cgt-arm_20.2.6.LTS/bin/armcl" -mv7M4 --code_state=16 --float_support=FPv4SPD16 -me --include_path="C:/Users/isaac/OneDrive/Documentos/CCS2022/Laboratorio11" --include_path="C:/ti/TivaWare_C_Series-2.1.4.178" --include_path="C:/ti/ccs1110/ccs/tools/compiler/ti-cgt-arm_20.2.6.LTS/include" --define=ccs="ccs" --define=TARGET_IS_TM4C123_RB1 --define=PART_TM4C123GH6PM -g --gcc --diag_warning=225 --diag_wrap=off --display_error_number --abi=eabi --preproc_with_compile --preproc_dependency="adc_timer_uart.d_raw"  "../adc_timer_uart.c"
Finished building: "../adc_timer_uart.c"
 
Building target: "Laboratorio11.out"
Invoking: Arm Linker
"C:/ti/ccs1110/ccs/tools/compiler/ti-cgt-arm_20.2.6.LTS/bin/armcl" -mv7M4 --code_state=16 --float_support=FPv4SPD16 -me --define=ccs="ccs" --define=TARGET_IS_TM4C123_RB1 --define=PART_TM4C123GH6PM -g --gcc --diag_warning=225 --diag_wrap=off --display_error_number --abi=eabi -z -m"Laboratorio11.map" --heap_size=0 --stack_size=512 -i"C:/ti/ccs1110/ccs/tools/compiler/ti-cgt-arm_20.2.6.LTS/lib" -i"C:/ti/ccs1110/ccs/tools/compiler/ti-cgt-arm_20.2.6.LTS/include" --reread_libs --diag_wrap=off --display_error_number --warn_sections --xml_link_info="Laboratorio11_linkInfo.xml" --rom_model -o "Laboratorio11.out" "./adc_timer_uart.obj" "./adc_timer_uart_startup_ccs.obj" "./uartstdio.obj" "C:/ti/TivaWare_C_Series-2.1.4.178/driverlib/ccs/Debug/driverlib.lib" "../tm4c123gh6pm.cmd"  -llibc.a 
<Linking>
Finished building target: "Laboratorio11.out"
 

**** Build Finished ****

**** Build of configuration Debug for project Laboratorio11 ****

"C:\\ti\\ccs1110\\ccs\\utils\\bin\\gmake" -k -j 4 all -O 
 
Building file: "../adc_timer_uart.c"
Invoking: Arm Compiler
"C:/ti/ccs1110/ccs/tools/compiler/ti-cgt-arm_20.2.6.LTS/bin/armcl" -mv7M4 --code_state=16 --float_support=FPv4SPD16 -me --include_path="C:/Users/isaac/OneDrive/Documentos/CCS2022/Laboratorio11" --include_path="C:/ti/TivaWare_C_Series-2.1.4.178" --include_path="C:/ti/ccs1110/ccs/tools/compiler/ti-cgt-arm_20.2.6.LTS/include" --define=ccs="ccs" --define=TARGET_IS_TM4C123_RB1 --define=PART_TM4C123GH6PM -g --gcc --diag_warning=225 --diag_wrap=off --display_error_number --abi=eabi --preproc_with_compile --preproc_dependency="adc_timer_uart.d_raw"  "../adc_timer_uart.c"
Finished building: "../adc_timer_uart.c"
 
Building target: "Laboratorio11.out"
Invoking: Arm Linker
"C:/ti/ccs1110/ccs/tools/compiler/ti-cgt-arm_20.2.6.LTS/bin/armcl" -mv7M4 --code_state=16 --float_support=FPv4SPD16 -me --define=ccs="ccs" --define=TARGET_IS_TM4C123_RB1 --define=PART_TM4C123GH6PM -g --gcc --diag_warning=225 --diag_wrap=off --display_error_number --abi=eabi -z -m"Laboratorio11.map" --heap_size=0 --stack_size=512 -i"C:/ti/ccs1110/ccs/tools/compiler/ti-cgt-arm_20.2.6.LTS/lib" -i"C:/ti/ccs1110/ccs/tools/compiler/ti-cgt-arm_20.2.6.LTS/include" --reread_libs --diag_wrap=off --display_error_number --warn_sections --xml_link_info="Laboratorio11_linkInfo.xml" --rom_model -o "Laboratorio11.out" "./adc_timer_uart.obj" "./adc_timer_uart_startup_ccs.obj" "./uartstdio.obj" "C:/ti/TivaWare_C_Series-2.1.4.178/driverlib/ccs/Debug/driverlib.lib" "../tm4c123gh6pm.cmd"  -llibc.a 
<Linking>
Finished building target: "Laboratorio11.out"
 

**** Build Finished ****

**** Build of configuration Debug for project Laboratorio11 ****

"C:\\ti\\ccs1110\\ccs\\utils\\bin\\gmake" -k -j 4 all -O 
 
Building file: "../adc_timer_uart.c"
Invoking: Arm Compiler
"C:/ti/ccs1110/ccs/tools/compiler/ti-cgt-arm_20.2.6.LTS/bin/armcl" -mv7M4 --code_state=16 --float_support=FPv4SPD16 -me --include_path="C:/Users/isaac/OneDrive/Documentos/CCS2022/Laboratorio11" --include_path="C:/ti/TivaWare_C_Series-2.1.4.178" --include_path="C:/ti/ccs1110/ccs/tools/compiler/ti-cgt-arm_20.2.6.LTS/include" --define=ccs="ccs" --define=TARGET_IS_TM4C123_RB1 --define=PART_TM4C123GH6PM -g --gcc --diag_warning=225 --diag_wrap=off --display_error_number --abi=eabi --preproc_with_compile --preproc_dependency="adc_timer_uart.d_raw"  "../adc_timer_uart.c"
Finished building: "../adc_timer_uart.c"
 
Building target: "Laboratorio11.out"
Invoking: Arm Linker
"C:/ti/ccs1110/ccs/tools/compiler/ti-cgt-arm_20.2.6.LTS/bin/armcl" -mv7M4 --code_state=16 --float_support=FPv4SPD16 -me --define=ccs="ccs" --define=TARGET_IS_TM4C123_RB1 --define=PART_TM4C123GH6PM -g --gcc --diag_warning=225 --diag_wrap=off --display_error_number --abi=eabi -z -m"Laboratorio11.map" --heap_size=0 --stack_size=512 -i"C:/ti/ccs1110/ccs/tools/compiler/ti-cgt-arm_20.2.6.LTS/lib" -i"C:/ti/ccs1110/ccs/tools/compiler/ti-cgt-arm_20.2.6.LTS/include" --reread_libs --diag_wrap=off --display_error_number --warn_sections --xml_link_info="Laboratorio11_linkInfo.xml" --rom_model -o "Laboratorio11.out" "./adc_timer_uart.obj" "./adc_timer_uart_startup_ccs.obj" "./uartstdio.obj" "C:/ti/TivaWare_C_Series-2.1.4.178/driverlib/ccs/Debug/driverlib.lib" "../tm4c123gh6pm.cmd"  -llibc.a 
<Linking>
Finished building target: "Laboratorio11.out"
 

**** Build Finished ****

**** Build of configuration Debug for project Laboratorio11 ****

"C:\\ti\\ccs1110\\ccs\\utils\\bin\\gmake" -k -j 4 all -O 
 
Building file: "../adc_timer_uart.c"
Invoking: Arm Compiler
"C:/ti/ccs1110/ccs/tools/compiler/ti-cgt-arm_20.2.6.LTS/bin/armcl" -mv7M4 --code_state=16 --float_support=FPv4SPD16 -me --include_path="C:/Users/isaac/OneDrive/Documentos/CCS2022/Laboratorio11" --include_path="C:/ti/TivaWare_C_Series-2.1.4.178" --include_path="C:/ti/ccs1110/ccs/tools/compiler/ti-cgt-arm_20.2.6.LTS/include" --define=ccs="ccs" --define=TARGET_IS_TM4C123_RB1 --define=PART_TM4C123GH6PM -g --gcc --diag_warning=225 --diag_wrap=off --display_error_number --abi=eabi --preproc_with_compile --preproc_dependency="adc_timer_uart.d_raw"  "../adc_timer_uart.c"
Finished building: "../adc_timer_uart.c"
 
Building target: "Laboratorio11.out"
Invoking: Arm Linker
"C:/ti/ccs1110/ccs/tools/compiler/ti-cgt-arm_20.2.6.LTS/bin/armcl" -mv7M4 --code_state=16 --float_support=FPv4SPD16 -me --define=ccs="ccs" --define=TARGET_IS_TM4C123_RB1 --define=PART_TM4C123GH6PM -g --gcc --diag_warning=225 --diag_wrap=off --display_error_number --abi=eabi -z -m"Laboratorio11.map" --heap_size=0 --stack_size=512 -i"C:/ti/ccs1110/ccs/tools/compiler/ti-cgt-arm_20.2.6.LTS/lib" -i"C:/ti/ccs1110/ccs/tools/compiler/ti-cgt-arm_20.2.6.LTS/include" --reread_libs --diag_wrap=off --display_error_number --warn_sections --xml_link_info="Laboratorio11_linkInfo.xml" --rom_model -o "Laboratorio11.out" "./adc_timer_uart.obj" "./adc_timer_uart_startup_ccs.obj" "./uartstdio.obj" "C:/ti/TivaWare_C_Series-2.1.4.178/driverlib/ccs/Debug/driverlib.lib" "../tm4c123gh6pm.cmd"  -llibc.a 
<Linking>
Finished building target: "Laboratorio11.out"
 

**** Build Finished ****

**** Build of configuration Debug for project Laboratorio11 ****

"C:\\ti\\ccs1110\\ccs\\utils\\bin\\gmake" -k -j 4 all -O 
 
Building file: "../adc_timer_uart.c"
Invoking: Arm Compiler
"C:/ti/ccs1110/ccs/tools/compiler/ti-cgt-arm_20.2.6.LTS/bin/armcl" -mv7M4 --code_state=16 --float_support=FPv4SPD16 -me --include_path="C:/Users/isaac/OneDrive/Documentos/CCS2022/Laboratorio11" --include_path="C:/ti/TivaWare_C_Series-2.1.4.178" --include_path="C:/ti/ccs1110/ccs/tools/compiler/ti-cgt-arm_20.2.6.LTS/include" --define=ccs="ccs" --define=TARGET_IS_TM4C123_RB1 --define=PART_TM4C123GH6PM -g --gcc --diag_warning=225 --diag_wrap=off --display_error_number --abi=eabi --preproc_with_compile --preproc_dependency="adc_timer_uart.d_raw"  "../adc_timer_uart.c"
Finished building: "../adc_timer_uart.c"
 
Building target: "Laboratorio11.out"
Invoking: Arm Linker
"C:/ti/ccs1110/ccs/tools/compiler/ti-cgt-arm_20.2.6.LTS/bin/armcl" -mv7M4 --code_state=16 --float_support=FPv4SPD16 -me --define=ccs="ccs" --define=TARGET_IS_TM4C123_RB1 --define=PART_TM4C123GH6PM -g --gcc --diag_warning=225 --diag_wrap=off --display_error_number --abi=eabi -z -m"Laboratorio11.map" --heap_size=0 --stack_size=512 -i"C:/ti/ccs1110/ccs/tools/compiler/ti-cgt-arm_20.2.6.LTS/lib" -i"C:/ti/ccs1110/ccs/tools/compiler/ti-cgt-arm_20.2.6.LTS/include" --reread_libs --diag_wrap=off --display_error_number --warn_sections --xml_link_info="Laboratorio11_linkInfo.xml" --rom_model -o "Laboratorio11.out" "./adc_timer_uart.obj" "./adc_timer_uart_startup_ccs.obj" "./uartstdio.obj" "C:/ti/TivaWare_C_Series-2.1.4.178/driverlib/ccs/Debug/driverlib.lib" "../tm4c123gh6pm.cmd"  -llibc.a 
<Linking>
Finished building target: "Laboratorio11.out"
 

**** Build Finished ****

**** Build of configuration Debug for project Laboratorio11 ****

"C:\\ti\\ccs1110\\ccs\\utils\\bin\\gmake" -k -j 4 all -O 
 
Building file: "../adc_timer_uart.c"
Invoking: Arm Compiler
"C:/ti/ccs1110/ccs/tools/compiler/ti-cgt-arm_20.2.6.LTS/bin/armcl" -mv7M4 --code_state=16 --float_support=FPv4SPD16 -me --include_path="C:/Users/isaac/OneDrive/Documentos/CCS2022/Laboratorio11" --include_path="C:/ti/TivaWare_C_Series-2.1.4.178" --include_path="C:/ti/ccs1110/ccs/tools/compiler/ti-cgt-arm_20.2.6.LTS/include" --define=ccs="ccs" --define=TARGET_IS_TM4C123_RB1 --define=PART_TM4C123GH6PM -g --gcc --diag_warning=225 --diag_wrap=off --display_error_number --abi=eabi --preproc_with_compile --preproc_dependency="adc_timer_uart.d_raw"  "../adc_timer_uart.c"
"../adc_timer_uart.c", line 196: warning #169-D: argument of type "uint16_t" is incompatible with parameter of type "const char *"
Finished building: "../adc_timer_uart.c"
 
Building target: "Laboratorio11.out"
Invoking: Arm Linker
"C:/ti/ccs1110/ccs/tools/compiler/ti-cgt-arm_20.2.6.LTS/bin/armcl" -mv7M4 --code_state=16 --float_support=FPv4SPD16 -me --define=ccs="ccs" --define=TARGET_IS_TM4C123_RB1 --define=PART_TM4C123GH6PM -g --gcc --diag_warning=225 --diag_wrap=off --display_error_number --abi=eabi -z -m"Laboratorio11.map" --heap_size=0 --stack_size=512 -i"C:/ti/ccs1110/ccs/tools/compiler/ti-cgt-arm_20.2.6.LTS/lib" -i"C:/ti/ccs1110/ccs/tools/compiler/ti-cgt-arm_20.2.6.LTS/include" --reread_libs --diag_wrap=off --display_error_number --warn_sections --xml_link_info="Laboratorio11_linkInfo.xml" --rom_model -o "Laboratorio11.out" "./adc_timer_uart.obj" "./adc_timer_uart_startup_ccs.obj" "./uartstdio.obj" "C:/ti/TivaWare_C_Series-2.1.4.178/driverlib/ccs/Debug/driverlib.lib" "../tm4c123gh6pm.cmd"  -llibc.a 
<Linking>
Finished building target: "Laboratorio11.out"
 

**** Build Finished ****

**** Build of configuration Debug for project Laboratorio11 ****

"C:\\ti\\ccs1110\\ccs\\utils\\bin\\gmake" -k -j 4 all -O 
 
Building file: "../adc_timer_uart.c"
Invoking: Arm Compiler
"C:/ti/ccs1110/ccs/tools/compiler/ti-cgt-arm_20.2.6.LTS/bin/armcl" -mv7M4 --code_state=16 --float_support=FPv4SPD16 -me --include_path="C:/Users/isaac/OneDrive/Documentos/CCS2022/Laboratorio11" --include_path="C:/ti/TivaWare_C_Series-2.1.4.178" --include_path="C:/ti/ccs1110/ccs/tools/compiler/ti-cgt-arm_20.2.6.LTS/include" --define=ccs="ccs" --define=TARGET_IS_TM4C123_RB1 --define=PART_TM4C123GH6PM -g --gcc --diag_warning=225 --diag_wrap=off --display_error_number --abi=eabi --preproc_with_compile --preproc_dependency="adc_timer_uart.d_raw"  "../adc_timer_uart.c"
"../adc_timer_uart.c", line 196: warning #169-D: argument of type "int" is incompatible with parameter of type "const char *"
Finished building: "../adc_timer_uart.c"
 
Building target: "Laboratorio11.out"
Invoking: Arm Linker
"C:/ti/ccs1110/ccs/tools/compiler/ti-cgt-arm_20.2.6.LTS/bin/armcl" -mv7M4 --code_state=16 --float_support=FPv4SPD16 -me --define=ccs="ccs" --define=TARGET_IS_TM4C123_RB1 --define=PART_TM4C123GH6PM -g --gcc --diag_warning=225 --diag_wrap=off --display_error_number --abi=eabi -z -m"Laboratorio11.map" --heap_size=0 --stack_size=512 -i"C:/ti/ccs1110/ccs/tools/compiler/ti-cgt-arm_20.2.6.LTS/lib" -i"C:/ti/ccs1110/ccs/tools/compiler/ti-cgt-arm_20.2.6.LTS/include" --reread_libs --diag_wrap=off --display_error_number --warn_sections --xml_link_info="Laboratorio11_linkInfo.xml" --rom_model -o "Laboratorio11.out" "./adc_timer_uart.obj" "./adc_timer_uart_startup_ccs.obj" "./uartstdio.obj" "C:/ti/TivaWare_C_Series-2.1.4.178/driverlib/ccs/Debug/driverlib.lib" "../tm4c123gh6pm.cmd"  -llibc.a 
<Linking>
Finished building target: "Laboratorio11.out"
 

**** Build Finished ****

**** Build of configuration Debug for project Laboratorio11 ****

"C:\\ti\\ccs1110\\ccs\\utils\\bin\\gmake" -k -j 4 all -O 
 
Building file: "../adc_timer_uart.c"
Invoking: Arm Compiler
"C:/ti/ccs1110/ccs/tools/compiler/ti-cgt-arm_20.2.6.LTS/bin/armcl" -mv7M4 --code_state=16 --float_support=FPv4SPD16 -me --include_path="C:/Users/isaac/OneDrive/Documentos/CCS2022/Laboratorio11" --include_path="C:/ti/TivaWare_C_Series-2.1.4.178" --include_path="C:/ti/ccs1110/ccs/tools/compiler/ti-cgt-arm_20.2.6.LTS/include" --define=ccs="ccs" --define=TARGET_IS_TM4C123_RB1 --define=PART_TM4C123GH6PM -g --gcc --diag_warning=225 --diag_wrap=off --display_error_number --abi=eabi --preproc_with_compile --preproc_dependency="adc_timer_uart.d_raw"  "../adc_timer_uart.c"
Finished building: "../adc_timer_uart.c"
 
Building target: "Laboratorio11.out"
Invoking: Arm Linker
"C:/ti/ccs1110/ccs/tools/compiler/ti-cgt-arm_20.2.6.LTS/bin/armcl" -mv7M4 --code_state=16 --float_support=FPv4SPD16 -me --define=ccs="ccs" --define=TARGET_IS_TM4C123_RB1 --define=PART_TM4C123GH6PM -g --gcc --diag_warning=225 --diag_wrap=off --display_error_number --abi=eabi -z -m"Laboratorio11.map" --heap_size=0 --stack_size=512 -i"C:/ti/ccs1110/ccs/tools/compiler/ti-cgt-arm_20.2.6.LTS/lib" -i"C:/ti/ccs1110/ccs/tools/compiler/ti-cgt-arm_20.2.6.LTS/include" --reread_libs --diag_wrap=off --display_error_number --warn_sections --xml_link_info="Laboratorio11_linkInfo.xml" --rom_model -o "Laboratorio11.out" "./adc_timer_uart.obj" "./adc_timer_uart_startup_ccs.obj" "./uartstdio.obj" "C:/ti/TivaWare_C_Series-2.1.4.178/driverlib/ccs/Debug/driverlib.lib" "../tm4c123gh6pm.cmd"  -llibc.a 
<Linking>
Finished building target: "Laboratorio11.out"
 

**** Build Finished ****

**** Build of configuration Debug for project Laboratorio11 ****

"C:\\ti\\ccs1110\\ccs\\utils\\bin\\gmake" -k -j 4 all -O 
 
Building file: "../adc_timer_uart.c"
Invoking: Arm Compiler
"C:/ti/ccs1110/ccs/tools/compiler/ti-cgt-arm_20.2.6.LTS/bin/armcl" -mv7M4 --code_state=16 --float_support=FPv4SPD16 -me --include_path="C:/Users/isaac/OneDrive/Documentos/CCS2022/Laboratorio11" --include_path="C:/ti/TivaWare_C_Series-2.1.4.178" --include_path="C:/ti/ccs1110/ccs/tools/compiler/ti-cgt-arm_20.2.6.LTS/include" --define=ccs="ccs" --define=TARGET_IS_TM4C123_RB1 --define=PART_TM4C123GH6PM -g --gcc --diag_warning=225 --diag_wrap=off --display_error_number --abi=eabi --preproc_with_compile --preproc_dependency="adc_timer_uart.d_raw"  "../adc_timer_uart.c"
Finished building: "../adc_timer_uart.c"
 
Building target: "Laboratorio11.out"
Invoking: Arm Linker
"C:/ti/ccs1110/ccs/tools/compiler/ti-cgt-arm_20.2.6.LTS/bin/armcl" -mv7M4 --code_state=16 --float_support=FPv4SPD16 -me --define=ccs="ccs" --define=TARGET_IS_TM4C123_RB1 --define=PART_TM4C123GH6PM -g --gcc --diag_warning=225 --diag_wrap=off --display_error_number --abi=eabi -z -m"Laboratorio11.map" --heap_size=0 --stack_size=512 -i"C:/ti/ccs1110/ccs/tools/compiler/ti-cgt-arm_20.2.6.LTS/lib" -i"C:/ti/ccs1110/ccs/tools/compiler/ti-cgt-arm_20.2.6.LTS/include" --reread_libs --diag_wrap=off --display_error_number --warn_sections --xml_link_info="Laboratorio11_linkInfo.xml" --rom_model -o "Laboratorio11.out" "./adc_timer_uart.obj" "./adc_timer_uart_startup_ccs.obj" "./uartstdio.obj" "C:/ti/TivaWare_C_Series-2.1.4.178/driverlib/ccs/Debug/driverlib.lib" "../tm4c123gh6pm.cmd"  -llibc.a 
<Linking>
Finished building target: "Laboratorio11.out"
 

**** Build Finished ****

**** Build of configuration Debug for project Laboratorio11 ****

"C:\\ti\\ccs1110\\ccs\\utils\\bin\\gmake" -k -j 4 all -O 
 
gmake[1]: 'Laboratorio11.out' is up to date.

**** Build Finished ****

**** Build of configuration Debug for project Laboratorio11 ****

"C:\\ti\\ccs1110\\ccs\\utils\\bin\\gmake" -k -j 4 all -O 
 
gmake[1]: 'Laboratorio11.out' is up to date.

**** Build Finished ****

**** Clean-only build of configuration Debug for project Proyecto ****

"C:\\ti\\ccs1110\\ccs\\utils\\bin\\gmake" -k -j 4 clean -O 
 
DEL /F  "Proyecto.hex"  "Proyecto.out" 
DEL /F "adc_timer_uart.obj" "adc_timer_uart_startup_ccs.obj" "uartstdio.obj" 
DEL /F "adc_timer_uart.d" "adc_timer_uart_startup_ccs.d" "uartstdio.d" 
No se pudo encontrar C:\Users\isaac\OneDrive\Documentos\CCS2022\Proyecto\Debug\Proyecto.hex
Finished clean
 

**** Build Finished ****

**** Build of configuration Debug for project Proyecto ****

"C:\\ti\\ccs1110\\ccs\\utils\\bin\\gmake" -k -j 4 all -O 
 
Building file: "../tm4c123gh6pm_startup_ccs.c"
Invoking: Arm Compiler
"C:/ti/ccs1110/ccs/tools/compiler/ti-cgt-arm_20.2.6.LTS/bin/armcl" -mv7M4 --code_state=16 --float_support=FPv4SPD16 -me --include_path="C:/Users/isaac/OneDrive/Documentos/CCS2022/Proyecto" --include_path="C:/ti/TivaWare_C_Series-2.1.4.178" --include_path="C:/ti/ccs1110/ccs/tools/compiler/ti-cgt-arm_20.2.6.LTS/include" --define=ccs="ccs" --define=TARGET_IS_TM4C123_RB1 --define=PART_TM4C123GH6PM -g --gcc --diag_warning=225 --diag_wrap=off --display_error_number --abi=eabi --preproc_with_compile --preproc_dependency="tm4c123gh6pm_startup_ccs.d_raw"  "../tm4c123gh6pm_startup_ccs.c"
Finished building: "../tm4c123gh6pm_startup_ccs.c"
 
Building file: "../main.c"
Invoking: Arm Compiler
"C:/ti/ccs1110/ccs/tools/compiler/ti-cgt-arm_20.2.6.LTS/bin/armcl" -mv7M4 --code_state=16 --float_support=FPv4SPD16 -me --include_path="C:/Users/isaac/OneDrive/Documentos/CCS2022/Proyecto" --include_path="C:/ti/TivaWare_C_Series-2.1.4.178" --include_path="C:/ti/ccs1110/ccs/tools/compiler/ti-cgt-arm_20.2.6.LTS/include" --define=ccs="ccs" --define=TARGET_IS_TM4C123_RB1 --define=PART_TM4C123GH6PM -g --gcc --diag_warning=225 --diag_wrap=off --display_error_number --abi=eabi --preproc_with_compile --preproc_dependency="main.d_raw"  "../main.c"
Finished building: "../main.c"
 
Building target: "Proyecto.out"
Invoking: Arm Linker
"C:/ti/ccs1110/ccs/tools/compiler/ti-cgt-arm_20.2.6.LTS/bin/armcl" -mv7M4 --code_state=16 --float_support=FPv4SPD16 -me --define=ccs="ccs" --define=TARGET_IS_TM4C123_RB1 --define=PART_TM4C123GH6PM -g --gcc --diag_warning=225 --diag_wrap=off --display_error_number --abi=eabi -z -m"Proyecto.map" --heap_size=0 --stack_size=512 -i"C:/ti/ccs1110/ccs/tools/compiler/ti-cgt-arm_20.2.6.LTS/lib" -i"C:/ti/ccs1110/ccs/tools/compiler/ti-cgt-arm_20.2.6.LTS/include" --reread_libs --diag_wrap=off --display_error_number --warn_sections --xml_link_info="Proyecto_linkInfo.xml" --rom_model -o "Proyecto.out" "./main.obj" "./tm4c123gh6pm_startup_ccs.obj" "C:/ti/TivaWare_C_Series-2.1.4.178/driverlib/ccs/Debug/driverlib.lib" "../tm4c123gh6pm.cmd"  -llibc.a 
<Linking>
 
 undefined       first referenced
  symbol             in file     
 ---------       ----------------
 UARTStdioConfig ./main.obj      
 UARTprintf      ./main.obj      
 
error #10234-D: unresolved symbols remain
error #10010: errors encountered during linking; "Proyecto.out" not built
 
>> Compilation failure
makefile:143: recipe for target 'Proyecto.out' failed
gmake[1]: *** [Proyecto.out] Error 1
makefile:139: recipe for target 'all' failed
gmake: *** [all] Error 2

**** Build Finished ****

**** Clean-only build of configuration Debug for project proyecto ****

"C:\\ti\\ccs1110\\ccs\\utils\\bin\\gmake" -k -j 4 clean -O 
 
DEL /F  "proyecto.hex"  "proyecto.out" 
DEL /F "adc_timer_uart.obj" "adc_timer_uart_startup_ccs.obj" "tm4c123gh6pm_startup_ccs.obj" "uartstdio.obj" 
DEL /F "adc_timer_uart.d" "adc_timer_uart_startup_ccs.d" "tm4c123gh6pm_startup_ccs.d" "uartstdio.d" 
No se pudo encontrar C:\Users\isaac\OneDrive\Documentos\CCS2022\proyecto\Debug\proyecto.hex
Finished clean
 

**** Build Finished ****

**** Build of configuration Debug for project proyecto ****

"C:\\ti\\ccs1110\\ccs\\utils\\bin\\gmake" -k -j 4 all -O 
 
Building file: "../adc_timer_uart.c"
Invoking: Arm Compiler
"C:/ti/ccs1110/ccs/tools/compiler/ti-cgt-arm_20.2.6.LTS/bin/armcl" -mv7M4 --code_state=16 --float_support=FPv4SPD16 -me --include_path="C:/Users/isaac/OneDrive/Documentos/CCS2022/proyecto" --include_path="C:/ti/TivaWare_C_Series-2.1.4.178" --include_path="C:/ti/ccs1110/ccs/tools/compiler/ti-cgt-arm_20.2.6.LTS/include" --define=ccs="ccs" --define=TARGET_IS_TM4C123_RB1 --define=PART_TM4C123GH6PM -g --gcc --diag_warning=225 --diag_wrap=off --display_error_number --abi=eabi --preproc_with_compile --preproc_dependency="adc_timer_uart.d_raw"  "../adc_timer_uart.c"
 
>> Compilation failure
subdir_rules.mk:9: recipe for target 'adc_timer_uart.obj' failed
"../adc_timer_uart.c", line 71: warning #179-D: variable "pui32residual" was declared but never referenced
"../adc_timer_uart.c", line 274: error #20: identifier "pui32residual" is undefined
1 error detected in the compilation of "../adc_timer_uart.c".
gmake: *** [adc_timer_uart.obj] Error 1
Building file: "../adc_timer_uart_startup_ccs.c"
Invoking: Arm Compiler
"C:/ti/ccs1110/ccs/tools/compiler/ti-cgt-arm_20.2.6.LTS/bin/armcl" -mv7M4 --code_state=16 --float_support=FPv4SPD16 -me --include_path="C:/Users/isaac/OneDrive/Documentos/CCS2022/proyecto" --include_path="C:/ti/TivaWare_C_Series-2.1.4.178" --include_path="C:/ti/ccs1110/ccs/tools/compiler/ti-cgt-arm_20.2.6.LTS/include" --define=ccs="ccs" --define=TARGET_IS_TM4C123_RB1 --define=PART_TM4C123GH6PM -g --gcc --diag_warning=225 --diag_wrap=off --display_error_number --abi=eabi --preproc_with_compile --preproc_dependency="adc_timer_uart_startup_ccs.d_raw"  "../adc_timer_uart_startup_ccs.c"
Finished building: "../adc_timer_uart_startup_ccs.c"
 
Building file: "../tm4c123gh6pm_startup_ccs.c"
Invoking: Arm Compiler
"C:/ti/ccs1110/ccs/tools/compiler/ti-cgt-arm_20.2.6.LTS/bin/armcl" -mv7M4 --code_state=16 --float_support=FPv4SPD16 -me --include_path="C:/Users/isaac/OneDrive/Documentos/CCS2022/proyecto" --include_path="C:/ti/TivaWare_C_Series-2.1.4.178" --include_path="C:/ti/ccs1110/ccs/tools/compiler/ti-cgt-arm_20.2.6.LTS/include" --define=ccs="ccs" --define=TARGET_IS_TM4C123_RB1 --define=PART_TM4C123GH6PM -g --gcc --diag_warning=225 --diag_wrap=off --display_error_number --abi=eabi --preproc_with_compile --preproc_dependency="tm4c123gh6pm_startup_ccs.d_raw"  "../tm4c123gh6pm_startup_ccs.c"
Finished building: "../tm4c123gh6pm_startup_ccs.c"
 
Building file: "../main.c"
Invoking: Arm Compiler
"C:/ti/ccs1110/ccs/tools/compiler/ti-cgt-arm_20.2.6.LTS/bin/armcl" -mv7M4 --code_state=16 --float_support=FPv4SPD16 -me --include_path="C:/Users/isaac/OneDrive/Documentos/CCS2022/proyecto" --include_path="C:/ti/TivaWare_C_Series-2.1.4.178" --include_path="C:/ti/ccs1110/ccs/tools/compiler/ti-cgt-arm_20.2.6.LTS/include" --define=ccs="ccs" --define=TARGET_IS_TM4C123_RB1 --define=PART_TM4C123GH6PM -g --gcc --diag_warning=225 --diag_wrap=off --display_error_number --abi=eabi --preproc_with_compile --preproc_dependency="main.d_raw"  "../main.c"
Finished building: "../main.c"
 
Building file: "../uartstdio.c"
Invoking: Arm Compiler
"C:/ti/ccs1110/ccs/tools/compiler/ti-cgt-arm_20.2.6.LTS/bin/armcl" -mv7M4 --code_state=16 --float_support=FPv4SPD16 -me --include_path="C:/Users/isaac/OneDrive/Documentos/CCS2022/proyecto" --include_path="C:/ti/TivaWare_C_Series-2.1.4.178" --include_path="C:/ti/ccs1110/ccs/tools/compiler/ti-cgt-arm_20.2.6.LTS/include" --define=ccs="ccs" --define=TARGET_IS_TM4C123_RB1 --define=PART_TM4C123GH6PM -g --gcc --diag_warning=225 --diag_wrap=off --display_error_number --abi=eabi --preproc_with_compile --preproc_dependency="uartstdio.d_raw"  "../uartstdio.c"
Finished building: "../uartstdio.c"
 
gmake: Target 'all' not remade because of errors.

**** Build Finished ****

**** Build of configuration Debug for project proyecto ****

"C:\\ti\\ccs1110\\ccs\\utils\\bin\\gmake" -k -j 4 all -O 
 
Building file: "../adc_timer_uart.c"
Invoking: Arm Compiler
"C:/ti/ccs1110/ccs/tools/compiler/ti-cgt-arm_20.2.6.LTS/bin/armcl" -mv7M4 --code_state=16 --float_support=FPv4SPD16 -me --include_path="C:/Users/isaac/OneDrive/Documentos/CCS2022/proyecto" --include_path="C:/ti/TivaWare_C_Series-2.1.4.178" --include_path="C:/ti/ccs1110/ccs/tools/compiler/ti-cgt-arm_20.2.6.LTS/include" --define=ccs="ccs" --define=TARGET_IS_TM4C123_RB1 --define=PART_TM4C123GH6PM -g --gcc --diag_warning=225 --diag_wrap=off --display_error_number --abi=eabi --preproc_with_compile --preproc_dependency="adc_timer_uart.d_raw"  "../adc_timer_uart.c"
 
>> Compilation failure
subdir_rules.mk:9: recipe for target 'adc_timer_uart.obj' failed
"../adc_timer_uart.c", line 45: error #20: identifier "NUM_SPI_DATA" is undefined
1 error detected in the compilation of "../adc_timer_uart.c".
gmake: *** [adc_timer_uart.obj] Error 1
gmake: Target 'all' not remade because of errors.

**** Build Finished ****

**** Build of configuration Debug for project proyecto ****

"C:\\ti\\ccs1110\\ccs\\utils\\bin\\gmake" -k -j 4 all -O 
 
Building file: "../adc_timer_uart.c"
Invoking: Arm Compiler
"C:/ti/ccs1110/ccs/tools/compiler/ti-cgt-arm_20.2.6.LTS/bin/armcl" -mv7M4 --code_state=16 --float_support=FPv4SPD16 -me --include_path="C:/Users/isaac/OneDrive/Documentos/CCS2022/proyecto" --include_path="C:/ti/TivaWare_C_Series-2.1.4.178" --include_path="C:/ti/ccs1110/ccs/tools/compiler/ti-cgt-arm_20.2.6.LTS/include" --define=ccs="ccs" --define=TARGET_IS_TM4C123_RB1 --define=PART_TM4C123GH6PM -g --gcc --diag_warning=225 --diag_wrap=off --display_error_number --abi=eabi --preproc_with_compile --preproc_dependency="adc_timer_uart.d_raw"  "../adc_timer_uart.c"
 
>> Compilation failure
subdir_rules.mk:9: recipe for target 'adc_timer_uart.obj' failed
"../adc_timer_uart.c", line 45: error #20: identifier "NUM_SPI_DATA" is undefined
1 error detected in the compilation of "../adc_timer_uart.c".
gmake: *** [adc_timer_uart.obj] Error 1
gmake: Target 'all' not remade because of errors.

**** Build Finished ****

**** Build of configuration Debug for project proyecto ****

"C:\\ti\\ccs1110\\ccs\\utils\\bin\\gmake" -k -j 4 all -O 
 
Building file: "../adc_timer_uart.c"
Invoking: Arm Compiler
"C:/ti/ccs1110/ccs/tools/compiler/ti-cgt-arm_20.2.6.LTS/bin/armcl" -mv7M4 --code_state=16 --float_support=FPv4SPD16 -me --include_path="C:/Users/isaac/OneDrive/Documentos/CCS2022/proyecto" --include_path="C:/ti/TivaWare_C_Series-2.1.4.178" --include_path="C:/ti/ccs1110/ccs/tools/compiler/ti-cgt-arm_20.2.6.LTS/include" --define=ccs="ccs" --define=TARGET_IS_TM4C123_RB1 --define=PART_TM4C123GH6PM -g --gcc --diag_warning=225 --diag_wrap=off --display_error_number --abi=eabi --preproc_with_compile --preproc_dependency="adc_timer_uart.d_raw"  "../adc_timer_uart.c"
Finished building: "../adc_timer_uart.c"
 
Building target: "proyecto.out"
Invoking: Arm Linker
"C:/ti/ccs1110/ccs/tools/compiler/ti-cgt-arm_20.2.6.LTS/bin/armcl" -mv7M4 --code_state=16 --float_support=FPv4SPD16 -me --define=ccs="ccs" --define=TARGET_IS_TM4C123_RB1 --define=PART_TM4C123GH6PM -g --gcc --diag_warning=225 --diag_wrap=off --display_error_number --abi=eabi -z -m"proyecto.map" --heap_size=0 --stack_size=512 -i"C:/ti/ccs1110/ccs/tools/compiler/ti-cgt-arm_20.2.6.LTS/lib" -i"C:/ti/ccs1110/ccs/tools/compiler/ti-cgt-arm_20.2.6.LTS/include" --reread_libs --diag_wrap=off --display_error_number --warn_sections --xml_link_info="proyecto_linkInfo.xml" --rom_model -o "proyecto.out" "./adc_timer_uart.obj" "./adc_timer_uart_startup_ccs.obj" "./main.obj" "./tm4c123gh6pm_startup_ccs.obj" "./uartstdio.obj" "C:/ti/TivaWare_C_Series-2.1.4.178/driverlib/ccs/Debug/driverlib.lib" "../tm4c123gh6pm.cmd"  -llibc.a 
<Linking>
error #10056: symbol "main" redefined: first defined in "./adc_timer_uart.obj"; redefined in "./main.obj"
error #10056: symbol "InitConsole" redefined: first defined in "./adc_timer_uart.obj"; redefined in "./main.obj"
error #10056: symbol "Timer0IntHandler" redefined: first defined in "./adc_timer_uart.obj"; redefined in "./main.obj"
error #10056: symbol "ResetISR" redefined: first defined in "./adc_timer_uart_startup_ccs.obj"; redefined in "./tm4c123gh6pm_startup_ccs.obj"
error #10056: symbol "g_pfnVectors" redefined: first defined in "./adc_timer_uart_startup_ccs.obj"; redefined in "./tm4c123gh6pm_startup_ccs.obj"
error #10010: errors encountered during linking; "proyecto.out" not built
 
>> Compilation failure
makefile:146: recipe for target 'proyecto.out' failed
gmake[1]: *** [proyecto.out] Error 1
makefile:142: recipe for target 'all' failed
gmake: *** [all] Error 2

**** Build Finished ****

**** Build of configuration Debug for project proyecto ****

"C:\\ti\\ccs1110\\ccs\\utils\\bin\\gmake" -k -j 4 all -O 
 
Building target: "proyecto.out"
Invoking: Arm Linker
"C:/ti/ccs1110/ccs/tools/compiler/ti-cgt-arm_20.2.6.LTS/bin/armcl" -mv7M4 --code_state=16 --float_support=FPv4SPD16 -me --define=ccs="ccs" --define=TARGET_IS_TM4C123_RB1 --define=PART_TM4C123GH6PM -g --gcc --diag_warning=225 --diag_wrap=off --display_error_number --abi=eabi -z -m"proyecto.map" --heap_size=0 --stack_size=512 -i"C:/ti/ccs1110/ccs/tools/compiler/ti-cgt-arm_20.2.6.LTS/lib" -i"C:/ti/ccs1110/ccs/tools/compiler/ti-cgt-arm_20.2.6.LTS/include" --reread_libs --diag_wrap=off --display_error_number --warn_sections --xml_link_info="proyecto_linkInfo.xml" --rom_model -o "proyecto.out" "./adc_timer_uart.obj" "./adc_timer_uart_startup_ccs.obj" "./tm4c123gh6pm_startup_ccs.obj" "./uartstdio.obj" "C:/ti/TivaWare_C_Series-2.1.4.178/driverlib/ccs/Debug/driverlib.lib" "../tm4c123gh6pm.cmd"  -llibc.a 
<Linking>
error #10056: symbol "ResetISR" redefined: first defined in "./adc_timer_uart_startup_ccs.obj"; redefined in "./tm4c123gh6pm_startup_ccs.obj"
error #10056: symbol "g_pfnVectors" redefined: first defined in "./adc_timer_uart_startup_ccs.obj"; redefined in "./tm4c123gh6pm_startup_ccs.obj"
error #10010: errors encountered during linking; "proyecto.out" not built
 
>> Compilation failure
makefile:145: recipe for target 'proyecto.out' failed
gmake[1]: *** [proyecto.out] Error 1
makefile:141: recipe for target 'all' failed
gmake: *** [all] Error 2

**** Build Finished ****

**** Build of configuration Debug for project proyecto ****

"C:\\ti\\ccs1110\\ccs\\utils\\bin\\gmake" -k -j 4 all -O 
 
Building target: "proyecto.out"
Invoking: Arm Linker
"C:/ti/ccs1110/ccs/tools/compiler/ti-cgt-arm_20.2.6.LTS/bin/armcl" -mv7M4 --code_state=16 --float_support=FPv4SPD16 -me --define=ccs="ccs" --define=TARGET_IS_TM4C123_RB1 --define=PART_TM4C123GH6PM -g --gcc --diag_warning=225 --diag_wrap=off --display_error_number --abi=eabi -z -m"proyecto.map" --heap_size=0 --stack_size=512 -i"C:/ti/ccs1110/ccs/tools/compiler/ti-cgt-arm_20.2.6.LTS/lib" -i"C:/ti/ccs1110/ccs/tools/compiler/ti-cgt-arm_20.2.6.LTS/include" --reread_libs --diag_wrap=off --display_error_number --warn_sections --xml_link_info="proyecto_linkInfo.xml" --rom_model -o "proyecto.out" "./adc_timer_uart.obj" "./adc_timer_uart_startup_ccs.obj" "./uartstdio.obj" "C:/ti/TivaWare_C_Series-2.1.4.178/driverlib/ccs/Debug/driverlib.lib" "../tm4c123gh6pm.cmd"  -llibc.a 
<Linking>
Finished building target: "proyecto.out"
 

**** Build Finished ****

**** Build of configuration Debug for project Laboratorio11 ****

"C:\\ti\\ccs1110\\ccs\\utils\\bin\\gmake" -k -j 4 all -O 
 
Building file: "../tm4c123gh6pm_startup_ccs.c"
Invoking: Arm Compiler
"C:/ti/ccs1110/ccs/tools/compiler/ti-cgt-arm_20.2.6.LTS/bin/armcl" -mv7M4 --code_state=16 --float_support=FPv4SPD16 -me --include_path="C:/Users/isaac/OneDrive/Documentos/CCS2022/Laboratorio11" --include_path="C:/ti/TivaWare_C_Series-2.1.4.178" --include_path="C:/ti/ccs1110/ccs/tools/compiler/ti-cgt-arm_20.2.6.LTS/include" --define=ccs="ccs" --define=TARGET_IS_TM4C123_RB1 --define=PART_TM4C123GH6PM -g --gcc --diag_warning=225 --diag_wrap=off --display_error_number --abi=eabi --preproc_with_compile --preproc_dependency="tm4c123gh6pm_startup_ccs.d_raw"  "../tm4c123gh6pm_startup_ccs.c"
Finished building: "../tm4c123gh6pm_startup_ccs.c"
 
Building target: "Laboratorio11.out"
Invoking: Arm Linker
"C:/ti/ccs1110/ccs/tools/compiler/ti-cgt-arm_20.2.6.LTS/bin/armcl" -mv7M4 --code_state=16 --float_support=FPv4SPD16 -me --define=ccs="ccs" --define=TARGET_IS_TM4C123_RB1 --define=PART_TM4C123GH6PM -g --gcc --diag_warning=225 --diag_wrap=off --display_error_number --abi=eabi -z -m"Laboratorio11.map" --heap_size=0 --stack_size=512 -i"C:/ti/ccs1110/ccs/tools/compiler/ti-cgt-arm_20.2.6.LTS/lib" -i"C:/ti/ccs1110/ccs/tools/compiler/ti-cgt-arm_20.2.6.LTS/include" --reread_libs --diag_wrap=off --display_error_number --warn_sections --xml_link_info="Laboratorio11_linkInfo.xml" --rom_model -o "Laboratorio11.out" "./adc_timer_uart.obj" "./adc_timer_uart_startup_ccs.obj" "./tm4c123gh6pm_startup_ccs.obj" "./uartstdio.obj" "C:/ti/TivaWare_C_Series-2.1.4.178/driverlib/ccs/Debug/driverlib.lib" "../tm4c123gh6pm.cmd"  -llibc.a 
<Linking>
error #10056: symbol "ResetISR" redefined: first defined in "./adc_timer_uart_startup_ccs.obj"; redefined in "./tm4c123gh6pm_startup_ccs.obj"
error #10056: symbol "g_pfnVectors" redefined: first defined in "./adc_timer_uart_startup_ccs.obj"; redefined in "./tm4c123gh6pm_startup_ccs.obj"
error #10010: errors encountered during linking; "Laboratorio11.out" not built
 
>> Compilation failure
makefile:145: recipe for target 'Laboratorio11.out' failed
gmake[1]: *** [Laboratorio11.out] Error 1
makefile:141: recipe for target 'all' failed
gmake: *** [all] Error 2

**** Build Finished ****

**** Build of configuration Debug for project Laboratorio9 ****

"C:\\ti\\ccs1110\\ccs\\utils\\bin\\gmake" -k -j 4 all -O 
 
gmake[1]: 'Laboratorio9.out' is up to date.

**** Build Finished ****

**** Build of configuration Debug for project Sis_Control1_lab7 ****

"C:\\ti\\ccs1110\\ccs\\utils\\bin\\gmake" -k -j 4 all -O 
 
Building file: "../main.c"
Invoking: Arm Compiler
"C:/ti/ccs1110/ccs/tools/compiler/ti-cgt-arm_20.2.7.LTS/bin/armcl" -mv7M4 --code_state=16 --float_support=FPv4SPD16 -me --include_path="C:/Users/isaac/OneDrive/Documentos/CCS2022/Sis_Control1_lab7" --include_path="C:/ti/ccs1110/ccs/tools/compiler/ti-cgt-arm_20.2.7.LTS/include" --define=ccs="ccs" --define=PART_TM4C123GH6PM -g --gcc --diag_warning=225 --diag_wrap=off --display_error_number --abi=eabi --preproc_with_compile --preproc_dependency="main.d_raw"  "../main.c"
Finished building: "../main.c"
 
Building file: "../tm4c123gh6pm_startup_ccs.c"
Invoking: Arm Compiler
"C:/ti/ccs1110/ccs/tools/compiler/ti-cgt-arm_20.2.7.LTS/bin/armcl" -mv7M4 --code_state=16 --float_support=FPv4SPD16 -me --include_path="C:/Users/isaac/OneDrive/Documentos/CCS2022/Sis_Control1_lab7" --include_path="C:/ti/ccs1110/ccs/tools/compiler/ti-cgt-arm_20.2.7.LTS/include" --define=ccs="ccs" --define=PART_TM4C123GH6PM -g --gcc --diag_warning=225 --diag_wrap=off --display_error_number --abi=eabi --preproc_with_compile --preproc_dependency="tm4c123gh6pm_startup_ccs.d_raw"  "../tm4c123gh6pm_startup_ccs.c"
Finished building: "../tm4c123gh6pm_startup_ccs.c"
 
Building file: "../timer_spi_master_startup_ccs.c"
Invoking: Arm Compiler
"C:/ti/ccs1110/ccs/tools/compiler/ti-cgt-arm_20.2.7.LTS/bin/armcl" -mv7M4 --code_state=16 --float_support=FPv4SPD16 -me --include_path="C:/Users/isaac/OneDrive/Documentos/CCS2022/Sis_Control1_lab7" --include_path="C:/ti/ccs1110/ccs/tools/compiler/ti-cgt-arm_20.2.7.LTS/include" --define=ccs="ccs" --define=PART_TM4C123GH6PM -g --gcc --diag_warning=225 --diag_wrap=off --display_error_number --abi=eabi --preproc_with_compile --preproc_dependency="timer_spi_master_startup_ccs.d_raw"  "../timer_spi_master_startup_ccs.c"
Finished building: "../timer_spi_master_startup_ccs.c"
 
Building target: "Sis_Control1_lab7.out"
Invoking: Arm Linker
"C:/ti/ccs1110/ccs/tools/compiler/ti-cgt-arm_20.2.7.LTS/bin/armcl" -mv7M4 --code_state=16 --float_support=FPv4SPD16 -me --define=ccs="ccs" --define=PART_TM4C123GH6PM -g --gcc --diag_warning=225 --diag_wrap=off --display_error_number --abi=eabi -z -m"Sis_Control1_lab7.map" --heap_size=0 --stack_size=512 -i"C:/ti/ccs1110/ccs/tools/compiler/ti-cgt-arm_20.2.7.LTS/lib" -i"C:/ti/ccs1110/ccs/tools/compiler/ti-cgt-arm_20.2.7.LTS/include" --reread_libs --diag_wrap=off --display_error_number --warn_sections --xml_link_info="Sis_Control1_lab7_linkInfo.xml" --rom_model -o "Sis_Control1_lab7.out" "./main.obj" "./timer_spi_master_startup_ccs.obj" "./tm4c123gh6pm_startup_ccs.obj" "../tm4c123gh6pm.cmd"  -llibc.a 
<Linking>
error #10056: symbol "ResetISR" redefined: first defined in "./timer_spi_master_startup_ccs.obj"; redefined in "./tm4c123gh6pm_startup_ccs.obj"
error #10056: symbol "g_pfnVectors" redefined: first defined in "./timer_spi_master_startup_ccs.obj"; redefined in "./tm4c123gh6pm_startup_ccs.obj"
 
 undefined        first referenced                  
  symbol              in file                       
 ---------        ----------------                  
 Timer0IntHandler ./timer_spi_master_startup_ccs.obj
 
error #10234-D: unresolved symbols remain
error #10010: errors encountered during linking; "Sis_Control1_lab7.out" not built
 
>> Compilation failure
makefile:143: recipe for target 'Sis_Control1_lab7.out' failed
gmake[1]: *** [Sis_Control1_lab7.out] Error 1
makefile:139: recipe for target 'all' failed
gmake: *** [all] Error 2

**** Build Finished ****

**** Build of configuration Debug for project proyecto ****

"C:\\ti\\ccs1110\\ccs\\utils\\bin\\gmake" -k -j 4 all -O 
 
Building file: "../adc_timer_uart.c"
Invoking: Arm Compiler
"C:/ti/ccs1110/ccs/tools/compiler/ti-cgt-arm_20.2.6.LTS/bin/armcl" -mv7M4 --code_state=16 --float_support=FPv4SPD16 -me --include_path="C:/Users/isaac/OneDrive/Documentos/CCS2022/proyecto" --include_path="C:/ti/TivaWare_C_Series-2.1.4.178" --include_path="C:/ti/ccs1110/ccs/tools/compiler/ti-cgt-arm_20.2.6.LTS/include" --define=ccs="ccs" --define=TARGET_IS_TM4C123_RB1 --define=PART_TM4C123GH6PM -g --gcc --diag_warning=225 --diag_wrap=off --display_error_number --abi=eabi --preproc_with_compile --preproc_dependency="adc_timer_uart.d_raw"  "../adc_timer_uart.c"
Finished building: "../adc_timer_uart.c"
 
Building target: "proyecto.out"
Invoking: Arm Linker
"C:/ti/ccs1110/ccs/tools/compiler/ti-cgt-arm_20.2.6.LTS/bin/armcl" -mv7M4 --code_state=16 --float_support=FPv4SPD16 -me --define=ccs="ccs" --define=TARGET_IS_TM4C123_RB1 --define=PART_TM4C123GH6PM -g --gcc --diag_warning=225 --diag_wrap=off --display_error_number --abi=eabi -z -m"proyecto.map" --heap_size=0 --stack_size=512 -i"C:/ti/ccs1110/ccs/tools/compiler/ti-cgt-arm_20.2.6.LTS/lib" -i"C:/ti/ccs1110/ccs/tools/compiler/ti-cgt-arm_20.2.6.LTS/include" --reread_libs --diag_wrap=off --display_error_number --warn_sections --xml_link_info="proyecto_linkInfo.xml" --rom_model -o "proyecto.out" "./adc_timer_uart.obj" "./adc_timer_uart_startup_ccs.obj" "./uartstdio.obj" "C:/ti/TivaWare_C_Series-2.1.4.178/driverlib/ccs/Debug/driverlib.lib" "../tm4c123gh6pm.cmd"  -llibc.a 
<Linking>
Finished building target: "proyecto.out"
 

**** Build Finished ****

**** Build of configuration Debug for project Sis_Control1_lab7 ****

"C:\\ti\\ccs1110\\ccs\\utils\\bin\\gmake" -k -j 4 all -O 
 
Building file: "../main.c"
Invoking: Arm Compiler
"C:/ti/ccs1110/ccs/tools/compiler/ti-cgt-arm_20.2.7.LTS/bin/armcl" -mv7M4 --code_state=16 --float_support=FPv4SPD16 -me --include_path="C:/Users/isaac/OneDrive/Documentos/CCS2022/Sis_Control1_lab7" --include_path="C:/ti/ccs1110/ccs/tools/compiler/ti-cgt-arm_20.2.7.LTS/include" --define=ccs="ccs" --define=PART_TM4C123GH6PM -g --gcc --diag_warning=225 --diag_wrap=off --display_error_number --abi=eabi --preproc_with_compile --preproc_dependency="main.d_raw"  "../main.c"
 
>> Compilation failure
subdir_rules.mk:9: recipe for target 'main.obj' failed
"../main.c", line 50: fatal error #1965: cannot open source file "inc/hw_memmap.h"
1 catastrophic error detected in the compilation of "../main.c".
Compilation terminated.
gmake: *** [main.obj] Error 1
gmake: Target 'all' not remade because of errors.

**** Build Finished ****

**** Build of configuration Debug for project Sis_Control1_lab7 ****

"C:\\ti\\ccs1110\\ccs\\utils\\bin\\gmake" -k -j 4 all -O 
 
Building file: "../main.c"
Invoking: Arm Compiler
"C:/ti/ccs1110/ccs/tools/compiler/ti-cgt-arm_20.2.7.LTS/bin/armcl" -mv7M4 --code_state=16 --float_support=FPv4SPD16 -me --include_path="C:/Users/isaac/OneDrive/Documentos/CCS2022/Sis_Control1_lab7" --include_path="C:/ti/ccs1110/ccs/tools/compiler/ti-cgt-arm_20.2.7.LTS/include" --define=ccs="ccs" --define=PART_TM4C123GH6PM -g --gcc --diag_warning=225 --diag_wrap=off --display_error_number --abi=eabi --preproc_with_compile --preproc_dependency="main.d_raw"  "../main.c"
 
>> Compilation failure
subdir_rules.mk:9: recipe for target 'main.obj' failed
"../main.c", line 50: fatal error #1965: cannot open source file "inc/hw_memmap.h"
1 catastrophic error detected in the compilation of "../main.c".
Compilation terminated.
gmake: *** [main.obj] Error 1
gmake: Target 'all' not remade because of errors.

**** Build Finished ****

**** Build of configuration Debug for project Sis_Control1_lab7 ****

"C:\\ti\\ccs1110\\ccs\\utils\\bin\\gmake" -k -j 4 all -O 
 
Building file: "../main.c"
Invoking: Arm Compiler
"C:/ti/ccs1110/ccs/tools/compiler/ti-cgt-arm_20.2.7.LTS/bin/armcl" -mv7M4 --code_state=16 --float_support=FPv4SPD16 -me --include_path="C:/Users/isaac/OneDrive/Documentos/CCS2022/Sis_Control1_lab7" --include_path="C:/ti/ccs1110/ccs/tools/compiler/ti-cgt-arm_20.2.7.LTS/include" --define=ccs="ccs" --define=PART_TM4C123GH6PM -g --gcc --diag_warning=225 --diag_wrap=off --display_error_number --abi=eabi --preproc_with_compile --preproc_dependency="main.d_raw"  "../main.c"
 
>> Compilation failure
subdir_rules.mk:9: recipe for target 'main.obj' failed
"../main.c", line 50: fatal error #1965: cannot open source file "inc/hw_memmap.h"
1 catastrophic error detected in the compilation of "../main.c".
Compilation terminated.
gmake: *** [main.obj] Error 1
gmake: Target 'all' not remade because of errors.

**** Build Finished ****

**** Build of configuration Debug for project Sis_Control1_lab7 ****

"C:\\ti\\ccs1110\\ccs\\utils\\bin\\gmake" -k -j 4 all -O 
 
Building file: "../main.c"
Invoking: Arm Compiler
"C:/ti/ccs1110/ccs/tools/compiler/ti-cgt-arm_20.2.7.LTS/bin/armcl" -mv7M4 --code_state=16 --float_support=FPv4SPD16 -me --include_path="C:/Users/isaac/OneDrive/Documentos/CCS2022/Sis_Control1_lab7" --include_path="C:/ti/ccs1110/ccs/tools/compiler/ti-cgt-arm_20.2.7.LTS/include" --define=ccs="ccs" --define=PART_TM4C123GH6PM -g --gcc --diag_warning=225 --diag_wrap=off --display_error_number --abi=eabi --preproc_with_compile --preproc_dependency="main.d_raw"  "../main.c"
 
>> Compilation failure
subdir_rules.mk:9: recipe for target 'main.obj' failed
"../main.c", line 50: fatal error #1965: cannot open source file "inc/hw_memmap.h"
1 catastrophic error detected in the compilation of "../main.c".
Compilation terminated.
gmake: *** [main.obj] Error 1
gmake: Target 'all' not remade because of errors.

**** Build Finished ****

**** Build of configuration Debug for project Sis_Control1_lab7 ****

"C:\\ti\\ccs1110\\ccs\\utils\\bin\\gmake" -k -j 4 all -O 
 
Building file: "../timer_spi_master_startup_ccs.c"
Invoking: Arm Compiler
"C:/ti/ccs1110/ccs/tools/compiler/ti-cgt-arm_20.2.7.LTS/bin/armcl" -mv7M4 --code_state=16 --float_support=FPv4SPD16 -me --include_path="C:/Users/isaac/OneDrive/Documentos/CCS2022/Sis_Control1_lab7" --include_path="C:/ti/TivaWare_C_Series-2.1.4.178" --include_path="C:/ti/ccs1110/ccs/tools/compiler/ti-cgt-arm_20.2.7.LTS/include" --define=ccs="ccs" --define=TARGET_IS_TM4C123_RB1 --define=PART_TM4C123GH6PM -g --gcc --diag_warning=225 --diag_wrap=off --display_error_number --abi=eabi --preproc_with_compile --preproc_dependency="timer_spi_master_startup_ccs.d_raw"  "../timer_spi_master_startup_ccs.c"
Finished building: "../timer_spi_master_startup_ccs.c"
 
Building file: "../main.c"
Invoking: Arm Compiler
"C:/ti/ccs1110/ccs/tools/compiler/ti-cgt-arm_20.2.7.LTS/bin/armcl" -mv7M4 --code_state=16 --float_support=FPv4SPD16 -me --include_path="C:/Users/isaac/OneDrive/Documentos/CCS2022/Sis_Control1_lab7" --include_path="C:/ti/TivaWare_C_Series-2.1.4.178" --include_path="C:/ti/ccs1110/ccs/tools/compiler/ti-cgt-arm_20.2.7.LTS/include" --define=ccs="ccs" --define=TARGET_IS_TM4C123_RB1 --define=PART_TM4C123GH6PM -g --gcc --diag_warning=225 --diag_wrap=off --display_error_number --abi=eabi --preproc_with_compile --preproc_dependency="main.d_raw"  "../main.c"
Finished building: "../main.c"
 
Building target: "Sis_Control1_lab7.out"
Invoking: Arm Linker
"C:/ti/ccs1110/ccs/tools/compiler/ti-cgt-arm_20.2.7.LTS/bin/armcl" -mv7M4 --code_state=16 --float_support=FPv4SPD16 -me --define=ccs="ccs" --define=TARGET_IS_TM4C123_RB1 --define=PART_TM4C123GH6PM -g --gcc --diag_warning=225 --diag_wrap=off --display_error_number --abi=eabi -z -m"Sis_Control1_lab7.map" --heap_size=0 --stack_size=512 -i"C:/ti/ccs1110/ccs/tools/compiler/ti-cgt-arm_20.2.7.LTS/lib" -i"C:/ti/ccs1110/ccs/tools/compiler/ti-cgt-arm_20.2.7.LTS/include" --reread_libs --diag_wrap=off --display_error_number --warn_sections --xml_link_info="Sis_Control1_lab7_linkInfo.xml" --rom_model -o "Sis_Control1_lab7.out" "./main.obj" "./timer_spi_master_startup_ccs.obj" "C:/ti/TivaWare_C_Series-2.1.4.178/driverlib/ccs/Debug/driverlib.lib" "../tm4c123gh6pm.cmd"  -llibc.a 
<Linking>
Finished building target: "Sis_Control1_lab7.out"
 

**** Build Finished ****

**** Build of configuration Debug for project Sis_Control1_lab7 ****

"C:\\ti\\ccs1110\\ccs\\utils\\bin\\gmake" -k -j 4 all -O 
 
Building file: "../main.c"
Invoking: Arm Compiler
"C:/ti/ccs1110/ccs/tools/compiler/ti-cgt-arm_20.2.7.LTS/bin/armcl" -mv7M4 --code_state=16 --float_support=FPv4SPD16 -me --include_path="C:/Users/isaac/OneDrive/Documentos/CCS2022/Sis_Control1_lab7" --include_path="C:/ti/TivaWare_C_Series-2.1.4.178" --include_path="C:/ti/ccs1110/ccs/tools/compiler/ti-cgt-arm_20.2.7.LTS/include" --define=ccs="ccs" --define=TARGET_IS_TM4C123_RB1 --define=PART_TM4C123GH6PM -g --gcc --diag_warning=225 --diag_wrap=off --display_error_number --abi=eabi --preproc_with_compile --preproc_dependency="main.d_raw"  "../main.c"
Finished building: "../main.c"
 
Building target: "Sis_Control1_lab7.out"
Invoking: Arm Linker
"C:/ti/ccs1110/ccs/tools/compiler/ti-cgt-arm_20.2.7.LTS/bin/armcl" -mv7M4 --code_state=16 --float_support=FPv4SPD16 -me --define=ccs="ccs" --define=TARGET_IS_TM4C123_RB1 --define=PART_TM4C123GH6PM -g --gcc --diag_warning=225 --diag_wrap=off --display_error_number --abi=eabi -z -m"Sis_Control1_lab7.map" --heap_size=0 --stack_size=512 -i"C:/ti/ccs1110/ccs/tools/compiler/ti-cgt-arm_20.2.7.LTS/lib" -i"C:/ti/ccs1110/ccs/tools/compiler/ti-cgt-arm_20.2.7.LTS/include" --reread_libs --diag_wrap=off --display_error_number --warn_sections --xml_link_info="Sis_Control1_lab7_linkInfo.xml" --rom_model -o "Sis_Control1_lab7.out" "./main.obj" "./timer_spi_master_startup_ccs.obj" "C:/ti/TivaWare_C_Series-2.1.4.178/driverlib/ccs/Debug/driverlib.lib" "../tm4c123gh6pm.cmd"  -llibc.a 
<Linking>
 
 undefined       first referenced
  symbol             in file     
 ---------       ----------------
 UARTStdioConfig ./main.obj      
 UARTprintf      ./main.obj      
 
error #10234-D: unresolved symbols remain
 
error #10010: errors encountered during linking; "Sis_Control1_lab7.out" not built
>> Compilation failure
makefile:143: recipe for target 'Sis_Control1_lab7.out' failed
gmake[1]: *** [Sis_Control1_lab7.out] Error 1
gmake: *** [all] Error 2
makefile:139: recipe for target 'all' failed

**** Build Finished ****

**** Build of configuration Debug for project Sis_Control1_lab7 ****

"C:\\ti\\ccs1110\\ccs\\utils\\bin\\gmake" -k -j 4 all -O 
 
Building file: "../main.c"
Invoking: Arm Compiler
"C:/ti/ccs1110/ccs/tools/compiler/ti-cgt-arm_20.2.7.LTS/bin/armcl" -mv7M4 --code_state=16 --float_support=FPv4SPD16 -me --include_path="C:/Users/isaac/OneDrive/Documentos/CCS2022/Sis_Control1_lab7" --include_path="C:/ti/TivaWare_C_Series-2.1.4.178" --include_path="C:/ti/ccs1110/ccs/tools/compiler/ti-cgt-arm_20.2.7.LTS/include" --define=ccs="ccs" --define=TARGET_IS_TM4C123_RB1 --define=PART_TM4C123GH6PM -g --gcc --diag_warning=225 --diag_wrap=off --display_error_number --abi=eabi --preproc_with_compile --preproc_dependency="main.d_raw"  "../main.c"
Finished building: "../main.c"
 
Building target: "Sis_Control1_lab7.out"
Invoking: Arm Linker
"C:/ti/ccs1110/ccs/tools/compiler/ti-cgt-arm_20.2.7.LTS/bin/armcl" -mv7M4 --code_state=16 --float_support=FPv4SPD16 -me --define=ccs="ccs" --define=TARGET_IS_TM4C123_RB1 --define=PART_TM4C123GH6PM -g --gcc --diag_warning=225 --diag_wrap=off --display_error_number --abi=eabi -z -m"Sis_Control1_lab7.map" --heap_size=0 --stack_size=512 -i"C:/ti/ccs1110/ccs/tools/compiler/ti-cgt-arm_20.2.7.LTS/lib" -i"C:/ti/ccs1110/ccs/tools/compiler/ti-cgt-arm_20.2.7.LTS/include" --reread_libs --diag_wrap=off --display_error_number --warn_sections --xml_link_info="Sis_Control1_lab7_linkInfo.xml" --rom_model -o "Sis_Control1_lab7.out" "./main.obj" "./timer_spi_master_startup_ccs.obj" "C:/ti/TivaWare_C_Series-2.1.4.178/driverlib/ccs/Debug/driverlib.lib" "../tm4c123gh6pm.cmd"  -llibc.a 
<Linking>
 
 undefined       first referenced
  symbol             in file     
 ---------       ----------------
 UARTStdioConfig ./main.obj      
 UARTprintf      ./main.obj      
 
error #10234-D: unresolved symbols remain
error #10010: errors encountered during linking; "Sis_Control1_lab7.out" not built
 
>> Compilation failure
makefile:143: recipe for target 'Sis_Control1_lab7.out' failed
gmake[1]: *** [Sis_Control1_lab7.out] Error 1
gmake: *** [all] Error 2
makefile:139: recipe for target 'all' failed

**** Build Finished ****

**** Build of configuration Debug for project Sis_Control1_lab7 ****

"C:\\ti\\ccs1110\\ccs\\utils\\bin\\gmake" -k -j 4 all -O 
 
Building file: "../timer_spi_master_startup_ccs.c"
Invoking: Arm Compiler
"C:/ti/ccs1110/ccs/tools/compiler/ti-cgt-arm_20.2.7.LTS/bin/armcl" -mv7M4 --code_state=16 --float_support=FPv4SPD16 -me --include_path="C:/Users/isaac/OneDrive/Documentos/CCS2022/Sis_Control1_lab7" --include_path="C:/ti/TivaWare_C_Series-2.1.4.178" --include_path="C:/ti/ccs1110/ccs/tools/compiler/ti-cgt-arm_20.2.7.LTS/include" --define=ccs="ccs" --define=TARGET_IS_TM4C123_RB1 --define=PART_TM4C123GH6PM -g --gcc --diag_warning=225 --diag_wrap=off --display_error_number --abi=eabi --preproc_with_compile --preproc_dependency="timer_spi_master_startup_ccs.d_raw"  "../timer_spi_master_startup_ccs.c"
Finished building: "../timer_spi_master_startup_ccs.c"
 
Building target: "Sis_Control1_lab7.out"
Invoking: Arm Linker
"C:/ti/ccs1110/ccs/tools/compiler/ti-cgt-arm_20.2.7.LTS/bin/armcl" -mv7M4 --code_state=16 --float_support=FPv4SPD16 -me --define=ccs="ccs" --define=TARGET_IS_TM4C123_RB1 --define=PART_TM4C123GH6PM -g --gcc --diag_warning=225 --diag_wrap=off --display_error_number --abi=eabi -z -m"Sis_Control1_lab7.map" --heap_size=0 --stack_size=512 -i"C:/ti/ccs1110/ccs/tools/compiler/ti-cgt-arm_20.2.7.LTS/lib" -i"C:/ti/ccs1110/ccs/tools/compiler/ti-cgt-arm_20.2.7.LTS/include" --reread_libs --diag_wrap=off --display_error_number --warn_sections --xml_link_info="Sis_Control1_lab7_linkInfo.xml" --rom_model -o "Sis_Control1_lab7.out" "./main.obj" "./timer_spi_master_startup_ccs.obj" "C:/ti/TivaWare_C_Series-2.1.4.178/driverlib/ccs/Debug/driverlib.lib" "../tm4c123gh6pm.cmd"  -llibc.a 
<Linking>
 
 undefined       first referenced
  symbol             in file     
 ---------       ----------------
 UARTStdioConfig ./main.obj      
 UARTprintf      ./main.obj      
 
error #10234-D: unresolved symbols remain
error #10010: errors encountered during linking; "Sis_Control1_lab7.out" not built
 
>> Compilation failure
makefile:143: recipe for target 'Sis_Control1_lab7.out' failed
gmake[1]: *** [Sis_Control1_lab7.out] Error 1
makefile:139: recipe for target 'all' failed
gmake: *** [all] Error 2

**** Build Finished ****

**** Build of configuration Debug for project Sis_Control1_lab7 ****

"C:\\ti\\ccs1110\\ccs\\utils\\bin\\gmake" -k -j 4 all -O 
 
Building file: "../timer_spi_master_startup_ccs.c"
Invoking: Arm Compiler
"C:/ti/ccs1110/ccs/tools/compiler/ti-cgt-arm_20.2.7.LTS/bin/armcl" -mv7M4 --code_state=16 --float_support=FPv4SPD16 -me --include_path="C:/Users/isaac/OneDrive/Documentos/CCS2022/Sis_Control1_lab7" --include_path="C:/ti/TivaWare_C_Series-2.1.4.178" --include_path="C:/ti/ccs1110/ccs/tools/compiler/ti-cgt-arm_20.2.7.LTS/include" --define=ccs="ccs" --define=TARGET_IS_TM4C123_RB1 --define=PART_TM4C123GH6PM -g --gcc --diag_warning=225 --diag_wrap=off --display_error_number --abi=eabi --preproc_with_compile --preproc_dependency="timer_spi_master_startup_ccs.d_raw"  "../timer_spi_master_startup_ccs.c"
Finished building: "../timer_spi_master_startup_ccs.c"
 
Building file: "../main.c"
Invoking: Arm Compiler
"C:/ti/ccs1110/ccs/tools/compiler/ti-cgt-arm_20.2.7.LTS/bin/armcl" -mv7M4 --code_state=16 --float_support=FPv4SPD16 -me --include_path="C:/Users/isaac/OneDrive/Documentos/CCS2022/Sis_Control1_lab7" --include_path="C:/ti/TivaWare_C_Series-2.1.4.178" --include_path="C:/ti/ccs1110/ccs/tools/compiler/ti-cgt-arm_20.2.7.LTS/include" --define=ccs="ccs" --define=TARGET_IS_TM4C123_RB1 --define=PART_TM4C123GH6PM -g --gcc --diag_warning=225 --diag_wrap=off --display_error_number --abi=eabi --preproc_with_compile --preproc_dependency="main.d_raw"  "../main.c"
Finished building: "../main.c"
 
Building target: "Sis_Control1_lab7.out"
Invoking: Arm Linker
"C:/ti/ccs1110/ccs/tools/compiler/ti-cgt-arm_20.2.7.LTS/bin/armcl" -mv7M4 --code_state=16 --float_support=FPv4SPD16 -me --define=ccs="ccs" --define=TARGET_IS_TM4C123_RB1 --define=PART_TM4C123GH6PM -g --gcc --diag_warning=225 --diag_wrap=off --display_error_number --abi=eabi -z -m"Sis_Control1_lab7.map" --heap_size=0 --stack_size=512 -i"C:/ti/ccs1110/ccs/tools/compiler/ti-cgt-arm_20.2.7.LTS/lib" -i"C:/ti/ccs1110/ccs/tools/compiler/ti-cgt-arm_20.2.7.LTS/include" --reread_libs --diag_wrap=off --display_error_number --warn_sections --xml_link_info="Sis_Control1_lab7_linkInfo.xml" --rom_model -o "Sis_Control1_lab7.out" "./main.obj" "./timer_spi_master_startup_ccs.obj" "C:/ti/TivaWare_C_Series-2.1.4.178/driverlib/ccs/Debug/driverlib.lib" "../tm4c123gh6pm.cmd"  -llibc.a 
<Linking>
 
 undefined       first referenced
  symbol             in file     
 ---------       ----------------
 UARTStdioConfig ./main.obj      
 UARTprintf      ./main.obj      
 
error #10234-D: unresolved symbols remain
 
error #10010: errors encountered during linking; "Sis_Control1_lab7.out" not built
>> Compilation failure
makefile:143: recipe for target 'Sis_Control1_lab7.out' failed
gmake[1]: *** [Sis_Control1_lab7.out] Error 1
gmake: *** [all] Error 2
makefile:139: recipe for target 'all' failed

**** Build Finished ****

**** Build of configuration Debug for project Sis_Control1_lab7 ****

"C:\\ti\\ccs1110\\ccs\\utils\\bin\\gmake" -k -j 4 all -O 
 
Building target: "Sis_Control1_lab7.out"
Invoking: Arm Linker
"C:/ti/ccs1110/ccs/tools/compiler/ti-cgt-arm_20.2.7.LTS/bin/armcl" -mv7M4 --code_state=16 --float_support=FPv4SPD16 -me --define=ccs="ccs" --define=TARGET_IS_TM4C123_RB1 --define=PART_TM4C123GH6PM -g --gcc --diag_warning=225 --diag_wrap=off --display_error_number --abi=eabi -z -m"Sis_Control1_lab7.map" --heap_size=0 --stack_size=512 -i"C:/ti/ccs1110/ccs/tools/compiler/ti-cgt-arm_20.2.7.LTS/lib" -i"C:/ti/ccs1110/ccs/tools/compiler/ti-cgt-arm_20.2.7.LTS/include" --reread_libs --diag_wrap=off --display_error_number --warn_sections --xml_link_info="Sis_Control1_lab7_linkInfo.xml" --rom_model -o "Sis_Control1_lab7.out" "./main.obj" "./timer_spi_master_startup_ccs.obj" "C:/ti/TivaWare_C_Series-2.1.4.178/driverlib/ccs/Debug/driverlib.lib" "../tm4c123gh6pm.cmd"  -llibc.a 
<Linking>
 
 undefined       first referenced
  symbol             in file     
 ---------       ----------------
 UARTStdioConfig ./main.obj      
 UARTprintf      ./main.obj      
 
error #10234-D: unresolved symbols remain
error #10010: errors encountered during linking; "Sis_Control1_lab7.out" not built
 
>> Compilation failure
makefile:143: recipe for target 'Sis_Control1_lab7.out' failed
gmake[1]: *** [Sis_Control1_lab7.out] Error 1
makefile:139: recipe for target 'all' failed
gmake: *** [all] Error 2

**** Build Finished ****

**** Build of configuration Debug for project Sis_Control1_lab7 ****

"C:\\ti\\ccs1110\\ccs\\utils\\bin\\gmake" -k -j 4 all -O 
 
Building file: "../main.c"
Invoking: Arm Compiler
"C:/ti/ccs1110/ccs/tools/compiler/ti-cgt-arm_20.2.7.LTS/bin/armcl" -mv7M4 --code_state=16 --float_support=FPv4SPD16 -me --include_path="C:/Users/isaac/OneDrive/Documentos/CCS2022/Sis_Control1_lab7" --include_path="C:/ti/TivaWare_C_Series-2.1.4.178" --include_path="C:/ti/ccs1110/ccs/tools/compiler/ti-cgt-arm_20.2.7.LTS/include" --define=ccs="ccs" --define=TARGET_IS_TM4C123_RB1 --define=PART_TM4C123GH6PM -g --gcc --diag_warning=225 --diag_wrap=off --display_error_number --abi=eabi --preproc_with_compile --preproc_dependency="main.d_raw"  "../main.c"
Finished building: "../main.c"
 
Building target: "Sis_Control1_lab7.out"
Invoking: Arm Linker
"C:/ti/ccs1110/ccs/tools/compiler/ti-cgt-arm_20.2.7.LTS/bin/armcl" -mv7M4 --code_state=16 --float_support=FPv4SPD16 -me --define=ccs="ccs" --define=TARGET_IS_TM4C123_RB1 --define=PART_TM4C123GH6PM -g --gcc --diag_warning=225 --diag_wrap=off --display_error_number --abi=eabi -z -m"Sis_Control1_lab7.map" --heap_size=0 --stack_size=512 -i"C:/ti/ccs1110/ccs/tools/compiler/ti-cgt-arm_20.2.7.LTS/lib" -i"C:/ti/ccs1110/ccs/tools/compiler/ti-cgt-arm_20.2.7.LTS/include" --reread_libs --diag_wrap=off --display_error_number --warn_sections --xml_link_info="Sis_Control1_lab7_linkInfo.xml" --rom_model -o "Sis_Control1_lab7.out" "./main.obj" "./timer_spi_master_startup_ccs.obj" "C:/ti/TivaWare_C_Series-2.1.4.178/driverlib/ccs/Debug/driverlib.lib" "../tm4c123gh6pm.cmd"  -llibc.a 
<Linking>
 
 undefined       first referenced
  symbol             in file     
 ---------       ----------------
 UARTStdioConfig ./main.obj      
 UARTprintf      ./main.obj      
 
error #10234-D: unresolved symbols remain
error #10010: errors encountered during linking; "Sis_Control1_lab7.out" not built
 
>> Compilation failure
makefile:143: recipe for target 'Sis_Control1_lab7.out' failed
gmake[1]: *** [Sis_Control1_lab7.out] Error 1
makefile:139: recipe for target 'all' failed
gmake: *** [all] Error 2

**** Build Finished ****

**** Build of configuration Debug for project Sis_Control1_lab7 ****

"C:\\ti\\ccs1110\\ccs\\utils\\bin\\gmake" -k -j 4 all -O 
 
Building target: "Sis_Control1_lab7.out"
Invoking: Arm Linker
"C:/ti/ccs1110/ccs/tools/compiler/ti-cgt-arm_20.2.7.LTS/bin/armcl" -mv7M4 --code_state=16 --float_support=FPv4SPD16 -me --define=ccs="ccs" --define=TARGET_IS_TM4C123_RB1 --define=PART_TM4C123GH6PM -g --gcc --diag_warning=225 --diag_wrap=off --display_error_number --abi=eabi -z -m"Sis_Control1_lab7.map" --heap_size=0 --stack_size=512 -i"C:/ti/ccs1110/ccs/tools/compiler/ti-cgt-arm_20.2.7.LTS/lib" -i"C:/ti/ccs1110/ccs/tools/compiler/ti-cgt-arm_20.2.7.LTS/include" --reread_libs --diag_wrap=off --display_error_number --warn_sections --xml_link_info="Sis_Control1_lab7_linkInfo.xml" --rom_model -o "Sis_Control1_lab7.out" "./main.obj" "./timer_spi_master_startup_ccs.obj" "C:/ti/TivaWare_C_Series-2.1.4.178/driverlib/ccs/Debug/driverlib.lib" "../tm4c123gh6pm.cmd"  -llibc.a 
<Linking>
 
 undefined       first referenced
  symbol             in file     
 ---------       ----------------
 UARTStdioConfig ./main.obj      
 UARTprintf      ./main.obj      
 
error #10234-D: unresolved symbols remain
error #10010: errors encountered during linking; "Sis_Control1_lab7.out" not built
 
>> Compilation failure
makefile:143: recipe for target 'Sis_Control1_lab7.out' failed
gmake[1]: *** [Sis_Control1_lab7.out] Error 1
makefile:139: recipe for target 'all' failed
gmake: *** [all] Error 2

**** Build Finished ****

**** Build of configuration Debug for project Laboratorio9 ****

"C:\\ti\\ccs1110\\ccs\\utils\\bin\\gmake" -k -j 4 all -O 
 
gmake[1]: 'Laboratorio9.out' is up to date.

**** Build Finished ****

**** Build of configuration Debug for project Sis_Control1_lab7 ****

"C:\\ti\\ccs1110\\ccs\\utils\\bin\\gmake" -k -j 4 all -O 
 
Building file: "../main.c"
Invoking: Arm Compiler
"C:/ti/ccs1110/ccs/tools/compiler/ti-cgt-arm_20.2.7.LTS/bin/armcl" -mv7M4 --code_state=16 --float_support=FPv4SPD16 -me --include_path="C:/Users/isaac/OneDrive/Documentos/CCS2022/Sis_Control1_lab7" --include_path="C:/ti/TivaWare_C_Series-2.1.4.178" --include_path="C:/ti/ccs1110/ccs/tools/compiler/ti-cgt-arm_20.2.7.LTS/include" --define=ccs="ccs" --define=TARGET_IS_TM4C123_RB1 --define=PART_TM4C123GH6PM -g --gcc --diag_warning=225 --diag_wrap=off --display_error_number --abi=eabi --preproc_with_compile --preproc_dependency="main.d_raw"  "../main.c"
Finished building: "../main.c"
 
Building target: "Sis_Control1_lab7.out"
Invoking: Arm Linker
"C:/ti/ccs1110/ccs/tools/compiler/ti-cgt-arm_20.2.7.LTS/bin/armcl" -mv7M4 --code_state=16 --float_support=FPv4SPD16 -me --define=ccs="ccs" --define=TARGET_IS_TM4C123_RB1 --define=PART_TM4C123GH6PM -g --gcc --diag_warning=225 --diag_wrap=off --display_error_number --abi=eabi -z -m"Sis_Control1_lab7.map" --heap_size=0 --stack_size=512 -i"C:/ti/ccs1110/ccs/tools/compiler/ti-cgt-arm_20.2.7.LTS/lib" -i"C:/ti/ccs1110/ccs/tools/compiler/ti-cgt-arm_20.2.7.LTS/include" --reread_libs --diag_wrap=off --display_error_number --warn_sections --xml_link_info="Sis_Control1_lab7_linkInfo.xml" --rom_model -o "Sis_Control1_lab7.out" "./main.obj" "./timer_spi_master_startup_ccs.obj" "C:/ti/TivaWare_C_Series-2.1.4.178/driverlib/ccs/Debug/driverlib.lib" "../tm4c123gh6pm.cmd"  -llibc.a 
<Linking>
 
 undefined       first referenced
  symbol             in file     
 ---------       ----------------
 UARTStdioConfig ./main.obj      
 UARTprintf      ./main.obj      
 
error #10234-D: unresolved symbols remain
error #10010: errors encountered during linking; "Sis_Control1_lab7.out" not built
 
>> Compilation failure
makefile:143: recipe for target 'Sis_Control1_lab7.out' failed
gmake[1]: *** [Sis_Control1_lab7.out] Error 1
makefile:139: recipe for target 'all' failed
gmake: *** [all] Error 2

**** Build Finished ****

**** Build of configuration Debug for project Sis_Control1_lab7 ****

"C:\\ti\\ccs1110\\ccs\\utils\\bin\\gmake" -k -j 4 all -O 
 
Building file: "../main.c"
Invoking: Arm Compiler
"C:/ti/ccs1110/ccs/tools/compiler/ti-cgt-arm_20.2.7.LTS/bin/armcl" -mv7M4 --code_state=16 --float_support=FPv4SPD16 -me --include_path="C:/Users/isaac/OneDrive/Documentos/CCS2022/Sis_Control1_lab7" --include_path="C:/ti/TivaWare_C_Series-2.1.4.178" --include_path="C:/ti/ccs1110/ccs/tools/compiler/ti-cgt-arm_20.2.7.LTS/include" --define=ccs="ccs" --define=TARGET_IS_TM4C123_RB1 --define=PART_TM4C123GH6PM -g --gcc --diag_warning=225 --diag_wrap=off --display_error_number --abi=eabi --preproc_with_compile --preproc_dependency="main.d_raw"  "../main.c"
Finished building: "../main.c"
 
Building target: "Sis_Control1_lab7.out"
Invoking: Arm Linker
"C:/ti/ccs1110/ccs/tools/compiler/ti-cgt-arm_20.2.7.LTS/bin/armcl" -mv7M4 --code_state=16 --float_support=FPv4SPD16 -me --define=ccs="ccs" --define=TARGET_IS_TM4C123_RB1 --define=PART_TM4C123GH6PM -g --gcc --diag_warning=225 --diag_wrap=off --display_error_number --abi=eabi -z -m"Sis_Control1_lab7.map" --heap_size=0 --stack_size=512 -i"C:/ti/ccs1110/ccs/tools/compiler/ti-cgt-arm_20.2.7.LTS/lib" -i"C:/ti/ccs1110/ccs/tools/compiler/ti-cgt-arm_20.2.7.LTS/include" --reread_libs --diag_wrap=off --display_error_number --warn_sections --xml_link_info="Sis_Control1_lab7_linkInfo.xml" --rom_model -o "Sis_Control1_lab7.out" "./main.obj" "./timer_spi_master_startup_ccs.obj" "C:/ti/TivaWare_C_Series-2.1.4.178/driverlib/ccs/Debug/driverlib.lib" "../tm4c123gh6pm.cmd"  -llibc.a 
<Linking>
 
 undefined       first referenced
  symbol             in file     
 ---------       ----------------
 UARTStdioConfig ./main.obj      
 UARTprintf      ./main.obj      
 
error #10234-D: unresolved symbols remain
error #10010: errors encountered during linking; "Sis_Control1_lab7.out" not built
 
>> Compilation failure
makefile:143: recipe for target 'Sis_Control1_lab7.out' failed
gmake[1]: *** [Sis_Control1_lab7.out] Error 1
gmake: *** [all] Error 2
makefile:139: recipe for target 'all' failed

**** Build Finished ****

**** Build of configuration Debug for project Sis_Control1_lab7 ****

"C:\\ti\\ccs1110\\ccs\\utils\\bin\\gmake" -k -j 4 all -O 
 
Building file: "../uartstdio.c"
Invoking: Arm Compiler
"C:/ti/ccs1110/ccs/tools/compiler/ti-cgt-arm_20.2.7.LTS/bin/armcl" -mv7M4 --code_state=16 --float_support=FPv4SPD16 -me --include_path="C:/Users/isaac/OneDrive/Documentos/CCS2022/Sis_Control1_lab7" --include_path="C:/ti/TivaWare_C_Series-2.1.4.178" --include_path="C:/ti/ccs1110/ccs/tools/compiler/ti-cgt-arm_20.2.7.LTS/include" --define=ccs="ccs" --define=TARGET_IS_TM4C123_RB1 --define=PART_TM4C123GH6PM -g --gcc --diag_warning=225 --diag_wrap=off --display_error_number --abi=eabi --preproc_with_compile --preproc_dependency="uartstdio.d_raw"  "../uartstdio.c"
Finished building: "../uartstdio.c"
 
Building target: "Sis_Control1_lab7.out"
Invoking: Arm Linker
"C:/ti/ccs1110/ccs/tools/compiler/ti-cgt-arm_20.2.7.LTS/bin/armcl" -mv7M4 --code_state=16 --float_support=FPv4SPD16 -me --define=ccs="ccs" --define=TARGET_IS_TM4C123_RB1 --define=PART_TM4C123GH6PM -g --gcc --diag_warning=225 --diag_wrap=off --display_error_number --abi=eabi -z -m"Sis_Control1_lab7.map" --heap_size=0 --stack_size=512 -i"C:/ti/ccs1110/ccs/tools/compiler/ti-cgt-arm_20.2.7.LTS/lib" -i"C:/ti/ccs1110/ccs/tools/compiler/ti-cgt-arm_20.2.7.LTS/include" --reread_libs --diag_wrap=off --display_error_number --warn_sections --xml_link_info="Sis_Control1_lab7_linkInfo.xml" --rom_model -o "Sis_Control1_lab7.out" "./main.obj" "./timer_spi_master_startup_ccs.obj" "./uartstdio.obj" "C:/ti/TivaWare_C_Series-2.1.4.178/driverlib/ccs/Debug/driverlib.lib" "../tm4c123gh6pm.cmd"  -llibc.a 
<Linking>
Finished building target: "Sis_Control1_lab7.out"
 

**** Build Finished ****

**** Build of configuration Debug for project Sis_Control1_lab7 ****

"C:\\ti\\ccs1110\\ccs\\utils\\bin\\gmake" -k -j 4 all -O 
 
gmake[1]: 'Sis_Control1_lab7.out' is up to date.

**** Build Finished ****

**** Build of configuration Debug for project Sis_Control1_lab7 ****

"C:\\ti\\ccs1110\\ccs\\utils\\bin\\gmake" -k -j 4 all -O 
 
Building file: "../main.c"
Invoking: Arm Compiler
"C:/ti/ccs1110/ccs/tools/compiler/ti-cgt-arm_20.2.7.LTS/bin/armcl" -mv7M4 --code_state=16 --float_support=FPv4SPD16 -me --include_path="C:/Users/isaac/OneDrive/Documentos/CCS2022/Sis_Control1_lab7" --include_path="C:/ti/TivaWare_C_Series-2.1.4.178" --include_path="C:/ti/ccs1110/ccs/tools/compiler/ti-cgt-arm_20.2.7.LTS/include" --define=ccs="ccs" --define=TARGET_IS_TM4C123_RB1 --define=PART_TM4C123GH6PM -g --gcc --diag_warning=225 --diag_wrap=off --display_error_number --abi=eabi --preproc_with_compile --preproc_dependency="main.d_raw"  "../main.c"
Finished building: "../main.c"
 
Building target: "Sis_Control1_lab7.out"
Invoking: Arm Linker
"C:/ti/ccs1110/ccs/tools/compiler/ti-cgt-arm_20.2.7.LTS/bin/armcl" -mv7M4 --code_state=16 --float_support=FPv4SPD16 -me --define=ccs="ccs" --define=TARGET_IS_TM4C123_RB1 --define=PART_TM4C123GH6PM -g --gcc --diag_warning=225 --diag_wrap=off --display_error_number --abi=eabi -z -m"Sis_Control1_lab7.map" --heap_size=0 --stack_size=512 -i"C:/ti/ccs1110/ccs/tools/compiler/ti-cgt-arm_20.2.7.LTS/lib" -i"C:/ti/ccs1110/ccs/tools/compiler/ti-cgt-arm_20.2.7.LTS/include" --reread_libs --diag_wrap=off --display_error_number --warn_sections --xml_link_info="Sis_Control1_lab7_linkInfo.xml" --rom_model -o "Sis_Control1_lab7.out" "./main.obj" "./timer_spi_master_startup_ccs.obj" "./uartstdio.obj" "C:/ti/TivaWare_C_Series-2.1.4.178/driverlib/ccs/Debug/driverlib.lib" "../tm4c123gh6pm.cmd"  -llibc.a 
<Linking>
Finished building target: "Sis_Control1_lab7.out"
 

**** Build Finished ****

**** Build of configuration Debug for project Sis_Control1_lab7 ****

"C:\\ti\\ccs1110\\ccs\\utils\\bin\\gmake" -k -j 4 all -O 
 
gmake[1]: 'Sis_Control1_lab7.out' is up to date.

**** Build Finished ****

**** Build of configuration Debug for project Sis_Control1_lab7 ****

"C:\\ti\\ccs1110\\ccs\\utils\\bin\\gmake" -k -j 4 all -O 
 
Building file: "../main.c"
Invoking: Arm Compiler
"C:/ti/ccs1110/ccs/tools/compiler/ti-cgt-arm_20.2.7.LTS/bin/armcl" -mv7M4 --code_state=16 --float_support=FPv4SPD16 -me --include_path="C:/Users/isaac/OneDrive/Documentos/CCS2022/Sis_Control1_lab7" --include_path="C:/ti/TivaWare_C_Series-2.1.4.178" --include_path="C:/ti/ccs1110/ccs/tools/compiler/ti-cgt-arm_20.2.7.LTS/include" --define=ccs="ccs" --define=TARGET_IS_TM4C123_RB1 --define=PART_TM4C123GH6PM -g --gcc --diag_warning=225 --diag_wrap=off --display_error_number --abi=eabi --preproc_with_compile --preproc_dependency="main.d_raw"  "../main.c"
Finished building: "../main.c"
 
Building target: "Sis_Control1_lab7.out"
Invoking: Arm Linker
"C:/ti/ccs1110/ccs/tools/compiler/ti-cgt-arm_20.2.7.LTS/bin/armcl" -mv7M4 --code_state=16 --float_support=FPv4SPD16 -me --define=ccs="ccs" --define=TARGET_IS_TM4C123_RB1 --define=PART_TM4C123GH6PM -g --gcc --diag_warning=225 --diag_wrap=off --display_error_number --abi=eabi -z -m"Sis_Control1_lab7.map" --heap_size=0 --stack_size=512 -i"C:/ti/ccs1110/ccs/tools/compiler/ti-cgt-arm_20.2.7.LTS/lib" -i"C:/ti/ccs1110/ccs/tools/compiler/ti-cgt-arm_20.2.7.LTS/include" --reread_libs --diag_wrap=off --display_error_number --warn_sections --xml_link_info="Sis_Control1_lab7_linkInfo.xml" --rom_model -o "Sis_Control1_lab7.out" "./main.obj" "./timer_spi_master_startup_ccs.obj" "./uartstdio.obj" "C:/ti/TivaWare_C_Series-2.1.4.178/driverlib/ccs/Debug/driverlib.lib" "../tm4c123gh6pm.cmd"  -llibc.a 
<Linking>
Finished building target: "Sis_Control1_lab7.out"
 

**** Build Finished ****

**** Build of configuration Debug for project Sis_Control1_lab7 ****

"C:\\ti\\ccs1110\\ccs\\utils\\bin\\gmake" -k -j 4 all -O 
 
Building file: "../main.c"
Invoking: Arm Compiler
"C:/ti/ccs1110/ccs/tools/compiler/ti-cgt-arm_20.2.7.LTS/bin/armcl" -mv7M4 --code_state=16 --float_support=FPv4SPD16 -me --include_path="C:/Users/isaac/OneDrive/Documentos/CCS2022/Sis_Control1_lab7" --include_path="C:/ti/TivaWare_C_Series-2.1.4.178" --include_path="C:/ti/ccs1110/ccs/tools/compiler/ti-cgt-arm_20.2.7.LTS/include" --define=ccs="ccs" --define=TARGET_IS_TM4C123_RB1 --define=PART_TM4C123GH6PM -g --gcc --diag_warning=225 --diag_wrap=off --display_error_number --abi=eabi --preproc_with_compile --preproc_dependency="main.d_raw"  "../main.c"
Finished building: "../main.c"
 
Building target: "Sis_Control1_lab7.out"
Invoking: Arm Linker
"C:/ti/ccs1110/ccs/tools/compiler/ti-cgt-arm_20.2.7.LTS/bin/armcl" -mv7M4 --code_state=16 --float_support=FPv4SPD16 -me --define=ccs="ccs" --define=TARGET_IS_TM4C123_RB1 --define=PART_TM4C123GH6PM -g --gcc --diag_warning=225 --diag_wrap=off --display_error_number --abi=eabi -z -m"Sis_Control1_lab7.map" --heap_size=0 --stack_size=512 -i"C:/ti/ccs1110/ccs/tools/compiler/ti-cgt-arm_20.2.7.LTS/lib" -i"C:/ti/ccs1110/ccs/tools/compiler/ti-cgt-arm_20.2.7.LTS/include" --reread_libs --diag_wrap=off --display_error_number --warn_sections --xml_link_info="Sis_Control1_lab7_linkInfo.xml" --rom_model -o "Sis_Control1_lab7.out" "./main.obj" "./timer_spi_master_startup_ccs.obj" "./uartstdio.obj" "C:/ti/TivaWare_C_Series-2.1.4.178/driverlib/ccs/Debug/driverlib.lib" "../tm4c123gh6pm.cmd"  -llibc.a 
<Linking>
Finished building target: "Sis_Control1_lab7.out"
 

**** Build Finished ****

**** Build of configuration Debug for project Sis_Control1_lab7 ****

"C:\\ti\\ccs1110\\ccs\\utils\\bin\\gmake" -k -j 4 all -O 
 
Building file: "../main.c"
Invoking: Arm Compiler
"C:/ti/ccs1110/ccs/tools/compiler/ti-cgt-arm_20.2.7.LTS/bin/armcl" -mv7M4 --code_state=16 --float_support=FPv4SPD16 -me --include_path="C:/Users/isaac/OneDrive/Documentos/CCS2022/Sis_Control1_lab7" --include_path="C:/ti/TivaWare_C_Series-2.1.4.178" --include_path="C:/ti/ccs1110/ccs/tools/compiler/ti-cgt-arm_20.2.7.LTS/include" --define=ccs="ccs" --define=TARGET_IS_TM4C123_RB1 --define=PART_TM4C123GH6PM -g --gcc --diag_warning=225 --diag_wrap=off --display_error_number --abi=eabi --preproc_with_compile --preproc_dependency="main.d_raw"  "../main.c"
Finished building: "../main.c"
 
Building target: "Sis_Control1_lab7.out"
Invoking: Arm Linker
"C:/ti/ccs1110/ccs/tools/compiler/ti-cgt-arm_20.2.7.LTS/bin/armcl" -mv7M4 --code_state=16 --float_support=FPv4SPD16 -me --define=ccs="ccs" --define=TARGET_IS_TM4C123_RB1 --define=PART_TM4C123GH6PM -g --gcc --diag_warning=225 --diag_wrap=off --display_error_number --abi=eabi -z -m"Sis_Control1_lab7.map" --heap_size=0 --stack_size=512 -i"C:/ti/ccs1110/ccs/tools/compiler/ti-cgt-arm_20.2.7.LTS/lib" -i"C:/ti/ccs1110/ccs/tools/compiler/ti-cgt-arm_20.2.7.LTS/include" --reread_libs --diag_wrap=off --display_error_number --warn_sections --xml_link_info="Sis_Control1_lab7_linkInfo.xml" --rom_model -o "Sis_Control1_lab7.out" "./main.obj" "./timer_spi_master_startup_ccs.obj" "./uartstdio.obj" "C:/ti/TivaWare_C_Series-2.1.4.178/driverlib/ccs/Debug/driverlib.lib" "../tm4c123gh6pm.cmd"  -llibc.a 
<Linking>
Finished building target: "Sis_Control1_lab7.out"
 

**** Build Finished ****

**** Build of configuration Debug for project Sis_Control1_lab7 ****

"C:\\ti\\ccs1110\\ccs\\utils\\bin\\gmake" -k -j 4 all -O 
 
Building file: "../main.c"
Invoking: Arm Compiler
"C:/ti/ccs1110/ccs/tools/compiler/ti-cgt-arm_20.2.7.LTS/bin/armcl" -mv7M4 --code_state=16 --float_support=FPv4SPD16 -me --include_path="C:/Users/isaac/OneDrive/Documentos/CCS2022/Sis_Control1_lab7" --include_path="C:/ti/TivaWare_C_Series-2.1.4.178" --include_path="C:/ti/ccs1110/ccs/tools/compiler/ti-cgt-arm_20.2.7.LTS/include" --define=ccs="ccs" --define=TARGET_IS_TM4C123_RB1 --define=PART_TM4C123GH6PM -g --gcc --diag_warning=225 --diag_wrap=off --display_error_number --abi=eabi --preproc_with_compile --preproc_dependency="main.d_raw"  "../main.c"
Finished building: "../main.c"
 
Building target: "Sis_Control1_lab7.out"
Invoking: Arm Linker
"C:/ti/ccs1110/ccs/tools/compiler/ti-cgt-arm_20.2.7.LTS/bin/armcl" -mv7M4 --code_state=16 --float_support=FPv4SPD16 -me --define=ccs="ccs" --define=TARGET_IS_TM4C123_RB1 --define=PART_TM4C123GH6PM -g --gcc --diag_warning=225 --diag_wrap=off --display_error_number --abi=eabi -z -m"Sis_Control1_lab7.map" --heap_size=0 --stack_size=512 -i"C:/ti/ccs1110/ccs/tools/compiler/ti-cgt-arm_20.2.7.LTS/lib" -i"C:/ti/ccs1110/ccs/tools/compiler/ti-cgt-arm_20.2.7.LTS/include" --reread_libs --diag_wrap=off --display_error_number --warn_sections --xml_link_info="Sis_Control1_lab7_linkInfo.xml" --rom_model -o "Sis_Control1_lab7.out" "./main.obj" "./timer_spi_master_startup_ccs.obj" "./uartstdio.obj" "C:/ti/TivaWare_C_Series-2.1.4.178/driverlib/ccs/Debug/driverlib.lib" "../tm4c123gh6pm.cmd"  -llibc.a 
<Linking>
Finished building target: "Sis_Control1_lab7.out"
 

**** Build Finished ****

**** Build of configuration Debug for project Sis_Control1_lab7 ****

"C:\\ti\\ccs1110\\ccs\\utils\\bin\\gmake" -k -j 4 all -O 
 
Building file: "../main.c"
Invoking: Arm Compiler
"C:/ti/ccs1110/ccs/tools/compiler/ti-cgt-arm_20.2.7.LTS/bin/armcl" -mv7M4 --code_state=16 --float_support=FPv4SPD16 -me --include_path="C:/Users/isaac/OneDrive/Documentos/CCS2022/Sis_Control1_lab7" --include_path="C:/ti/TivaWare_C_Series-2.1.4.178" --include_path="C:/ti/ccs1110/ccs/tools/compiler/ti-cgt-arm_20.2.7.LTS/include" --define=ccs="ccs" --define=TARGET_IS_TM4C123_RB1 --define=PART_TM4C123GH6PM -g --gcc --diag_warning=225 --diag_wrap=off --display_error_number --abi=eabi --preproc_with_compile --preproc_dependency="main.d_raw"  "../main.c"
Finished building: "../main.c"
 
Building target: "Sis_Control1_lab7.out"
Invoking: Arm Linker
"C:/ti/ccs1110/ccs/tools/compiler/ti-cgt-arm_20.2.7.LTS/bin/armcl" -mv7M4 --code_state=16 --float_support=FPv4SPD16 -me --define=ccs="ccs" --define=TARGET_IS_TM4C123_RB1 --define=PART_TM4C123GH6PM -g --gcc --diag_warning=225 --diag_wrap=off --display_error_number --abi=eabi -z -m"Sis_Control1_lab7.map" --heap_size=0 --stack_size=512 -i"C:/ti/ccs1110/ccs/tools/compiler/ti-cgt-arm_20.2.7.LTS/lib" -i"C:/ti/ccs1110/ccs/tools/compiler/ti-cgt-arm_20.2.7.LTS/include" --reread_libs --diag_wrap=off --display_error_number --warn_sections --xml_link_info="Sis_Control1_lab7_linkInfo.xml" --rom_model -o "Sis_Control1_lab7.out" "./main.obj" "./timer_spi_master_startup_ccs.obj" "./uartstdio.obj" "C:/ti/TivaWare_C_Series-2.1.4.178/driverlib/ccs/Debug/driverlib.lib" "../tm4c123gh6pm.cmd"  -llibc.a 
<Linking>
Finished building target: "Sis_Control1_lab7.out"
 

**** Build Finished ****

**** Build of configuration Debug for project Sis_Control1_lab7 ****

"C:\\ti\\ccs1110\\ccs\\utils\\bin\\gmake" -k -j 4 all -O 
 
Building file: "../main.c"
Invoking: Arm Compiler
"C:/ti/ccs1110/ccs/tools/compiler/ti-cgt-arm_20.2.7.LTS/bin/armcl" -mv7M4 --code_state=16 --float_support=FPv4SPD16 -me --include_path="C:/Users/isaac/OneDrive/Documentos/CCS2022/Sis_Control1_lab7" --include_path="C:/ti/TivaWare_C_Series-2.1.4.178" --include_path="C:/ti/ccs1110/ccs/tools/compiler/ti-cgt-arm_20.2.7.LTS/include" --define=ccs="ccs" --define=TARGET_IS_TM4C123_RB1 --define=PART_TM4C123GH6PM -g --gcc --diag_warning=225 --diag_wrap=off --display_error_number --abi=eabi --preproc_with_compile --preproc_dependency="main.d_raw"  "../main.c"
Finished building: "../main.c"
 
Building target: "Sis_Control1_lab7.out"
Invoking: Arm Linker
"C:/ti/ccs1110/ccs/tools/compiler/ti-cgt-arm_20.2.7.LTS/bin/armcl" -mv7M4 --code_state=16 --float_support=FPv4SPD16 -me --define=ccs="ccs" --define=TARGET_IS_TM4C123_RB1 --define=PART_TM4C123GH6PM -g --gcc --diag_warning=225 --diag_wrap=off --display_error_number --abi=eabi -z -m"Sis_Control1_lab7.map" --heap_size=0 --stack_size=512 -i"C:/ti/ccs1110/ccs/tools/compiler/ti-cgt-arm_20.2.7.LTS/lib" -i"C:/ti/ccs1110/ccs/tools/compiler/ti-cgt-arm_20.2.7.LTS/include" --reread_libs --diag_wrap=off --display_error_number --warn_sections --xml_link_info="Sis_Control1_lab7_linkInfo.xml" --rom_model -o "Sis_Control1_lab7.out" "./main.obj" "./timer_spi_master_startup_ccs.obj" "./uartstdio.obj" "C:/ti/TivaWare_C_Series-2.1.4.178/driverlib/ccs/Debug/driverlib.lib" "../tm4c123gh6pm.cmd"  -llibc.a 
<Linking>
Finished building target: "Sis_Control1_lab7.out"
 

**** Build Finished ****

**** Build of configuration Debug for project Sis_Control1_lab7 ****

"C:\\ti\\ccs1110\\ccs\\utils\\bin\\gmake" -k -j 4 all -O 
 
Building file: "../main.c"
Invoking: Arm Compiler
"C:/ti/ccs1110/ccs/tools/compiler/ti-cgt-arm_20.2.7.LTS/bin/armcl" -mv7M4 --code_state=16 --float_support=FPv4SPD16 -me --include_path="C:/Users/isaac/OneDrive/Documentos/CCS2022/Sis_Control1_lab7" --include_path="C:/ti/TivaWare_C_Series-2.1.4.178" --include_path="C:/ti/ccs1110/ccs/tools/compiler/ti-cgt-arm_20.2.7.LTS/include" --define=ccs="ccs" --define=TARGET_IS_TM4C123_RB1 --define=PART_TM4C123GH6PM -g --gcc --diag_warning=225 --diag_wrap=off --display_error_number --abi=eabi --preproc_with_compile --preproc_dependency="main.d_raw"  "../main.c"
Finished building: "../main.c"
 
Building target: "Sis_Control1_lab7.out"
Invoking: Arm Linker
"C:/ti/ccs1110/ccs/tools/compiler/ti-cgt-arm_20.2.7.LTS/bin/armcl" -mv7M4 --code_state=16 --float_support=FPv4SPD16 -me --define=ccs="ccs" --define=TARGET_IS_TM4C123_RB1 --define=PART_TM4C123GH6PM -g --gcc --diag_warning=225 --diag_wrap=off --display_error_number --abi=eabi -z -m"Sis_Control1_lab7.map" --heap_size=0 --stack_size=512 -i"C:/ti/ccs1110/ccs/tools/compiler/ti-cgt-arm_20.2.7.LTS/lib" -i"C:/ti/ccs1110/ccs/tools/compiler/ti-cgt-arm_20.2.7.LTS/include" --reread_libs --diag_wrap=off --display_error_number --warn_sections --xml_link_info="Sis_Control1_lab7_linkInfo.xml" --rom_model -o "Sis_Control1_lab7.out" "./main.obj" "./timer_spi_master_startup_ccs.obj" "./uartstdio.obj" "C:/ti/TivaWare_C_Series-2.1.4.178/driverlib/ccs/Debug/driverlib.lib" "../tm4c123gh6pm.cmd"  -llibc.a 
<Linking>
Finished building target: "Sis_Control1_lab7.out"
 

**** Build Finished ****

**** Build of configuration Debug for project Sis_Control1_lab7 ****

"C:\\ti\\ccs1110\\ccs\\utils\\bin\\gmake" -k -j 4 all -O 
 
Building file: "../main.c"
Invoking: Arm Compiler
"C:/ti/ccs1110/ccs/tools/compiler/ti-cgt-arm_20.2.7.LTS/bin/armcl" -mv7M4 --code_state=16 --float_support=FPv4SPD16 -me --include_path="C:/Users/isaac/OneDrive/Documentos/CCS2022/Sis_Control1_lab7" --include_path="C:/ti/TivaWare_C_Series-2.1.4.178" --include_path="C:/ti/ccs1110/ccs/tools/compiler/ti-cgt-arm_20.2.7.LTS/include" --define=ccs="ccs" --define=TARGET_IS_TM4C123_RB1 --define=PART_TM4C123GH6PM -g --gcc --diag_warning=225 --diag_wrap=off --display_error_number --abi=eabi --preproc_with_compile --preproc_dependency="main.d_raw"  "../main.c"
Finished building: "../main.c"
 
Building target: "Sis_Control1_lab7.out"
Invoking: Arm Linker
"C:/ti/ccs1110/ccs/tools/compiler/ti-cgt-arm_20.2.7.LTS/bin/armcl" -mv7M4 --code_state=16 --float_support=FPv4SPD16 -me --define=ccs="ccs" --define=TARGET_IS_TM4C123_RB1 --define=PART_TM4C123GH6PM -g --gcc --diag_warning=225 --diag_wrap=off --display_error_number --abi=eabi -z -m"Sis_Control1_lab7.map" --heap_size=0 --stack_size=512 -i"C:/ti/ccs1110/ccs/tools/compiler/ti-cgt-arm_20.2.7.LTS/lib" -i"C:/ti/ccs1110/ccs/tools/compiler/ti-cgt-arm_20.2.7.LTS/include" --reread_libs --diag_wrap=off --display_error_number --warn_sections --xml_link_info="Sis_Control1_lab7_linkInfo.xml" --rom_model -o "Sis_Control1_lab7.out" "./main.obj" "./timer_spi_master_startup_ccs.obj" "./uartstdio.obj" "C:/ti/TivaWare_C_Series-2.1.4.178/driverlib/ccs/Debug/driverlib.lib" "../tm4c123gh6pm.cmd"  -llibc.a 
<Linking>
Finished building target: "Sis_Control1_lab7.out"
 

**** Build Finished ****

**** Build of configuration Debug for project Sis_Control1_lab7 ****

"C:\\ti\\ccs1110\\ccs\\utils\\bin\\gmake" -k -j 4 all -O 
 
Building file: "../main.c"
Invoking: Arm Compiler
"C:/ti/ccs1110/ccs/tools/compiler/ti-cgt-arm_20.2.7.LTS/bin/armcl" -mv7M4 --code_state=16 --float_support=FPv4SPD16 -me --include_path="C:/Users/isaac/OneDrive/Documentos/CCS2022/Sis_Control1_lab7" --include_path="C:/ti/TivaWare_C_Series-2.1.4.178" --include_path="C:/ti/ccs1110/ccs/tools/compiler/ti-cgt-arm_20.2.7.LTS/include" --define=ccs="ccs" --define=TARGET_IS_TM4C123_RB1 --define=PART_TM4C123GH6PM -g --gcc --diag_warning=225 --diag_wrap=off --display_error_number --abi=eabi --preproc_with_compile --preproc_dependency="main.d_raw"  "../main.c"
Finished building: "../main.c"
 
Building target: "Sis_Control1_lab7.out"
Invoking: Arm Linker
"C:/ti/ccs1110/ccs/tools/compiler/ti-cgt-arm_20.2.7.LTS/bin/armcl" -mv7M4 --code_state=16 --float_support=FPv4SPD16 -me --define=ccs="ccs" --define=TARGET_IS_TM4C123_RB1 --define=PART_TM4C123GH6PM -g --gcc --diag_warning=225 --diag_wrap=off --display_error_number --abi=eabi -z -m"Sis_Control1_lab7.map" --heap_size=0 --stack_size=512 -i"C:/ti/ccs1110/ccs/tools/compiler/ti-cgt-arm_20.2.7.LTS/lib" -i"C:/ti/ccs1110/ccs/tools/compiler/ti-cgt-arm_20.2.7.LTS/include" --reread_libs --diag_wrap=off --display_error_number --warn_sections --xml_link_info="Sis_Control1_lab7_linkInfo.xml" --rom_model -o "Sis_Control1_lab7.out" "./main.obj" "./timer_spi_master_startup_ccs.obj" "./uartstdio.obj" "C:/ti/TivaWare_C_Series-2.1.4.178/driverlib/ccs/Debug/driverlib.lib" "../tm4c123gh6pm.cmd"  -llibc.a 
<Linking>
Finished building target: "Sis_Control1_lab7.out"
 

**** Build Finished ****

**** Build of configuration Debug for project Sis_Control1_lab7 ****

"C:\\ti\\ccs1110\\ccs\\utils\\bin\\gmake" -k -j 4 all -O 
 
Building file: "../main.c"
Invoking: Arm Compiler
"C:/ti/ccs1110/ccs/tools/compiler/ti-cgt-arm_20.2.7.LTS/bin/armcl" -mv7M4 --code_state=16 --float_support=FPv4SPD16 -me --include_path="C:/Users/isaac/OneDrive/Documentos/CCS2022/Sis_Control1_lab7" --include_path="C:/ti/TivaWare_C_Series-2.1.4.178" --include_path="C:/ti/ccs1110/ccs/tools/compiler/ti-cgt-arm_20.2.7.LTS/include" --define=ccs="ccs" --define=TARGET_IS_TM4C123_RB1 --define=PART_TM4C123GH6PM -g --gcc --diag_warning=225 --diag_wrap=off --display_error_number --abi=eabi --preproc_with_compile --preproc_dependency="main.d_raw"  "../main.c"
 
>> Compilation failure
subdir_rules.mk:9: recipe for target 'main.obj' failed
"../main.c", line 116: error #20: identifier "currentTime" is undefined
"../main.c", line 117: error #20: identifier "previousTime" is undefined
"../main.c", line 119: error #20: identifier "Setpoint" is undefined
"../main.c", line 119: error #20: identifier "Input" is undefined
"../main.c", line 123: error #20: identifier "kp" is undefined
"../main.c", line 123: error #20: identifier "ki" is undefined
"../main.c", line 123: error #20: identifier "kd" is undefined
"../main.c", line 338: error #20: identifier "Setpoint" is undefined
8 errors detected in the compilation of "../main.c".
gmake: *** [main.obj] Error 1
gmake: Target 'all' not remade because of errors.

**** Build Finished ****

**** Build of configuration Debug for project Sis_Control1_lab7 ****

"C:\\ti\\ccs1110\\ccs\\utils\\bin\\gmake" -k -j 4 all -O 
 
Building file: "../main.c"
Invoking: Arm Compiler
"C:/ti/ccs1110/ccs/tools/compiler/ti-cgt-arm_20.2.7.LTS/bin/armcl" -mv7M4 --code_state=16 --float_support=FPv4SPD16 -me --include_path="C:/Users/isaac/OneDrive/Documentos/CCS2022/Sis_Control1_lab7" --include_path="C:/ti/TivaWare_C_Series-2.1.4.178" --include_path="C:/ti/ccs1110/ccs/tools/compiler/ti-cgt-arm_20.2.7.LTS/include" --define=ccs="ccs" --define=TARGET_IS_TM4C123_RB1 --define=PART_TM4C123GH6PM -g --gcc --diag_warning=225 --diag_wrap=off --display_error_number --abi=eabi --preproc_with_compile --preproc_dependency="main.d_raw"  "../main.c"
 
>> Compilation failure
subdir_rules.mk:9: recipe for target 'main.obj' failed
"../main.c", line 119: error #20: identifier "Setpoint" is undefined
"../main.c", line 119: error #20: identifier "Input" is undefined
"../main.c", line 123: error #20: identifier "kp" is undefined
"../main.c", line 123: error #20: identifier "ki" is undefined
"../main.c", line 123: error #20: identifier "kd" is undefined
"../main.c", line 338: error #20: identifier "Setpoint" is undefined
6 errors detected in the compilation of "../main.c".
gmake: *** [main.obj] Error 1
gmake: Target 'all' not remade because of errors.

**** Build Finished ****

**** Build of configuration Debug for project Sis_Control1_lab7 ****

"C:\\ti\\ccs1110\\ccs\\utils\\bin\\gmake" -k -j 4 all -O 
 
Building file: "../main.c"
Invoking: Arm Compiler
"C:/ti/ccs1110/ccs/tools/compiler/ti-cgt-arm_20.2.7.LTS/bin/armcl" -mv7M4 --code_state=16 --float_support=FPv4SPD16 -me --include_path="C:/Users/isaac/OneDrive/Documentos/CCS2022/Sis_Control1_lab7" --include_path="C:/ti/TivaWare_C_Series-2.1.4.178" --include_path="C:/ti/ccs1110/ccs/tools/compiler/ti-cgt-arm_20.2.7.LTS/include" --define=ccs="ccs" --define=TARGET_IS_TM4C123_RB1 --define=PART_TM4C123GH6PM -g --gcc --diag_warning=225 --diag_wrap=off --display_error_number --abi=eabi --preproc_with_compile --preproc_dependency="main.d_raw"  "../main.c"
 
>> Compilation failure
subdir_rules.mk:9: recipe for target 'main.obj' failed
"../main.c", line 124: error #20: identifier "kp" is undefined
"../main.c", line 124: error #20: identifier "ki" is undefined
"../main.c", line 124: error #20: identifier "kd" is undefined
3 errors detected in the compilation of "../main.c".
gmake: *** [main.obj] Error 1
gmake: Target 'all' not remade because of errors.

**** Build Finished ****

**** Build of configuration Debug for project Sis_Control1_lab7 ****

"C:\\ti\\ccs1110\\ccs\\utils\\bin\\gmake" -k -j 4 all -O 
 
Building file: "../main.c"
Invoking: Arm Compiler
"C:/ti/ccs1110/ccs/tools/compiler/ti-cgt-arm_20.2.7.LTS/bin/armcl" -mv7M4 --code_state=16 --float_support=FPv4SPD16 -me --include_path="C:/Users/isaac/OneDrive/Documentos/CCS2022/Sis_Control1_lab7" --include_path="C:/ti/TivaWare_C_Series-2.1.4.178" --include_path="C:/ti/ccs1110/ccs/tools/compiler/ti-cgt-arm_20.2.7.LTS/include" --define=ccs="ccs" --define=TARGET_IS_TM4C123_RB1 --define=PART_TM4C123GH6PM -g --gcc --diag_warning=225 --diag_wrap=off --display_error_number --abi=eabi --preproc_with_compile --preproc_dependency="main.d_raw"  "../main.c"
Finished building: "../main.c"
 
Building target: "Sis_Control1_lab7.out"
Invoking: Arm Linker
"C:/ti/ccs1110/ccs/tools/compiler/ti-cgt-arm_20.2.7.LTS/bin/armcl" -mv7M4 --code_state=16 --float_support=FPv4SPD16 -me --define=ccs="ccs" --define=TARGET_IS_TM4C123_RB1 --define=PART_TM4C123GH6PM -g --gcc --diag_warning=225 --diag_wrap=off --display_error_number --abi=eabi -z -m"Sis_Control1_lab7.map" --heap_size=0 --stack_size=512 -i"C:/ti/ccs1110/ccs/tools/compiler/ti-cgt-arm_20.2.7.LTS/lib" -i"C:/ti/ccs1110/ccs/tools/compiler/ti-cgt-arm_20.2.7.LTS/include" --reread_libs --diag_wrap=off --display_error_number --warn_sections --xml_link_info="Sis_Control1_lab7_linkInfo.xml" --rom_model -o "Sis_Control1_lab7.out" "./main.obj" "./timer_spi_master_startup_ccs.obj" "./uartstdio.obj" "C:/ti/TivaWare_C_Series-2.1.4.178/driverlib/ccs/Debug/driverlib.lib" "../tm4c123gh6pm.cmd"  -llibc.a 
<Linking>
Finished building target: "Sis_Control1_lab7.out"
 

**** Build Finished ****

**** Build of configuration Debug for project Sis_Control1_lab7 ****

"C:\\ti\\ccs1110\\ccs\\utils\\bin\\gmake" -k -j 4 all -O 
 
Building file: "../main.c"
Invoking: Arm Compiler
"C:/ti/ccs1110/ccs/tools/compiler/ti-cgt-arm_20.2.7.LTS/bin/armcl" -mv7M4 --code_state=16 --float_support=FPv4SPD16 -me --include_path="C:/Users/isaac/OneDrive/Documentos/CCS2022/Sis_Control1_lab7" --include_path="C:/ti/TivaWare_C_Series-2.1.4.178" --include_path="C:/ti/ccs1110/ccs/tools/compiler/ti-cgt-arm_20.2.7.LTS/include" --define=ccs="ccs" --define=TARGET_IS_TM4C123_RB1 --define=PART_TM4C123GH6PM -g --gcc --diag_warning=225 --diag_wrap=off --display_error_number --abi=eabi --preproc_with_compile --preproc_dependency="main.d_raw"  "../main.c"
 
>> Compilation failure
subdir_rules.mk:9: recipe for target 'main.obj' failed
"../main.c", line 152: error #20: identifier "eD" is undefined
"../main.c", line 154: error #20: identifier "u_k" is undefined
"../main.c", line 159: warning #225-D: function "computePID" declared implicitly
"../main.c", line 331: error #20: identifier "Setpoint" is undefined
3 errors detected in the compilation of "../main.c".
gmake: *** [main.obj] Error 1
gmake: Target 'all' not remade because of errors.

**** Build Finished ****

**** Build of configuration Debug for project Sis_Control1_lab7 ****

"C:\\ti\\ccs1110\\ccs\\utils\\bin\\gmake" -k -j 4 all -O 
 
Building file: "../main.c"
Invoking: Arm Compiler
"C:/ti/ccs1110/ccs/tools/compiler/ti-cgt-arm_20.2.7.LTS/bin/armcl" -mv7M4 --code_state=16 --float_support=FPv4SPD16 -me --include_path="C:/Users/isaac/OneDrive/Documentos/CCS2022/Sis_Control1_lab7" --include_path="C:/ti/TivaWare_C_Series-2.1.4.178" --include_path="C:/ti/ccs1110/ccs/tools/compiler/ti-cgt-arm_20.2.7.LTS/include" --define=ccs="ccs" --define=TARGET_IS_TM4C123_RB1 --define=PART_TM4C123GH6PM -g --gcc --diag_warning=225 --diag_wrap=off --display_error_number --abi=eabi --preproc_with_compile --preproc_dependency="main.d_raw"  "../main.c"
 
>> Compilation failure
subdir_rules.mk:9: recipe for target 'main.obj' failed
"../main.c", line 154: error #20: identifier "eD" is undefined
"../main.c", line 159: warning #225-D: function "computePID" declared implicitly
1 error detected in the compilation of "../main.c".
gmake: *** [main.obj] Error 1
gmake: Target 'all' not remade because of errors.

**** Build Finished ****

**** Build of configuration Debug for project Sis_Control1_lab7 ****

"C:\\ti\\ccs1110\\ccs\\utils\\bin\\gmake" -k -j 4 all -O 
 
Building file: "../main.c"
Invoking: Arm Compiler
"C:/ti/ccs1110/ccs/tools/compiler/ti-cgt-arm_20.2.7.LTS/bin/armcl" -mv7M4 --code_state=16 --float_support=FPv4SPD16 -me --include_path="C:/Users/isaac/OneDrive/Documentos/CCS2022/Sis_Control1_lab7" --include_path="C:/ti/TivaWare_C_Series-2.1.4.178" --include_path="C:/ti/ccs1110/ccs/tools/compiler/ti-cgt-arm_20.2.7.LTS/include" --define=ccs="ccs" --define=TARGET_IS_TM4C123_RB1 --define=PART_TM4C123GH6PM -g --gcc --diag_warning=225 --diag_wrap=off --display_error_number --abi=eabi --preproc_with_compile --preproc_dependency="main.d_raw"  "../main.c"
"../main.c", line 159: warning #225-D: function "computePID" declared implicitly
Finished building: "../main.c"
 
Building target: "Sis_Control1_lab7.out"
Invoking: Arm Linker
"C:/ti/ccs1110/ccs/tools/compiler/ti-cgt-arm_20.2.7.LTS/bin/armcl" -mv7M4 --code_state=16 --float_support=FPv4SPD16 -me --define=ccs="ccs" --define=TARGET_IS_TM4C123_RB1 --define=PART_TM4C123GH6PM -g --gcc --diag_warning=225 --diag_wrap=off --display_error_number --abi=eabi -z -m"Sis_Control1_lab7.map" --heap_size=0 --stack_size=512 -i"C:/ti/ccs1110/ccs/tools/compiler/ti-cgt-arm_20.2.7.LTS/lib" -i"C:/ti/ccs1110/ccs/tools/compiler/ti-cgt-arm_20.2.7.LTS/include" --reread_libs --diag_wrap=off --display_error_number --warn_sections --xml_link_info="Sis_Control1_lab7_linkInfo.xml" --rom_model -o "Sis_Control1_lab7.out" "./main.obj" "./timer_spi_master_startup_ccs.obj" "./uartstdio.obj" "C:/ti/TivaWare_C_Series-2.1.4.178/driverlib/ccs/Debug/driverlib.lib" "../tm4c123gh6pm.cmd"  -llibc.a 
<Linking>
 
 undefined  first referenced
  symbol        in file     
 ---------  ----------------
 computePID ./main.obj      
 
error #10234-D: unresolved symbols remain
error #10010: errors encountered during linking; "Sis_Control1_lab7.out" not built
 
>> Compilation failure
makefile:144: recipe for target 'Sis_Control1_lab7.out' failed
gmake[1]: *** [Sis_Control1_lab7.out] Error 1
makefile:140: recipe for target 'all' failed
gmake: *** [all] Error 2

**** Build Finished ****

**** Build of configuration Debug for project Sis_Control1_lab7 ****

"C:\\ti\\ccs1110\\ccs\\utils\\bin\\gmake" -k -j 4 all -O 
 
Building file: "../main.c"
Invoking: Arm Compiler
"C:/ti/ccs1110/ccs/tools/compiler/ti-cgt-arm_20.2.7.LTS/bin/armcl" -mv7M4 --code_state=16 --float_support=FPv4SPD16 -me --include_path="C:/Users/isaac/OneDrive/Documentos/CCS2022/Sis_Control1_lab7" --include_path="C:/ti/TivaWare_C_Series-2.1.4.178" --include_path="C:/ti/ccs1110/ccs/tools/compiler/ti-cgt-arm_20.2.7.LTS/include" --define=ccs="ccs" --define=TARGET_IS_TM4C123_RB1 --define=PART_TM4C123GH6PM -g --gcc --diag_warning=225 --diag_wrap=off --display_error_number --abi=eabi --preproc_with_compile --preproc_dependency="main.d_raw"  "../main.c"
 
>> Compilation failure
subdir_rules.mk:9: recipe for target 'main.obj' failed
"../main.c", line 159: error #66: expected a ";"
"../main.c", line 162: error #66: expected a ";"
2 errors detected in the compilation of "../main.c".
gmake: *** [main.obj] Error 1
gmake: Target 'all' not remade because of errors.

**** Build Finished ****

**** Build of configuration Debug for project Sis_Control1_lab7 ****

"C:\\ti\\ccs1110\\ccs\\utils\\bin\\gmake" -k -j 4 all -O 
 
Building file: "../main.c"
Invoking: Arm Compiler
"C:/ti/ccs1110/ccs/tools/compiler/ti-cgt-arm_20.2.7.LTS/bin/armcl" -mv7M4 --code_state=16 --float_support=FPv4SPD16 -me --include_path="C:/Users/isaac/OneDrive/Documentos/CCS2022/Sis_Control1_lab7" --include_path="C:/ti/TivaWare_C_Series-2.1.4.178" --include_path="C:/ti/ccs1110/ccs/tools/compiler/ti-cgt-arm_20.2.7.LTS/include" --define=ccs="ccs" --define=TARGET_IS_TM4C123_RB1 --define=PART_TM4C123GH6PM -g --gcc --diag_warning=225 --diag_wrap=off --display_error_number --abi=eabi --preproc_with_compile --preproc_dependency="main.d_raw"  "../main.c"
Finished building: "../main.c"
 
Building target: "Sis_Control1_lab7.out"
Invoking: Arm Linker
"C:/ti/ccs1110/ccs/tools/compiler/ti-cgt-arm_20.2.7.LTS/bin/armcl" -mv7M4 --code_state=16 --float_support=FPv4SPD16 -me --define=ccs="ccs" --define=TARGET_IS_TM4C123_RB1 --define=PART_TM4C123GH6PM -g --gcc --diag_warning=225 --diag_wrap=off --display_error_number --abi=eabi -z -m"Sis_Control1_lab7.map" --heap_size=0 --stack_size=512 -i"C:/ti/ccs1110/ccs/tools/compiler/ti-cgt-arm_20.2.7.LTS/lib" -i"C:/ti/ccs1110/ccs/tools/compiler/ti-cgt-arm_20.2.7.LTS/include" --reread_libs --diag_wrap=off --display_error_number --warn_sections --xml_link_info="Sis_Control1_lab7_linkInfo.xml" --rom_model -o "Sis_Control1_lab7.out" "./main.obj" "./timer_spi_master_startup_ccs.obj" "./uartstdio.obj" "C:/ti/TivaWare_C_Series-2.1.4.178/driverlib/ccs/Debug/driverlib.lib" "../tm4c123gh6pm.cmd"  -llibc.a 
<Linking>
Finished building target: "Sis_Control1_lab7.out"
 

**** Build Finished ****

**** Build of configuration Debug for project Sis_Control1_lab7 ****

"C:\\ti\\ccs1110\\ccs\\utils\\bin\\gmake" -k -j 4 all -O 
 
Building file: "../main.c"
Invoking: Arm Compiler
"C:/ti/ccs1110/ccs/tools/compiler/ti-cgt-arm_20.2.7.LTS/bin/armcl" -mv7M4 --code_state=16 --float_support=FPv4SPD16 -me --include_path="C:/Users/isaac/OneDrive/Documentos/CCS2022/Sis_Control1_lab7" --include_path="C:/ti/TivaWare_C_Series-2.1.4.178" --include_path="C:/ti/ccs1110/ccs/tools/compiler/ti-cgt-arm_20.2.7.LTS/include" --define=ccs="ccs" --define=TARGET_IS_TM4C123_RB1 --define=PART_TM4C123GH6PM -g --gcc --diag_warning=225 --diag_wrap=off --display_error_number --abi=eabi --preproc_with_compile --preproc_dependency="main.d_raw"  "../main.c"
Finished building: "../main.c"
 
Building target: "Sis_Control1_lab7.out"
Invoking: Arm Linker
"C:/ti/ccs1110/ccs/tools/compiler/ti-cgt-arm_20.2.7.LTS/bin/armcl" -mv7M4 --code_state=16 --float_support=FPv4SPD16 -me --define=ccs="ccs" --define=TARGET_IS_TM4C123_RB1 --define=PART_TM4C123GH6PM -g --gcc --diag_warning=225 --diag_wrap=off --display_error_number --abi=eabi -z -m"Sis_Control1_lab7.map" --heap_size=0 --stack_size=512 -i"C:/ti/ccs1110/ccs/tools/compiler/ti-cgt-arm_20.2.7.LTS/lib" -i"C:/ti/ccs1110/ccs/tools/compiler/ti-cgt-arm_20.2.7.LTS/include" --reread_libs --diag_wrap=off --display_error_number --warn_sections --xml_link_info="Sis_Control1_lab7_linkInfo.xml" --rom_model -o "Sis_Control1_lab7.out" "./main.obj" "./timer_spi_master_startup_ccs.obj" "./uartstdio.obj" "C:/ti/TivaWare_C_Series-2.1.4.178/driverlib/ccs/Debug/driverlib.lib" "../tm4c123gh6pm.cmd"  -llibc.a 
<Linking>
Finished building target: "Sis_Control1_lab7.out"
 

**** Build Finished ****

**** Build of configuration Debug for project Sis_Control1_lab7 ****

"C:\\ti\\ccs1110\\ccs\\utils\\bin\\gmake" -k -j 4 all -O 
 
Building file: "../main.c"
Invoking: Arm Compiler
"C:/ti/ccs1110/ccs/tools/compiler/ti-cgt-arm_20.2.7.LTS/bin/armcl" -mv7M4 --code_state=16 --float_support=FPv4SPD16 -me --include_path="C:/Users/isaac/OneDrive/Documentos/CCS2022/Sis_Control1_lab7" --include_path="C:/ti/TivaWare_C_Series-2.1.4.178" --include_path="C:/ti/ccs1110/ccs/tools/compiler/ti-cgt-arm_20.2.7.LTS/include" --define=ccs="ccs" --define=TARGET_IS_TM4C123_RB1 --define=PART_TM4C123GH6PM -g --gcc --diag_warning=225 --diag_wrap=off --display_error_number --abi=eabi --preproc_with_compile --preproc_dependency="main.d_raw"  "../main.c"
Finished building: "../main.c"
 
Building target: "Sis_Control1_lab7.out"
Invoking: Arm Linker
"C:/ti/ccs1110/ccs/tools/compiler/ti-cgt-arm_20.2.7.LTS/bin/armcl" -mv7M4 --code_state=16 --float_support=FPv4SPD16 -me --define=ccs="ccs" --define=TARGET_IS_TM4C123_RB1 --define=PART_TM4C123GH6PM -g --gcc --diag_warning=225 --diag_wrap=off --display_error_number --abi=eabi -z -m"Sis_Control1_lab7.map" --heap_size=0 --stack_size=512 -i"C:/ti/ccs1110/ccs/tools/compiler/ti-cgt-arm_20.2.7.LTS/lib" -i"C:/ti/ccs1110/ccs/tools/compiler/ti-cgt-arm_20.2.7.LTS/include" --reread_libs --diag_wrap=off --display_error_number --warn_sections --xml_link_info="Sis_Control1_lab7_linkInfo.xml" --rom_model -o "Sis_Control1_lab7.out" "./main.obj" "./timer_spi_master_startup_ccs.obj" "./uartstdio.obj" "C:/ti/TivaWare_C_Series-2.1.4.178/driverlib/ccs/Debug/driverlib.lib" "../tm4c123gh6pm.cmd"  -llibc.a 
<Linking>
Finished building target: "Sis_Control1_lab7.out"
 

**** Build Finished ****

**** Build of configuration Debug for project Sis_Control1_lab7 ****

"C:\\ti\\ccs1110\\ccs\\utils\\bin\\gmake" -k -j 4 all -O 
 
Building file: "../main.c"
Invoking: Arm Compiler
"C:/ti/ccs1110/ccs/tools/compiler/ti-cgt-arm_20.2.7.LTS/bin/armcl" -mv7M4 --code_state=16 --float_support=FPv4SPD16 -me --include_path="C:/Users/isaac/OneDrive/Documentos/CCS2022/Sis_Control1_lab7" --include_path="C:/ti/TivaWare_C_Series-2.1.4.178" --include_path="C:/ti/ccs1110/ccs/tools/compiler/ti-cgt-arm_20.2.7.LTS/include" --define=ccs="ccs" --define=TARGET_IS_TM4C123_RB1 --define=PART_TM4C123GH6PM -g --gcc --diag_warning=225 --diag_wrap=off --display_error_number --abi=eabi --preproc_with_compile --preproc_dependency="main.d_raw"  "../main.c"
Finished building: "../main.c"
 
Building target: "Sis_Control1_lab7.out"
Invoking: Arm Linker
"C:/ti/ccs1110/ccs/tools/compiler/ti-cgt-arm_20.2.7.LTS/bin/armcl" -mv7M4 --code_state=16 --float_support=FPv4SPD16 -me --define=ccs="ccs" --define=TARGET_IS_TM4C123_RB1 --define=PART_TM4C123GH6PM -g --gcc --diag_warning=225 --diag_wrap=off --display_error_number --abi=eabi -z -m"Sis_Control1_lab7.map" --heap_size=0 --stack_size=512 -i"C:/ti/ccs1110/ccs/tools/compiler/ti-cgt-arm_20.2.7.LTS/lib" -i"C:/ti/ccs1110/ccs/tools/compiler/ti-cgt-arm_20.2.7.LTS/include" --reread_libs --diag_wrap=off --display_error_number --warn_sections --xml_link_info="Sis_Control1_lab7_linkInfo.xml" --rom_model -o "Sis_Control1_lab7.out" "./main.obj" "./timer_spi_master_startup_ccs.obj" "./uartstdio.obj" "C:/ti/TivaWare_C_Series-2.1.4.178/driverlib/ccs/Debug/driverlib.lib" "../tm4c123gh6pm.cmd"  -llibc.a 
<Linking>
Finished building target: "Sis_Control1_lab7.out"
 

**** Build Finished ****

**** Build of configuration Debug for project Sis_Control1_lab7 ****

"C:\\ti\\ccs1110\\ccs\\utils\\bin\\gmake" -k -j 4 all -O 
 
gmake[1]: 'Sis_Control1_lab7.out' is up to date.

**** Build Finished ****

**** Build of configuration Debug for project Sis_Control1_lab7 ****

"C:\\ti\\ccs1110\\ccs\\utils\\bin\\gmake" -k -j 4 all -O 
 
Building file: "../main.c"
Invoking: Arm Compiler
"C:/ti/ccs1110/ccs/tools/compiler/ti-cgt-arm_20.2.7.LTS/bin/armcl" -mv7M4 --code_state=16 --float_support=FPv4SPD16 -me --include_path="C:/Users/isaac/OneDrive/Documentos/CCS2022/Sis_Control1_lab7" --include_path="C:/ti/TivaWare_C_Series-2.1.4.178" --include_path="C:/ti/ccs1110/ccs/tools/compiler/ti-cgt-arm_20.2.7.LTS/include" --define=ccs="ccs" --define=TARGET_IS_TM4C123_RB1 --define=PART_TM4C123GH6PM -g --gcc --diag_warning=225 --diag_wrap=off --display_error_number --abi=eabi --preproc_with_compile --preproc_dependency="main.d_raw"  "../main.c"
Finished building: "../main.c"
 
Building target: "Sis_Control1_lab7.out"
Invoking: Arm Linker
"C:/ti/ccs1110/ccs/tools/compiler/ti-cgt-arm_20.2.7.LTS/bin/armcl" -mv7M4 --code_state=16 --float_support=FPv4SPD16 -me --define=ccs="ccs" --define=TARGET_IS_TM4C123_RB1 --define=PART_TM4C123GH6PM -g --gcc --diag_warning=225 --diag_wrap=off --display_error_number --abi=eabi -z -m"Sis_Control1_lab7.map" --heap_size=0 --stack_size=512 -i"C:/ti/ccs1110/ccs/tools/compiler/ti-cgt-arm_20.2.7.LTS/lib" -i"C:/ti/ccs1110/ccs/tools/compiler/ti-cgt-arm_20.2.7.LTS/include" --reread_libs --diag_wrap=off --display_error_number --warn_sections --xml_link_info="Sis_Control1_lab7_linkInfo.xml" --rom_model -o "Sis_Control1_lab7.out" "./main.obj" "./timer_spi_master_startup_ccs.obj" "./uartstdio.obj" "C:/ti/TivaWare_C_Series-2.1.4.178/driverlib/ccs/Debug/driverlib.lib" "../tm4c123gh6pm.cmd"  -llibc.a 
<Linking>
Finished building target: "Sis_Control1_lab7.out"
 

**** Build Finished ****

**** Build of configuration Debug for project Sis_Control1_lab7 ****

"C:\\ti\\ccs1110\\ccs\\utils\\bin\\gmake" -k -j 4 all -O 
 
Building file: "../main.c"
Invoking: Arm Compiler
"C:/ti/ccs1110/ccs/tools/compiler/ti-cgt-arm_20.2.7.LTS/bin/armcl" -mv7M4 --code_state=16 --float_support=FPv4SPD16 -me --include_path="C:/Users/isaac/OneDrive/Documentos/CCS2022/Sis_Control1_lab7" --include_path="C:/ti/TivaWare_C_Series-2.1.4.178" --include_path="C:/ti/ccs1110/ccs/tools/compiler/ti-cgt-arm_20.2.7.LTS/include" --define=ccs="ccs" --define=TARGET_IS_TM4C123_RB1 --define=PART_TM4C123GH6PM -g --gcc --diag_warning=225 --diag_wrap=off --display_error_number --abi=eabi --preproc_with_compile --preproc_dependency="main.d_raw"  "../main.c"
Finished building: "../main.c"
 
Building target: "Sis_Control1_lab7.out"
Invoking: Arm Linker
"C:/ti/ccs1110/ccs/tools/compiler/ti-cgt-arm_20.2.7.LTS/bin/armcl" -mv7M4 --code_state=16 --float_support=FPv4SPD16 -me --define=ccs="ccs" --define=TARGET_IS_TM4C123_RB1 --define=PART_TM4C123GH6PM -g --gcc --diag_warning=225 --diag_wrap=off --display_error_number --abi=eabi -z -m"Sis_Control1_lab7.map" --heap_size=0 --stack_size=512 -i"C:/ti/ccs1110/ccs/tools/compiler/ti-cgt-arm_20.2.7.LTS/lib" -i"C:/ti/ccs1110/ccs/tools/compiler/ti-cgt-arm_20.2.7.LTS/include" --reread_libs --diag_wrap=off --display_error_number --warn_sections --xml_link_info="Sis_Control1_lab7_linkInfo.xml" --rom_model -o "Sis_Control1_lab7.out" "./main.obj" "./timer_spi_master_startup_ccs.obj" "./uartstdio.obj" "C:/ti/TivaWare_C_Series-2.1.4.178/driverlib/ccs/Debug/driverlib.lib" "../tm4c123gh6pm.cmd"  -llibc.a 
<Linking>
Finished building target: "Sis_Control1_lab7.out"
 

**** Build Finished ****

**** Build of configuration Debug for project Sis_Control1_lab7 ****

"C:\\ti\\ccs1110\\ccs\\utils\\bin\\gmake" -k -j 4 all -O 
 
gmake[1]: 'Sis_Control1_lab7.out' is up to date.

**** Build Finished ****
